Log file open, 11/04/17 14:56:34
LogInit:Display: Running engine for game: MyProject2
LogPlatformFile: Not using cached read wrapper
LogInit:Display: RandInit(-177477751) SRandInit(-177477751).
LogTaskGraph: Started task graph with 5 named threads and 8 total threads with 1 sets of task threads.
LogStats: Stats thread started at 0.094274
LogInit: Using libcurl 7.47.1
LogInit:  - built for x86_64-pc-win32
LogInit:  - supports SSL with OpenSSL/1.0.2g
LogInit:  - supports HTTP deflate (compression) using libz 1.2.8
LogInit:  - other features:
LogInit:      CURL_VERSION_SSL
LogInit:      CURL_VERSION_LIBZ
LogInit:      CURL_VERSION_IPV6
LogInit:      CURL_VERSION_ASYNCHDNS
LogInit:      CURL_VERSION_LARGEFILE
LogInit:      CURL_VERSION_IDN
LogInit:  CurlRequestOptions (configurable via config and command line):
LogInit:  - bVerifyPeer = false  - Libcurl will NOT verify peer certificate
LogInit:  - bUseHttpProxy = false  - Libcurl will NOT use HTTP proxy
LogInit:  - bDontReuseConnections = false  - Libcurl will reuse connections
LogInit:  - CertBundlePath = nullptr  - Libcurl will use whatever was configured at build time.
LogInit: Build: ++UE4+Release-4.16-CL-3466753
LogInit: Engine Version: 4.16.1-3466753+++UE4+Release-4.16
LogInit: Compatible Engine Version: 4.16.0-3452394+++UE4+Release-4.16
LogInit: Net CL: 3452394
LogDevObjectVersion: Number of dev versions registered: 16
LogDevObjectVersion:   Dev-Blueprints (B0D832E4-1F89-4F0D-ACCF-7EB736FD4AA2): 9
LogDevObjectVersion:   Dev-Build (E1C64328-A22C-4D53-A36C-8E866417BD8C): 0
LogDevObjectVersion:   Dev-Core (375EC13C-06E4-48FB-B500-84F0262A717E): 2
LogDevObjectVersion:   Dev-Editor (E4B068ED-F494-42E9-A231-DA0B2E46BB41): 17
LogDevObjectVersion:   Dev-Framework (CFFC743F-43B0-4480-9391-14DF171D2073): 23
LogDevObjectVersion:   Dev-Mobile (B02B49B5-BB20-44E9-A304-32B752E40360): 0
LogDevObjectVersion:   Dev-Networking (A4E4105C-59A1-49B5-A7C5-40C4547EDFEE): 0
LogDevObjectVersion:   Dev-Online (39C831C9-5AE6-47DC-9A44-9C173E1C8E7C): 0
LogDevObjectVersion:   Dev-Physics (78F01B33-EBEA-4F98-B9B4-84EACCB95AA2): 0
LogDevObjectVersion:   Dev-Platform (6631380F-2D4D-43E0-8009-CF276956A95A): 0
LogDevObjectVersion:   Dev-Rendering (12F88B9F-8875-4AFC-A67C-D90C383ABD29): 15
LogDevObjectVersion:   Dev-Sequencer (7B5AE74C-D270-4C10-A958-57980B212A5A): 4
LogDevObjectVersion:   Dev-VR (D7296918-1DD6-4BDD-9DE2-64A83CC13884): 0
LogDevObjectVersion:   Dev-LoadTimes (C2A15278-BFE7-4AFE-6C17-90FF531DF755): 1
LogDevObjectVersion:   Private-Geometry (6EACA3D4-40EC-4CC1-B786-8BED09428FC5): 1
LogDevObjectVersion:   Dev-AnimPhys (29E575DD-E0A3-4627-9D10-D276232CDCEA): 3
LogInit: Compiled (64-bit): May 31 2017 02:03:30
LogInit: Compiled with Visual C++: 19.00.24215.01
LogInit: Build Configuration: Development
LogInit: Branch Name: ++UE4+Release-4.16
LogInit: Command line: -EpicPortal 
LogInit: Base directory: C:/Program Files (x86)/Epic Games/UE_4.16/Engine/Binaries/Win64/
LogInit: Installed Engine Build: 1
LogInit: Presizing for max 8388607 objects, including 0 objects not considered by GC, pre-allocating 0 bytes for permanent pool.
LogInit: Object subsystem initialized
[2017.11.04-14.56.35:028][  0]LogInit: Selected Device Profile: [Windows]
[2017.11.04-14.56.35:028][  0]LogInit: Applying CVar settings loaded from the selected device profile: [Windows]
[2017.11.04-14.56.35:036][  0]LogInit: Computer: LAPTOP-R2G7UD2V
[2017.11.04-14.56.35:036][  0]LogInit: User: samue
[2017.11.04-14.56.35:036][  0]LogInit: CPU Page size=4096, Cores=4
[2017.11.04-14.56.35:036][  0]LogInit: High frequency timer resolution =2.531249 MHz
[2017.11.04-14.56.35:036][  0]LogMemory: Memory total: Physical=15.8GB (16GB approx)
[2017.11.04-14.56.35:036][  0]LogMemory: Platform Memory Stats for Windows
[2017.11.04-14.56.35:036][  0]LogMemory: Process Physical Memory: 272.80 MB used, 272.80 MB peak
[2017.11.04-14.56.35:036][  0]LogMemory: Process Virtual Memory: 262.82 MB used, 262.82 MB peak
[2017.11.04-14.56.35:036][  0]LogMemory: Physical Memory: 7797.44 MB used,  8414.34 MB free, 16211.78 MB total
[2017.11.04-14.56.35:036][  0]LogMemory: Virtual Memory: 645.02 MB used,  8414.34 MB free, 134217728.00 MB total
[2017.11.04-14.56.35:118][  0]LogInit: Using OS detected language (en-US).
[2017.11.04-14.56.35:118][  0]LogInit: Using OS detected locale (en-US).
[2017.11.04-14.56.35:121][  0]LogTextLocalizationManager: No specific localization for 'en-US' exists, so the 'en' localization will be used.
[2017.11.04-14.56.36:115][  0]LogD3D11RHI: D3D11 adapters:
[2017.11.04-14.56.36:160][  0]LogD3D11RHI:    0. 'NVIDIA GeForce GTX 960M' (Feature Level 11_0)
[2017.11.04-14.56.36:160][  0]LogD3D11RHI:       4065/0/8105 MB DedicatedVideo/DedicatedSystem/SharedSystem, Outputs:2, VendorId:0x10de
[2017.11.04-14.56.36:167][  0]LogD3D11RHI:    1. 'Intel(R) HD Graphics 530' (Feature Level 11_0)
[2017.11.04-14.56.36:167][  0]LogD3D11RHI:       128/0/8105 MB DedicatedVideo/DedicatedSystem/SharedSystem, Outputs:0, VendorId:0x8086
[2017.11.04-14.56.36:168][  0]LogD3D11RHI:    2. 'Microsoft Basic Render Driver' (Feature Level 11_0)
[2017.11.04-14.56.36:168][  0]LogD3D11RHI:       0/0/8105 MB DedicatedVideo/DedicatedSystem/SharedSystem, Outputs:0, VendorId:0x1414
[2017.11.04-14.56.36:168][  0]LogD3D11RHI: Chosen D3D11 Adapter: 0
[2017.11.04-14.56.36:174][  0]LogD3D11RHI: Creating new Direct3DDevice
[2017.11.04-14.56.36:174][  0]LogD3D11RHI:     GPU DeviceId: 0x139b (for the marketing name, search the web for "GPU Device Id")
[2017.11.04-14.56.36:174][  0]LogWindows: EnumDisplayDevices:
[2017.11.04-14.56.36:175][  0]LogWindows:    0. 'Intel(R) HD Graphics 530' (P:0 D:1)
[2017.11.04-14.56.36:175][  0]LogWindows:    1. 'Intel(R) HD Graphics 530' (P:1 D:1)
[2017.11.04-14.56.36:175][  0]LogWindows:    2. 'Intel(R) HD Graphics 530' (P:0 D:0)
[2017.11.04-14.56.36:175][  0]LogWindows: DebugString: PrimaryIsNotTheChoosenAdapter PrimaryIsNotTheChoosenAdapter PrimaryIsNotTheChoosenAdapter FoundDriverCount:0 
[2017.11.04-14.56.36:175][  0]LogD3D11RHI:     Adapter Name: NVIDIA GeForce GTX 960M
[2017.11.04-14.56.36:175][  0]LogD3D11RHI:   Driver Version: Unknown (internal:Unknown, unified:Unknown)
[2017.11.04-14.56.36:175][  0]LogD3D11RHI:      Driver Date: Unknown
[2017.11.04-14.56.36:175][  0]LogRHI: Texture pool is 1361 MB (70% of 1945 MB)
[2017.11.04-14.56.36:205][  0]LogD3D11RHI: Async texture creation enabled
[2017.11.04-14.56.36:217][  0]LogD3D11RHI: GPU Timing Frequency: 1000.000000 (Debug: 2 1)
[2017.11.04-14.56.36:218][  0]LogShaderCompilers: Guid format shader working directory is -48 characters bigger than the processId version (E:/Samuel/Goldsmiths/Intro to modeling and animation/Modeling project/Unreal scene/MyProject2/Intermediate/Shaders/WorkingDirectory/10024/).
[2017.11.04-14.56.36:218][  0]LogShaderCompilers: Cleaned the shader compiler working directory 'C:/Users/samue/AppData/Local/Temp/UnrealShaderWorkingDir/DF8B1708454B2624E0FB6BBC450577D6/'.
[2017.11.04-14.56.36:218][  0]LogShaderCompilers:Display: Using Local Shader Compiler.
[2017.11.04-14.56.37:262][  0]LogTemp:Display: Loaded TP AllDesktopTargetPlatform
[2017.11.04-14.56.37:316][  0]LogTemp:Display: Loaded TP MacClientTargetPlatform
[2017.11.04-14.56.37:373][  0]LogTemp:Display: Loaded TP MacNoEditorTargetPlatform
[2017.11.04-14.56.37:429][  0]LogTemp:Display: Loaded TP MacServerTargetPlatform
[2017.11.04-14.56.37:486][  0]LogTemp:Display: Loaded TP MacTargetPlatform
[2017.11.04-14.56.37:541][  0]LogTemp:Display: Loaded TP WindowsClientTargetPlatform
[2017.11.04-14.56.37:598][  0]LogTemp:Display: Loaded TP WindowsNoEditorTargetPlatform
[2017.11.04-14.56.37:652][  0]LogTemp:Display: Loaded TP WindowsServerTargetPlatform
[2017.11.04-14.56.37:703][  0]LogTemp:Display: Loaded TP WindowsTargetPlatform
[2017.11.04-14.56.37:758][  0]LogTemp:Display: Loaded TP AndroidTargetPlatform
[2017.11.04-14.56.37:812][  0]LogTemp:Display: Loaded TP Android_ASTCTargetPlatform
[2017.11.04-14.56.37:867][  0]LogTemp:Display: Loaded TP Android_ATCTargetPlatform
[2017.11.04-14.56.37:922][  0]LogTemp:Display: Loaded TP Android_DXTTargetPlatform
[2017.11.04-14.56.37:977][  0]LogTemp:Display: Loaded TP Android_ETC1TargetPlatform
[2017.11.04-14.56.38:033][  0]LogTemp:Display: Loaded TP Android_ETC2TargetPlatform
[2017.11.04-14.56.38:143][  0]LogTemp:Display: Loaded TP Android_MultiTargetPlatform
[2017.11.04-14.56.38:144][  0]LogTemp:Display: Loaded TP Android_PVRTCTargetPlatform
[2017.11.04-14.56.38:189][  0]LogTemp:Display: Loaded TP HTML5TargetPlatform
[2017.11.04-14.56.38:291][  0]LogTemp:Display: Loaded TP IOSTargetPlatform
[2017.11.04-14.56.38:324][  0]LogTemp:Display: Loaded TP TVOSTargetPlatform
[2017.11.04-14.56.38:378][  0]LogTemp:Display: Loaded TP LinuxClientTargetPlatform
[2017.11.04-14.56.38:432][  0]LogTemp:Display: Loaded TP LinuxNoEditorTargetPlatform
[2017.11.04-14.56.38:487][  0]LogTemp:Display: Loaded TP LinuxServerTargetPlatform
[2017.11.04-14.56.38:541][  0]LogTemp:Display: Loaded TP LinuxTargetPlatform
[2017.11.04-14.56.38:541][  0]LogTargetPlatformManager:Display: Building Assets For Windows
[2017.11.04-14.56.39:089][  0]LogDerivedDataCache:Display: Max Cache Size: 512 MB
[2017.11.04-14.56.39:186][  0]LogDerivedDataCache: Loaded boot cache 0.10s 90MB C:/Users/samue/AppData/Local/UnrealEngine/4.16/DerivedDataCache/Boot.ddc.
[2017.11.04-14.56.39:186][  0]LogDerivedDataCache:Display: Loaded Boot cache: C:/Users/samue/AppData/Local/UnrealEngine/4.16/DerivedDataCache/Boot.ddc
[2017.11.04-14.56.39:186][  0]LogDerivedDataCache: FDerivedDataBackendGraph:  Pak pak cache file E:/Samuel/Goldsmiths/Intro to modeling and animation/Modeling project/Unreal scene/MyProject2/DerivedDataCache/DDC.ddp not found, will not use a pak cache.
[2017.11.04-14.56.39:186][  0]LogDerivedDataCache: Unable to find inner node Pak for hierarchical cache Hierarchy.
[2017.11.04-14.56.39:186][  0]LogDerivedDataCache: FDerivedDataBackendGraph:  CompressedPak pak cache file E:/Samuel/Goldsmiths/Intro to modeling and animation/Modeling project/Unreal scene/MyProject2/DerivedDataCache/Compressed.ddp not found, will not use a pak cache.
[2017.11.04-14.56.39:186][  0]LogDerivedDataCache: Unable to find inner node CompressedPak for hierarchical cache Hierarchy.
[2017.11.04-14.56.39:203][  0]LogDerivedDataCache:Display: Pak cache opened for reading ../../../Engine/DerivedDataCache/Compressed.ddp.
[2017.11.04-14.56.39:216][  0]LogDerivedDataCache: Using Local data cache path C:/Users/samue/AppData/Local/UnrealEngine/Common/DerivedDataCache: Writable
[2017.11.04-14.56.39:225][  0]LogMaterial: Verifying Global Shaders for PCD3D_SM5
[2017.11.04-14.56.39:225][  0]LogSlate: Using Freetype 2.6.0
[2017.11.04-14.56.39:226][  0]LogSlate: SlateFontCache - WITH_FREETYPE: 1, WITH_HARFBUZZ: 1
[2017.11.04-14.56.39:226][  0]LogSlate: SlateFontCache - WITH_FREETYPE: 1, WITH_HARFBUZZ: 1
[2017.11.04-14.56.39:545][  0]LogInit: Selected Device Profile: [Windows]
[2017.11.04-14.56.39:620][  0]LogContentStreaming: Texture pool size is 0.00 MB
[2017.11.04-14.56.39:795][  0]LogMeshUtilities: Using QuadricMeshReduction for automatic static mesh reduction
[2017.11.04-14.56.39:846][  0]LogSimplygon: Simplygon DLL not present - disabling.
[2017.11.04-14.56.39:900][  0]LogMeshUtilities: Using SimplygonSwarm for distributed automatic mesh merging
[2017.11.04-14.56.39:900][  0]LogMeshUtilities: No automatic skeletal mesh reduction module available
[2017.11.04-14.56.39:900][  0]LogMeshUtilities: No automatic mesh merging module available
[2017.11.04-14.56.40:500][  0]LogNetVersion: MyProject2 , NetCL: 3452394, EngineNetVer: 2, GameNetVer: 0 (Checksum: 4119263391)
[2017.11.04-14.56.40:565][  0]LogAssetRegistry: FAssetRegistry took 0.0262 seconds to start up
[2017.11.04-14.56.40:634][  0]LogPackageLocalizationCache: Processed 4 localized package path(s) for 2 prioritized culture(s) in 0.037954 seconds
[2017.11.04-14.56.40:640][  0]LogUObjectArray: 34194 objects as part of root set at end of initial load.
[2017.11.04-14.56.40:640][  0]LogUObjectAllocator: 7260416 out of 0 bytes used by permanent object pool.
[2017.11.04-14.56.40:640][  0]LogUObjectArray: CloseDisregardForGC: 0/0 objects in disregard for GC pool
[2017.11.04-14.56.40:720][  0]LogInit: WinSock: version 1.1 (2.2), MaxSocks=32767, MaxUdp=65467
[2017.11.04-14.56.43:539][  0]LogTcpMessaging: Initializing TcpMessaging bridge
[2017.11.04-14.56.43:589][  0]LogUdpMessaging: Initializing bridge on interface 0.0.0.0:0 to multicast group 230.0.0.1:6666.
[2017.11.04-14.56.44:162][  0]LogMaterial: Uniform references updated for custom material expression Custom.
[2017.11.04-14.56.44:593][  0]SourceControl: Info Source control is disabled
[2017.11.04-14.56.44:631][  0]SourceControl: Info Source control is disabled
[2017.11.04-14.56.44:683][  0]SourceControl: Info Source control is disabled
[2017.11.04-14.56.44:739][  0]SourceControl: Info Source control is disabled
[2017.11.04-14.56.45:492][  0]LogAndroidPermission: UAndroidPermissionCallbackProxy::GetInstance
[2017.11.04-14.56.46:140][  0]LogEngine: Initializing Engine...
[2017.11.04-14.56.46:141][  0]LogHMD: Failed to initialize OpenVR with code 110
[2017.11.04-14.56.46:391][  0]LogStats: UGameplayTagsManager::ConstructGameplayTagTree: Construct from data asset -  0.000 s
[2017.11.04-14.56.46:391][  0]LogStats: UGameplayTagsManager::ConstructGameplayTagTree: GameplayTagTreeChangedEvent.Broadcast -  0.000 s
[2017.11.04-14.56.46:535][  0]LogAIModule: Creating AISystem for world Untitled
[2017.11.04-14.56.46:546][  0]LogInit: XAudio2 using 'Speakers (Realtek High Definition Audio)' : 2 channels at 48 kHz using 32 bits per sample (channel mask 0x3)
[2017.11.04-14.56.46:560][  0]LogInit: FAudioDevice initialized.
[2017.11.04-14.56.46:602][  0]LogDerivedDataCache: Saved boot cache 0.04s 90MB C:/Users/samue/AppData/Local/UnrealEngine/4.16/DerivedDataCache/Boot.ddc.
[2017.11.04-14.56.46:616][  0]LogInit: Texture streaming: Enabled
[2017.11.04-14.56.46:723][  0]LogEngineSessionManager: EngineSessionManager initialized
[2017.11.04-14.56.46:969][  0]LogInit: Transaction tracking system initialized
[2017.11.04-14.56.47:331][  0]BlueprintLog: New page: Editor Load
[2017.11.04-14.56.48:442][  0]LocalizationService: Info Localization service is disabled
[2017.11.04-14.56.49:219][  0]LogConsoleResponse:Display: 
[2017.11.04-14.56.49:376][  0]LogFileCache: Scanning file cache for directory 'E:/Samuel/Goldsmiths/Intro to modeling and animation/Modeling project/Unreal scene/MyProject2/Content/' took 0.01s
[2017.11.04-14.56.49:376][  0]LogCook:Display: Max memory allowance for cook 16384mb min free memory 0mb
[2017.11.04-14.56.49:376][  0]LogCook:Display: Mobile HDR setting 1
[2017.11.04-14.56.50:551][  0]SourceControl: Info Source control is disabled
[2017.11.04-14.56.50:551][  0]Cmd: MAP LOAD FILE="../../../Engine/Content/Maps/Templates/Template_Default.umap" TEMPLATE=1 SHOWPROGRESS=1 FEATURELEVEL=3
[2017.11.04-14.56.50:551][  0]LightingResults: New page: Lighting Build
[2017.11.04-14.56.50:600][  0]MapCheck: New page: Map Check
[2017.11.04-14.56.50:601][  0]LightingResults: New page: Lighting Build
[2017.11.04-14.56.50:810][  0]LogAIModule: Creating AISystem for world Untitled_1
[2017.11.04-14.56.50:812][  0]LogActorComponent: RegisterComponentWithWorld: (/Temp/Untitled_1.Untitled_1:PersistentLevel.WorldSettings_1.StaticMeshComponent0) Trying to register component with IsPendingKill() == true. Aborting.
[2017.11.04-14.56.50:817][  0]LogEditorServer: Finished looking for orphan Actors (0.000 secs)
[2017.11.04-14.56.50:832][  0]Cmd: MAP CHECKDEP NOCLEARLOG
[2017.11.04-14.56.50:876][  0]MapCheck: Info Map check complete: 0 Error(s), 0 Warning(s), took 43.745ms to complete.
[2017.11.04-14.56.50:876][  0]LogFileHelpers: Loading map 'Template_Default' took 0.325
[2017.11.04-14.56.50:952][  0]LogWindowsTextInputMethodSystem:Display: IME system now deactivated.
[2017.11.04-14.56.51:067][  0]LogCollectionManager: Loaded 0 collections in 0.001436 seconds
[2017.11.04-14.56.51:174][  0]LogFileCache: Scanning file cache for directory 'E:/Samuel/Goldsmiths/Intro to modeling and animation/Modeling project/Unreal scene/MyProject2/Saved/Collections/' took 0.01s
[2017.11.04-14.56.51:174][  0]LogFileCache: Scanning file cache for directory 'E:/Samuel/Goldsmiths/Intro to modeling and animation/Modeling project/Unreal scene/MyProject2/Content/Developers/samue/Collections/' took 0.01s
[2017.11.04-14.56.51:174][  0]LogFileCache: Scanning file cache for directory 'E:/Samuel/Goldsmiths/Intro to modeling and animation/Modeling project/Unreal scene/MyProject2/Content/Collections/' took 0.01s
[2017.11.04-14.56.51:174][  0]LogCollectionManager: Rebuilt the GUID cache for 0 collections in 0.000002 seconds
[2017.11.04-14.56.51:186][  0]LogContentBrowser: Native class hierarchy populated in 0.0110 seconds. Added 2329 classes and 491 folders.
[2017.11.04-14.56.51:264][  0]LogContentBrowser: Native class hierarchy updated for 'WidgetCarousel' in 0.0005 seconds. Added 0 classes and 0 folders.
[2017.11.04-14.56.51:453][  0]LogContentBrowser: Native class hierarchy updated for 'AddContentDialog' in 0.0005 seconds. Added 0 classes and 0 folders.
[2017.11.04-14.56.51:513][  0]LogContentBrowser: Native class hierarchy updated for 'SceneOutliner' in 0.0005 seconds. Added 1 classes and 2 folders.
[2017.11.04-14.56.51:588][  0]LogCrashTracker: Crashtracker disabled due to settings.
[2017.11.04-14.56.51:597][  0]LogSlate: Took 0.000256 seconds to synchronously load lazily loaded font '../../../Engine/Content/Slate/Fonts/Roboto-Regular.ttf' (155K)
[2017.11.04-14.56.51:601][  0]LogSlate: Took 0.000554 seconds to synchronously load lazily loaded font '../../../Engine/Content/Slate/Fonts/Roboto-Bold.ttf' (160K)
[2017.11.04-14.56.51:616][  0]LogSlate: Took 0.002977 seconds to synchronously load lazily loaded font '../../../Engine/Content/Editor/Slate/Fonts/FontAwesome.ttf' (139K)
[2017.11.04-14.56.51:733][  0]LogRenderer: Reallocating scene render targets to support 1132x536 NumSamples 1 (Frame:1).
[2017.11.04-14.56.51:870][  0]LogUObjectGlobals:Warning: Failed to find object 'Class None.'
[2017.11.04-14.56.51:946][  0]LogContentBrowser: Native class hierarchy updated for 'HierarchicalLODOutliner' in 0.0005 seconds. Added 1 classes and 2 folders.
[2017.11.04-14.56.51:946][  0]LogLoad: (Engine Initialization) Total time: 18.73 seconds
[2017.11.04-14.56.51:946][  0]LogLoad: (Engine Initialization) Total Blueprint compile time: 0.09 seconds
[2017.11.04-14.56.51:946][  0]LogExternalProfiler: No external profilers were discovered.  External profiling features will not be available.
[2017.11.04-14.56.51:970][  0]LogOcInput: OculusInput pre-init called
[2017.11.04-14.56.51:970][  0]LogHMD: Starting GearVRController plugin
[2017.11.04-14.56.51:986][  0]LogAssetRegistry: Asset discovery search completed in 11.4438 seconds
[2017.11.04-14.56.51:988][  0]LogCollectionManager: Rebuilt the object cache for 0 collections in 0.000000 seconds (found 0 objects)
[2017.11.04-14.56.51:988][  0]LogCollectionManager: Fixed up redirectors for 0 collections in 0.000023 seconds (updated 0 objects)
[2017.11.04-14.56.51:991][  0]LogContentStreaming: Texture pool size now 1000 MB
[2017.11.04-14.56.52:064][  1]LogRenderer: Reallocating scene render targets to support 1132x556 NumSamples 1 (Frame:2).
[2017.11.04-14.58.01:534][946]LogSlate: Took 0.000159 seconds to synchronously load lazily loaded font '../../../Engine/Content/Slate/Fonts/Roboto-Light.ttf' (159K)
[2017.11.04-14.58.01:545][946]LogFactory: FactoryCreateFile: World with FbxSceneImportFactory (0 0 E:/Samuel/Goldsmiths/Intro to modeling and animation/Modeling project/Models/Chair/Chair.fbx)
[2017.11.04-14.58.01:571][946]LogFbx: Loading FBX Scene from E:/Samuel/Goldsmiths/Intro to modeling and animation/Modeling project/Models/Chair/Chair.fbx
[2017.11.04-14.58.01:582][946]LogFbx: FBX Scene Loaded Succesfully
[2017.11.04-14.58.01:585][946]LogFbx: =================================================
[2017.11.04-14.58.01:586][946]LogFbx: Dumping Node START [Chair] 
[2017.11.04-14.58.01:586][946]LogFbx: 	Total Deformer Count -1603132544.
[2017.11.04-14.58.01:586][946]LogFbx: 	Attribute (Cube) Type (4).
[2017.11.04-14.58.01:586][946]LogFbx: 		[Node Attribute Child 1] Chair (Type Mesh).
[2017.11.04-14.58.01:586][946]LogFbx: Dumping Node END [Chair]
[2017.11.04-14.58.01:586][946]LogFbx: =================================================
[2017.11.04-14.58.01:586][946]LogFbx: Dumping Node START [Chair] 
[2017.11.04-14.58.01:586][946]LogFbx: 	Total Deformer Count -1603132544.
[2017.11.04-14.58.01:586][946]LogFbx: 	Attribute (Cube) Type (4).
[2017.11.04-14.58.01:586][946]LogFbx: 		[Node Attribute Child 1] Chair (Type Mesh).
[2017.11.04-14.58.01:586][946]LogFbx: Dumping Node END [Chair]
[2017.11.04-14.58.08:506][946]LogLinker: Can't find file '/Game/Chair'
[2017.11.04-14.58.08:506][946]LogLinker: Can't find file '/Game/Chair'
[2017.11.04-14.58.08:507][946]LogLinker: Can't find file '/Game/Grid'
[2017.11.04-14.58.08:507][946]LogLinker: Can't find file '/Game/Grid'
[2017.11.04-14.58.08:507][946]LogLinker: Can't find file '/Game/Grid'
[2017.11.04-14.58.16:014][946]LogFbx: =================================================
[2017.11.04-14.58.16:014][946]LogFbx: Dumping Node START [Chair] 
[2017.11.04-14.58.16:014][946]LogFbx: 	Total Deformer Count -1985614624.
[2017.11.04-14.58.16:014][946]LogFbx: 	Attribute (Cube) Type (4).
[2017.11.04-14.58.16:014][946]LogFbx: 		[Node Attribute Child 1] Chair (Type Mesh).
[2017.11.04-14.58.16:014][946]LogFbx: Dumping Node END [Chair]
[2017.11.04-14.58.16:014][946]LogFbx: =================================================
[2017.11.04-14.58.16:014][946]LogFbx: Dumping Node START [Chair] 
[2017.11.04-14.58.16:014][946]LogFbx: 	Total Deformer Count -1985614624.
[2017.11.04-14.58.16:014][946]LogFbx: 	Attribute (Cube) Type (4).
[2017.11.04-14.58.16:014][946]LogFbx: 		[Node Attribute Child 1] Chair (Type Mesh).
[2017.11.04-14.58.16:014][946]LogFbx: Dumping Node END [Chair]
[2017.11.04-14.58.16:016][946]LogLinker: Can't find file '/Game/Chair1'
[2017.11.04-14.58.16:017][946]LogLinker: Can't find file '/Game/Chair1'
[2017.11.04-14.58.16:021][946]LogMaterial: Missing cached shader map for material Chair1, compiling. 
[2017.11.04-14.58.16:050][946]LogFbx:Warning: Triangulating static mesh Chair
[2017.11.04-14.58.16:067][946]LogStaticMesh: Building static mesh Cube...
[2017.11.04-14.58.16:068][946]LogMeshUtilities: Invalid vertex normals found for mesh. Forcing recomputation of vertex normals for MikkTSpace. Fix mesh or disable "Use MikkTSpace Tangent Space" to avoid forced recomputation of normals.
[2017.11.04-14.58.16:079][946]LogStaticMesh: Built static mesh [0.01s] /Game/Cube.Cube
[2017.11.04-14.58.16:204][946]LogSlate: Took 0.000203 seconds to synchronously load lazily loaded font '../../../Engine/Content/Slate/Fonts/Roboto-Regular.ttf' (155K)
[2017.11.04-14.58.16:639][946]LogContentBrowser: Native class hierarchy updated for 'BlueprintGraph' in 0.0010 seconds. Added 112 classes and 0 folders.
[2017.11.04-14.58.17:420][946]FBXImport:Warning: Warning No smoothing group information was found in this FBX scene.  Please make sure to enable the 'Export Smoothing Groups' option in the FBX Exporter plug-in before exporting the file.  Even for tools that don't support smoothing groups, the FBX Exporter will generate appropriate smoothing data at export-time so that correct vertex normals can be inferred while importing. 
[2017.11.04-14.58.17:420][946]FBXImport:Warning: Warning Warning: The imported mesh is very small. This is most likely an issue with the units used when exporting to FBX. 
[2017.11.04-14.58.17:497][946]LogSlate: Took 0.000277 seconds to synchronously load lazily loaded font '../../../Engine/Content/Slate/Fonts/Roboto-Light.ttf' (159K)
[2017.11.04-14.58.17:613][946]LogRenderer: Reallocating scene render targets to support 1144x900 NumSamples 1 (Frame:1).
[2017.11.04-14.58.27:798][505]LogEditorViewport: Clicking on Actor (LMB): FbxScene_Chair_C (FbxScene_Chair)
[2017.11.04-14.59.55:156][248]LogFactory: FactoryCreateFile: Texture with ReimportTextureFactory (0 0 E:/Samuel/Goldsmiths/Intro to modeling and animation/Modeling project/Textures/Chair/Chair_Chair_BaseColor.png)
[2017.11.04-14.59.55:203][248]LogTexture:Display: Building textures: Chair_Chair_BaseColor (AutoDXT, 1024X1024)
[2017.11.04-14.59.55:354][248]LogFactory: FactoryCreateFile: Texture with ReimportTextureFactory (0 0 E:/Samuel/Goldsmiths/Intro to modeling and animation/Modeling project/Textures/Chair/Chair_Chair_Normal.png)
[2017.11.04-14.59.55:406][248]LogTexture:Display: Building textures: Chair_Chair_Normal (BC5, 1024X1024)
[2017.11.04-14.59.55:499][248]LogSlate: Took 0.000320 seconds to synchronously load lazily loaded font '../../../Engine/Content/Slate/Fonts/Roboto-Light.ttf' (159K)
[2017.11.04-14.59.55:512][248]LogFactory: FactoryCreateFile: Texture with ReimportTextureFactory (0 0 E:/Samuel/Goldsmiths/Intro to modeling and animation/Modeling project/Textures/Chair/Chair_Chair_OcclusionRoughnessMetallic.png)
[2017.11.04-14.59.55:552][248]LogTexture:Display: Building textures: Chair_Chair_OcclusionRoughnessMetallic (AutoDXT, 1024X1024)
[2017.11.04-15.00.16:910][485]LogSavePackage: Save=12.83ms
[2017.11.04-15.00.16:910][485]LogSavePackage: Moving 'E:/Samuel/Goldsmiths/Intro to modeling and animation/Modeling project/Unreal scene/MyProject2/Saved/Chair341219F241247F5185B6B380827BFE63.tmp' to 'E:/Samuel/Goldsmiths/Intro to modeling and animation/Modeling project/Unreal scene/MyProject2/Content/Materials/Chair/Chair.uasset'
[2017.11.04-15.00.16:913][485]LogSavePackage:Display: Finished SavePackage E:/Samuel/Goldsmiths/Intro to modeling and animation/Modeling project/Unreal scene/MyProject2/Content/Materials/Chair/Chair.uasset
[2017.11.04-15.00.20:939][710]LogContentBrowser: Native class hierarchy updated for 'TextureEditor' in 0.0006 seconds. Added 1 classes and 2 folders.
[2017.11.04-15.00.22:859][818]LogTexture:Display: Building textures: Chair_Chair_OcclusionRoughnessMetallic (AutoDXT, 1024X1024)
[2017.11.04-15.00.45:848][140]LogMaterial: Missing cached shader map for material Chair, compiling. 
[2017.11.04-15.00.45:942][140]LogMaterial: Missing cached shader map for material Chair, compiling. 
[2017.11.04-15.00.46:002][140]LogSlate: Took 0.008223 seconds to synchronously load lazily loaded font '../../../Engine/Content/Editor/Slate/Fonts/Roboto-BoldCondensed.ttf' (158K)
[2017.11.04-15.00.47:344][203]MaterialEditorStats: Info Base pass shader: 78 instructions
[2017.11.04-15.00.47:344][203]MaterialEditorStats: Info Vertex shader: 29 instructions
[2017.11.04-15.00.47:344][203]MaterialEditorStats: Info Texture samplers: 1/16
[2017.11.04-15.00.57:403][793]LogMaterial: Missing cached shader map for material Chair, compiling. 
[2017.11.04-15.00.57:415][793]LogMaterial: Missing cached shader map for material FMatExpressionPreview MaterialExpressionTextureSample_0, compiling. 
[2017.11.04-15.00.57:448][793]LogMaterial: Missing cached shader map for material FMatExpressionPreview MaterialExpressionTextureSample_0, compiling. 
[2017.11.04-15.00.58:281][837]MaterialEditorStats: Info Base pass shader: 78 instructions
[2017.11.04-15.00.58:281][837]MaterialEditorStats: Info Vertex shader: 29 instructions
[2017.11.04-15.00.58:281][837]MaterialEditorStats: Info Texture samplers: 1/16
[2017.11.04-15.00.59:381][902]LogMaterial: Missing cached shader map for material Chair, compiling. 
[2017.11.04-15.00.59:392][902]LogMaterial: Missing cached shader map for material FMatExpressionPreview MaterialExpressionTextureSample_1, compiling. 
[2017.11.04-15.00.59:425][902]LogMaterial: Missing cached shader map for material FMatExpressionPreview MaterialExpressionTextureSample_0, compiling. 
[2017.11.04-15.00.59:431][902]LogMaterial: Missing cached shader map for material FMatExpressionPreview MaterialExpressionTextureSample_1, compiling. 
[2017.11.04-15.01.00:703][969]LogMaterial: Missing cached shader map for material Chair, compiling. 
[2017.11.04-15.01.00:714][969]LogMaterial: Missing cached shader map for material FMatExpressionPreview MaterialExpressionTextureSample_2, compiling. 
[2017.11.04-15.01.00:749][969]LogMaterial: Missing cached shader map for material FMatExpressionPreview MaterialExpressionTextureSample_0, compiling. 
[2017.11.04-15.01.00:754][969]LogMaterial: Missing cached shader map for material FMatExpressionPreview MaterialExpressionTextureSample_1, compiling. 
[2017.11.04-15.01.00:761][969]LogMaterial: Missing cached shader map for material FMatExpressionPreview MaterialExpressionTextureSample_2, compiling. 
[2017.11.04-15.01.01:605][ 14]MaterialEditorStats: Info Base pass shader: 78 instructions
[2017.11.04-15.01.01:605][ 14]MaterialEditorStats: Info Vertex shader: 29 instructions
[2017.11.04-15.01.01:605][ 14]MaterialEditorStats: Info Texture samplers: 1/16
[2017.11.04-15.01.13:749][506]LogMaterial: Missing cached shader map for material Chair, compiling. 
[2017.11.04-15.01.13:767][506]LogMaterial: Missing cached shader map for material FMatExpressionPreview MaterialExpressionTextureSample_0, compiling. 
[2017.11.04-15.01.14:682][554]MaterialEditorStats: Info Base pass shader: 81 instructions
[2017.11.04-15.01.14:683][554]MaterialEditorStats: Info Vertex shader: 31 instructions
[2017.11.04-15.01.14:683][554]MaterialEditorStats: Info Texture samplers: 2/16
[2017.11.04-15.01.14:683][554]MaterialEditorStats: Info User interpolators: 2/4 Scalars (1/4 Vectors) (TexCoords: 2, Custom: 0)
[2017.11.04-15.02.10:199][647]LogMaterial: Missing cached shader map for material Chair, compiling. 
[2017.11.04-15.02.10:214][647]LogMaterial: Missing cached shader map for material FMatExpressionPreview MaterialExpressionTextureSample_2, compiling. 
[2017.11.04-15.02.11:432][710]MaterialEditorStats: Info Base pass shader: 81 instructions
[2017.11.04-15.02.11:432][710]MaterialEditorStats: Info Vertex shader: 31 instructions
[2017.11.04-15.02.11:432][710]MaterialEditorStats: Info Texture samplers: 3/16
[2017.11.04-15.02.11:432][710]MaterialEditorStats: Info User interpolators: 2/4 Scalars (1/4 Vectors) (TexCoords: 2, Custom: 0)
[2017.11.04-15.02.14:759][908]LogMaterial: Missing cached shader map for material Chair, compiling. 
[2017.11.04-15.02.14:780][908]LogMaterial: Missing cached shader map for material FMatExpressionPreview MaterialExpressionTextureSample_2, compiling. 
[2017.11.04-15.02.15:694][955]MaterialEditorStats: Info Base pass shader: 83 instructions
[2017.11.04-15.02.15:694][955]MaterialEditorStats: Info Vertex shader: 31 instructions
[2017.11.04-15.02.15:694][955]MaterialEditorStats: Info Texture samplers: 3/16
[2017.11.04-15.02.15:694][955]MaterialEditorStats: Info User interpolators: 2/4 Scalars (1/4 Vectors) (TexCoords: 2, Custom: 0)
[2017.11.04-15.02.18:140][100]LogMaterial: Missing cached shader map for material Chair, compiling. 
[2017.11.04-15.02.18:155][100]LogMaterial: Missing cached shader map for material FMatExpressionPreview MaterialExpressionTextureSample_2, compiling. 
[2017.11.04-15.02.19:096][148]MaterialEditorStats: Info Base pass shader: 88 instructions
[2017.11.04-15.02.19:096][148]MaterialEditorStats: Info Vertex shader: 31 instructions
[2017.11.04-15.02.19:096][148]MaterialEditorStats: Info Texture samplers: 3/16
[2017.11.04-15.02.19:096][148]MaterialEditorStats: Info User interpolators: 2/4 Scalars (1/4 Vectors) (TexCoords: 2, Custom: 0)
[2017.11.04-15.02.30:010][570]LogMaterial: Missing cached shader map for material Chair, compiling. 
[2017.11.04-15.02.30:028][570]LogMaterial: Missing cached shader map for material FMatExpressionPreview MaterialExpressionTextureSample_1, compiling. 
[2017.11.04-15.02.31:002][623]MaterialEditorStats: Info Base pass shader: 94 instructions
[2017.11.04-15.02.31:002][623]MaterialEditorStats: Info Vertex shader: 31 instructions
[2017.11.04-15.02.31:002][623]MaterialEditorStats: Info Texture samplers: 4/16
[2017.11.04-15.02.31:002][623]MaterialEditorStats: Info User interpolators: 2/4 Scalars (1/4 Vectors) (TexCoords: 2, Custom: 0)
[2017.11.04-15.02.35:260][875]LogMaterialEditor: Saving and Compiling material Chair
[2017.11.04-15.02.35:842][875]LogMaterial: Missing cached shader map for material Chair, compiling. 
[2017.11.04-15.02.35:892][875]LogMaterial: Missing cached shader map for material Chair, compiling. 
[2017.11.04-15.02.35:919][875]LogMaterial: Missing cached shader map for material Chair, compiling. 
[2017.11.04-15.02.35:966][875]LogMaterial: Missing cached shader map for material FDebugViewModeMaterialProxy Chair, compiling. 
[2017.11.04-15.02.36:677][875]TextureStreamingBuild:Display: Compiling optional shaders took 0.721 seconds.
[2017.11.04-15.02.38:115][875]LogSavePackage: Save=13.50ms
[2017.11.04-15.02.38:115][875]LogSavePackage: Moving 'E:/Samuel/Goldsmiths/Intro to modeling and animation/Modeling project/Unreal scene/MyProject2/Saved/Chair0D9CD519403D81721C7140872BB0442B.tmp' to 'E:/Samuel/Goldsmiths/Intro to modeling and animation/Modeling project/Unreal scene/MyProject2/Content/Materials/Chair/Chair.uasset'
[2017.11.04-15.02.38:119][875]LogSavePackage:Display: Finished SavePackage E:/Samuel/Goldsmiths/Intro to modeling and animation/Modeling project/Unreal scene/MyProject2/Content/Materials/Chair/Chair.uasset
[2017.11.04-15.02.38:128][875]MaterialEditorStats: Info Base pass shader: 94 instructions
[2017.11.04-15.02.38:129][875]MaterialEditorStats: Info Vertex shader: 31 instructions
[2017.11.04-15.02.38:129][875]MaterialEditorStats: Info Texture samplers: 5/16
[2017.11.04-15.02.38:129][875]MaterialEditorStats: Info User interpolators: 2/4 Scalars (1/4 Vectors) (TexCoords: 2, Custom: 0)
[2017.11.04-15.02.44:065][223]LogEditorViewport: Clicking on Actor (LMB): FbxScene_Chair_C (FbxScene_Chair)
[2017.11.04-15.02.46:095][342]LogSlate: Took 0.004996 seconds to synchronously load lazily loaded font '../../../Engine/Content/Editor/Slate/Fonts/Roboto-Italic.ttf' (157K)
[2017.11.04-15.03.16:771][141]MapCheck: New page: Map Check
[2017.11.04-15.03.16:797][141]LightingResults: New page: Lighting Build - Nov 4, 2017, 3:03:16 PM
[2017.11.04-15.03.16:855][141]LogSwarmInterface: [OpenConnection] Registering TCP channel ...
[2017.11.04-15.03.16:938][141]LogSwarmInterface: [OpenConnection] Connecting to agent ...
[2017.11.04-15.03.16:947][141]LogSwarmInterface: [TryOpenConnection] Testing the Agent
[2017.11.04-15.03.17:504][141]LogSwarmInterface: [TryOpenConnection] Opening Connection to Agent
[2017.11.04-15.03.17:504][141]LogSwarmInterface: [TryOpenConnection] Local Process ID is 10024
[2017.11.04-15.03.20:713][141]LogStaticLightingSystem:Warning: No importance volume found, so the scene bounding box was used.  You can optimize your scene's quality and lighting build times by adding importance volumes.
[2017.11.04-15.03.20:713][141]LogStaticLightingSystem: Running Lightmass w/ ImmediateImport mode ENABLED
[2017.11.04-15.03.20:713][141]LogStaticLightingSystem: Running Lightmass w/ ImmediateProcess mode ENABLED
[2017.11.04-15.03.20:713][141]LogStaticLightingSystem: Running Lightmass w/ Sorting mode ENABLED
[2017.11.04-15.03.20:713][141]LogStaticLightingSystem: Running Lightmass w/ Mapping paddings ENABLED
[2017.11.04-15.03.20:713][141]LogStaticLightingSystem: Running Lightmass w/ Mapping debug paddings DISABLED
[2017.11.04-15.03.20:885][141]LogEditorBuildUtils: Build time 0:04
[2017.11.04-15.03.20:904][141]LogMaterial: Missing cached shader map for material FLightmassMaterialRenderer Chair, compiling. 
[2017.11.04-15.03.20:910][141]LogMaterial: Missing cached shader map for material FLightmassMaterialRenderer Chair, compiling. 
[2017.11.04-15.03.22:971][189]Job is a success!
[2017.11.04-15.03.23:053][190]LogMaterial:Warning: Material /Game/Materials/Chair/Chair.Chair needed to have new flag set bUsedWithStaticLighting !
[2017.11.04-15.03.23:056][190]LogMaterial: Missing cached shader map for material Chair, compiling. 
[2017.11.04-15.03.23:139][190]LogTexture:Display: Building textures: HQ_Lightmap0_1 (AutoDXT, 256X256)
[2017.11.04-15.03.23:139][190]LogTexture:Display: Building textures: HQ_Lightmap0_2 (AutoDXT, 64X64)
[2017.11.04-15.03.23:139][190]LogTexture:Display: Building textures: LQ_Lightmap_0_2 (DXT1, 64X64)
[2017.11.04-15.03.23:139][190]LogTexture:Display: Building textures: LQ_Lightmap_0_1 (DXT1, 256X256)
[2017.11.04-15.03.23:139][190]LogTexture:Display: Building textures: ShadowMapTexture2D_1 (G8, 32X32)
[2017.11.04-15.03.23:139][190]LogTexture:Display: Building textures: ShadowMapTexture2D_0 (G8, 256X128)
[2017.11.04-15.03.23:159][190]Lightmass on LAPTOP-R2G7UD2V: 794 ms total, 84 ms importing, 10 ms setup, 348 ms photons, 341 ms processing, 0 ms extra exporting [3/3 mappings]. Threads: 2.22 sec total, 289 ms processing.
[2017.11.04-15.03.23:188][190]LogStaticLightingSystem: Illumination: 6.36 sec (29 ms encoding lightmaps, 18 ms encoding shadowmaps)
[2017.11.04-15.03.23:188][190]LogStaticLightingSystem: Lightmap texture memory:  0.1 MB (0.1 MB streaming, 0.0 MB non-streaming), 4 textures
[2017.11.04-15.03.23:188][190]LogStaticLightingSystem: Shadowmap texture memory: 0.0 MB (0.0 MB streaming, 0.0 MB non-streaming), 2 textures
[2017.11.04-15.03.23:716][190]DumpUnbuiltLightIteractions
[2017.11.04-15.03.23:716][190]Lights with unbuilt interactions: 0
[2017.11.04-15.03.23:716][190]
[2017.11.04-15.03.23:716][190]Primitives with unbuilt interactions: 0
[2017.11.04-15.03.23:728][191]Cmd: MAP CHECK NOTIFYRESULTS
[2017.11.04-15.03.23:728][191]MapCheck: New page: Untitled_1 - Nov 4, 2017, 3:03:23 PM
[2017.11.04-15.03.23:800][191]MapCheck: Info Map check complete: 0 Error(s), 0 Warning(s), took 71.351ms to complete.
[2017.11.04-15.03.26:627][360]LogTemp: Repeting last play command: Selected Viewport
[2017.11.04-15.03.26:644][360]BlueprintLog: New page: Pre-Play auto-recompile
[2017.11.04-15.03.26:644][360]LogPlayLevel: [PlayLevel] Compiling FbxScene_Chair before play...
[2017.11.04-15.03.26:898][360]LogPlayLevel: PlayLevel: Blueprint regeneration took 254 ms (1 blueprints)
[2017.11.04-15.03.26:906][360]PIE: New page: PIE session: Untitled_1 (Nov 4, 2017, 3:03:26 PM)
[2017.11.04-15.03.26:906][360]LogPlayLevel: Creating play world package: /Temp/UEDPIE_0_Untitled_1
[2017.11.04-15.03.26:908][360]LogPlayLevel: PIE: StaticDuplicateObject took: (0.002123s)
[2017.11.04-15.03.26:909][360]LogAIModule: Creating AISystem for world Untitled_1
[2017.11.04-15.03.26:909][360]LogPlayLevel: PIE: World Init took: (0.001160s)
[2017.11.04-15.03.26:909][360]LogPlayLevel: PIE: Created PIE world by copying editor world from /Temp/Untitled_1.Untitled_1 to /Temp/UEDPIE_0_Untitled_1.Untitled_1 (0.003596s)
[2017.11.04-15.03.26:955][360]LogInit: XAudio2 using 'Speakers (Realtek High Definition Audio)' : 2 channels at 48 kHz using 32 bits per sample (channel mask 0x3)
[2017.11.04-15.03.26:966][360]LogInit: FAudioDevice initialized.
[2017.11.04-15.03.27:008][360]LogLoad: Game class is 'GameModeBase'
[2017.11.04-15.03.27:013][360]LogWorld: Bringing World /Temp/UEDPIE_0_Untitled_1.Untitled_1 up for play (max tick rate 60) at 2017.11.04-15.03.27
[2017.11.04-15.03.27:013][360]LogWorld: Bringing up level for play took: 0.001105
[2017.11.04-15.03.27:062][360]LogContentBrowser: Native class hierarchy updated for 'MovieSceneCapture' in 0.0006 seconds. Added 11 classes and 0 folders.
[2017.11.04-15.03.27:063][360]PIE: Info Play in editor start time for /Temp/UEDPIE_0_Untitled_1 1.354
[2017.11.04-15.04.00:813][ 94]LogSavePackage: Save=24.02ms
[2017.11.04-15.04.00:813][ 94]LogSavePackage: Moving 'E:/Samuel/Goldsmiths/Intro to modeling and animation/Modeling project/Unreal scene/MyProject2/Saved/NewMap73C74264400A3FF8264C12B3BAB1ACFD.tmp' to 'E:/Samuel/Goldsmiths/Intro to modeling and animation/Modeling project/Unreal scene/MyProject2/Content/NewMap.umap'
[2017.11.04-15.04.00:817][ 94]LogSavePackage:Display: Finished SavePackage E:/Samuel/Goldsmiths/Intro to modeling and animation/Modeling project/Unreal scene/MyProject2/Content/NewMap.umap
[2017.11.04-15.04.00:827][ 94]Cmd: OBJ SAVEPACKAGE PACKAGE="/Game/NewMap_BuiltData" FILE="E:/Samuel/Goldsmiths/Intro to modeling and animation/Modeling project/Unreal scene/MyProject2/Content/NewMap_BuiltData.uasset" SILENT=true
[2017.11.04-15.04.00:839][ 94]LogSavePackage: Save=10.20ms
[2017.11.04-15.04.00:839][ 94]LogSavePackage: Moving 'E:/Samuel/Goldsmiths/Intro to modeling and animation/Modeling project/Unreal scene/MyProject2/Saved/NewMap_BuiltData73F19A8E45D4CA09170DC9BC61A88632.tmp' to 'E:/Samuel/Goldsmiths/Intro to modeling and animation/Modeling project/Unreal scene/MyProject2/Content/NewMap_BuiltData.uasset'
[2017.11.04-15.04.00:842][ 94]LogSavePackage:Display: Finished SavePackage E:/Samuel/Goldsmiths/Intro to modeling and animation/Modeling project/Unreal scene/MyProject2/Content/NewMap_BuiltData.uasset
[2017.11.04-15.04.00:848][ 94]LogFileHelpers: Saving map 'NewMap' took 0.483
[2017.11.04-15.04.33:434][556]LogActorFactory: Actor Factory created Cube
[2017.11.04-15.04.34:017][591]LogActorFactory: Actor Factory created Cube
[2017.11.04-15.04.36:413][730]Cmd: TRANSACTION UNDO
[2017.11.04-15.04.36:413][730]LogEditorTransaction: Undo Create Actors
[2017.11.04-15.04.45:538][226]LogSavePackage: Save=24.20ms
[2017.11.04-15.04.45:538][226]LogSavePackage: Moving 'E:/Samuel/Goldsmiths/Intro to modeling and animation/Modeling project/Unreal scene/MyProject2/Saved/NewMap186C3E1B434F6B737CBBCE9DF700B5D5.tmp' to 'E:/Samuel/Goldsmiths/Intro to modeling and animation/Modeling project/Unreal scene/MyProject2/Content/NewMap.umap'
[2017.11.04-15.04.45:542][226]LogSavePackage:Display: Finished SavePackage E:/Samuel/Goldsmiths/Intro to modeling and animation/Modeling project/Unreal scene/MyProject2/Content/NewMap.umap
[2017.11.04-15.04.45:554][226]Cmd: OBJ SAVEPACKAGE PACKAGE="/Game/NewMap_BuiltData" FILE="E:/Samuel/Goldsmiths/Intro to modeling and animation/Modeling project/Unreal scene/MyProject2/Content/NewMap_BuiltData.uasset" SILENT=true
[2017.11.04-15.04.45:565][226]LogSavePackage: Save=9.22ms
[2017.11.04-15.04.45:565][226]LogSavePackage: Moving 'E:/Samuel/Goldsmiths/Intro to modeling and animation/Modeling project/Unreal scene/MyProject2/Saved/NewMap_BuiltData8612179C4A6AD49260E453A3BEF7F7B9.tmp' to 'E:/Samuel/Goldsmiths/Intro to modeling and animation/Modeling project/Unreal scene/MyProject2/Content/NewMap_BuiltData.uasset'
[2017.11.04-15.04.45:568][226]LogSavePackage:Display: Finished SavePackage E:/Samuel/Goldsmiths/Intro to modeling and animation/Modeling project/Unreal scene/MyProject2/Content/NewMap_BuiltData.uasset
[2017.11.04-15.04.51:442][319]Cmd: OBJ SAVEPACKAGE PACKAGE="/Game/Chair" FILE="E:/Samuel/Goldsmiths/Intro to modeling and animation/Modeling project/Unreal scene/MyProject2/Content/Chair.uasset" SILENT=true
[2017.11.04-15.04.51:444][319]LogSavePackage: Save=1.10ms
[2017.11.04-15.04.51:444][319]LogSavePackage: Moving 'E:/Samuel/Goldsmiths/Intro to modeling and animation/Modeling project/Unreal scene/MyProject2/Saved/Chair01A59AEF4B50B08AF8B763AEE7BE7176.tmp' to 'E:/Samuel/Goldsmiths/Intro to modeling and animation/Modeling project/Unreal scene/MyProject2/Content/Chair.uasset'
[2017.11.04-15.04.51:446][319]LogSavePackage:Display: Finished SavePackage E:/Samuel/Goldsmiths/Intro to modeling and animation/Modeling project/Unreal scene/MyProject2/Content/Chair.uasset
[2017.11.04-15.04.51:463][319]Cmd: OBJ SAVEPACKAGE PACKAGE="/Game/Cube" FILE="E:/Samuel/Goldsmiths/Intro to modeling and animation/Modeling project/Unreal scene/MyProject2/Content/Cube.uasset" SILENT=true
[2017.11.04-15.04.51:476][319]LogSavePackage: Save=11.39ms
[2017.11.04-15.04.51:476][319]LogSavePackage: Moving 'E:/Samuel/Goldsmiths/Intro to modeling and animation/Modeling project/Unreal scene/MyProject2/Saved/Cube04430FA647F70488C3D589B445A4A9C9.tmp' to 'E:/Samuel/Goldsmiths/Intro to modeling and animation/Modeling project/Unreal scene/MyProject2/Content/Cube.uasset'
[2017.11.04-15.04.51:478][319]LogSavePackage:Display: Finished SavePackage E:/Samuel/Goldsmiths/Intro to modeling and animation/Modeling project/Unreal scene/MyProject2/Content/Cube.uasset
[2017.11.04-15.04.51:500][319]Cmd: OBJ SAVEPACKAGE PACKAGE="/Game/FbxScene_Chair" FILE="E:/Samuel/Goldsmiths/Intro to modeling and animation/Modeling project/Unreal scene/MyProject2/Content/FbxScene_Chair.uasset" SILENT=true
[2017.11.04-15.04.51:521][319]LogSavePackage: Save=18.90ms
[2017.11.04-15.04.51:521][319]LogSavePackage: Moving 'E:/Samuel/Goldsmiths/Intro to modeling and animation/Modeling project/Unreal scene/MyProject2/Saved/FbxScene_Chair826966B64D626BE4C94E7BA251779155.tmp' to 'E:/Samuel/Goldsmiths/Intro to modeling and animation/Modeling project/Unreal scene/MyProject2/Content/FbxScene_Chair.uasset'
[2017.11.04-15.04.51:525][319]LogSavePackage:Display: Finished SavePackage E:/Samuel/Goldsmiths/Intro to modeling and animation/Modeling project/Unreal scene/MyProject2/Content/FbxScene_Chair.uasset
[2017.11.04-15.04.51:533][319]LogSavePackage: Save=3.05ms
[2017.11.04-15.04.51:533][319]LogSavePackage: Moving 'E:/Samuel/Goldsmiths/Intro to modeling and animation/Modeling project/Unreal scene/MyProject2/Saved/ChairC3852D744D74234AFF28ADB0118E35F0.tmp' to 'E:/Samuel/Goldsmiths/Intro to modeling and animation/Modeling project/Unreal scene/MyProject2/Content/Materials/Chair/Chair.uasset'
[2017.11.04-15.04.51:537][319]LogSavePackage:Display: Finished SavePackage E:/Samuel/Goldsmiths/Intro to modeling and animation/Modeling project/Unreal scene/MyProject2/Content/Materials/Chair/Chair.uasset
[2017.11.04-15.04.51:590][319]LogSavePackage: Save=39.98ms
[2017.11.04-15.04.51:590][319]LogSavePackage: Moving 'E:/Samuel/Goldsmiths/Intro to modeling and animation/Modeling project/Unreal scene/MyProject2/Saved/Chair_Chair_BaseColor13E97A3F46A6C097BF50E5BDD98A529C.tmp' to 'E:/Samuel/Goldsmiths/Intro to modeling and animation/Modeling project/Unreal scene/MyProject2/Content/Textures/Chair/Chair_Chair_BaseColor.uasset'
[2017.11.04-15.04.51:594][319]LogSavePackage:Display: Finished SavePackage E:/Samuel/Goldsmiths/Intro to modeling and animation/Modeling project/Unreal scene/MyProject2/Content/Textures/Chair/Chair_Chair_BaseColor.uasset
[2017.11.04-15.04.51:683][319]LogSavePackage: Save=76.67ms
[2017.11.04-15.04.51:683][319]LogSavePackage: Moving 'E:/Samuel/Goldsmiths/Intro to modeling and animation/Modeling project/Unreal scene/MyProject2/Saved/Chair_Chair_Normal6D3EE6854CB8D73F50CBADB043199A8A.tmp' to 'E:/Samuel/Goldsmiths/Intro to modeling and animation/Modeling project/Unreal scene/MyProject2/Content/Textures/Chair/Chair_Chair_Normal.uasset'
[2017.11.04-15.04.51:687][319]LogSavePackage:Display: Finished SavePackage E:/Samuel/Goldsmiths/Intro to modeling and animation/Modeling project/Unreal scene/MyProject2/Content/Textures/Chair/Chair_Chair_Normal.uasset
[2017.11.04-15.04.51:765][319]LogSavePackage: Save=63.69ms
[2017.11.04-15.04.51:765][319]LogSavePackage: Moving 'E:/Samuel/Goldsmiths/Intro to modeling and animation/Modeling project/Unreal scene/MyProject2/Saved/Chair_Chair_OcclusionRoughnessMetallicF58AA2DB45938C255406C184414EB053.tmp' to 'E:/Samuel/Goldsmiths/Intro to modeling and animation/Modeling project/Unreal scene/MyProject2/Content/Textures/Chair/Chair_Chair_OcclusionRoughnessMetallic.uasset'
[2017.11.04-15.04.51:769][319]LogSavePackage:Display: Finished SavePackage E:/Samuel/Goldsmiths/Intro to modeling and animation/Modeling project/Unreal scene/MyProject2/Content/Textures/Chair/Chair_Chair_OcclusionRoughnessMetallic.uasset
[2017.11.04-15.04.51:799][319]LogWindowsTextInputMethodSystem:Display: IME system now deactivated.
[2017.11.04-15.04.52:006][320]Cmd: QUIT_EDITOR
[2017.11.04-15.04.52:158][320]LogExit: Preparing to exit.
[2017.11.04-15.04.52:896][320]LogExit: Editor shut down
[2017.11.04-15.04.52:899][320]LogExit: Transaction tracking system shut down
[2017.11.04-15.04.52:998][320]LogObj: Freed 0b from 0 cluster array pools.
[2017.11.04-15.04.52:998][320]LogExit: Object subsystem successfully closed.
[2017.11.04-15.04.53:017][320]LogD3D11RHI: Shutdown
[2017.11.04-15.04.53:017][320]LogD3D11RHI: CleanupD3DDevice
[2017.11.04-15.04.53:100][320]LogD3D11RHI: ~FD3D11DynamicRHI
[2017.11.04-15.04.53:117][320]LogModuleManager: Shutting down and abandoning module MovieSceneCapture (536)
[2017.11.04-15.04.53:117][320]LogModuleManager: Shutting down and abandoning module HierarchicalLODUtilities (534)
[2017.11.04-15.04.53:118][320]LogModuleManager: Shutting down and abandoning module MaterialEditor (532)
[2017.11.04-15.04.53:118][320]LogModuleManager: Shutting down and abandoning module TextureEditor (530)
[2017.11.04-15.04.53:118][320]LogModuleManager: Shutting down and abandoning module BlueprintGraph (528)
[2017.11.04-15.04.53:118][320]LogModuleManager: Shutting down and abandoning module BlueprintProfiler (526)
[2017.11.04-15.04.53:118][320]LogModuleManager: Shutting down and abandoning module HierarchicalLODOutliner (524)
[2017.11.04-15.04.53:118][320]LogModuleManager: Shutting down and abandoning module CrashTracker (522)
[2017.11.04-15.04.53:118][320]LogModuleManager: Shutting down and abandoning module SceneOutliner (520)
[2017.11.04-15.04.53:118][320]LogModuleManager: Shutting down and abandoning module AddContentDialog (518)
[2017.11.04-15.04.53:119][320]LogDirectoryWatcher: A directory notification for 'C:/Program Files (x86)/Epic Games/UE_4.16/FeaturePacks/' was aborted.
[2017.11.04-15.04.53:119][320]LogModuleManager: Shutting down and abandoning module WidgetCarousel (517)
[2017.11.04-15.04.53:119][320]LogModuleManager: Shutting down and abandoning module EditorWidgets (514)
[2017.11.04-15.04.53:119][320]LogModuleManager: Shutting down and abandoning module CollectionManager (512)
[2017.11.04-15.04.53:120][320]LogDirectoryWatcher: A directory notification for 'E:/Samuel/Goldsmiths/Intro to modeling and animation/Modeling project/Unreal scene/MyProject2/Content/Collections/' was aborted.
[2017.11.04-15.04.53:120][320]LogDirectoryWatcher: A directory notification for 'E:/Samuel/Goldsmiths/Intro to modeling and animation/Modeling project/Unreal scene/MyProject2/Content/Developers/samue/Collections/' was aborted.
[2017.11.04-15.04.53:120][320]LogDirectoryWatcher: A directory notification for 'E:/Samuel/Goldsmiths/Intro to modeling and animation/Modeling project/Unreal scene/MyProject2/Saved/Collections/' was aborted.
[2017.11.04-15.04.53:120][320]LogModuleManager: Shutting down and abandoning module StatsViewer (510)
[2017.11.04-15.04.53:120][320]LogModuleManager: Shutting down and abandoning module FoliageEdit (508)
[2017.11.04-15.04.53:120][320]LogModuleManager: Shutting down and abandoning module LandscapeEditor (506)
[2017.11.04-15.04.53:120][320]LogModuleManager: Shutting down and abandoning module MeshPaintMode (504)
[2017.11.04-15.04.53:120][320]LogModuleManager: Shutting down and abandoning module SceneDepthPickerMode (502)
[2017.11.04-15.04.53:120][320]LogModuleManager: Shutting down and abandoning module ActorPickerMode (500)
[2017.11.04-15.04.53:120][320]LogModuleManager: Shutting down and abandoning module GeometryMode (498)
[2017.11.04-15.04.53:120][320]LogModuleManager: Shutting down and abandoning module TextureAlignMode (496)
[2017.11.04-15.04.53:120][320]LogModuleManager: Shutting down and abandoning module BspMode (494)
[2017.11.04-15.04.53:120][320]LogModuleManager: Shutting down and abandoning module HardwareSurvey (492)
[2017.11.04-15.04.53:120][320]LogModuleManager: Shutting down and abandoning module SequenceRecorderSections (490)
[2017.11.04-15.04.53:120][320]LogModuleManager: Shutting down and abandoning module AutomationWorker (488)
[2017.11.04-15.04.53:120][320]LogModuleManager: Shutting down and abandoning module MatineeToLevelSequence (486)
[2017.11.04-15.04.53:120][320]LogModuleManager: Shutting down and abandoning module LevelSequenceEditor (484)
[2017.11.04-15.04.53:120][320]LogModuleManager: Shutting down and abandoning module PlacementMode (483)
[2017.11.04-15.04.53:120][320]LogModuleManager: Shutting down and abandoning module WmfMediaFactory (480)
[2017.11.04-15.04.53:120][320]LogModuleManager: Shutting down and abandoning module WmfMediaEditor (478)
[2017.11.04-15.04.53:120][320]LogModuleManager: Shutting down and abandoning module AvfMediaFactory (476)
[2017.11.04-15.04.53:120][320]LogModuleManager: Shutting down and abandoning module AvfMediaEditor (474)
[2017.11.04-15.04.53:120][320]LogModuleManager: Shutting down and abandoning module AndroidMediaFactory (472)
[2017.11.04-15.04.53:120][320]LogModuleManager: Shutting down and abandoning module Media (471)
[2017.11.04-15.04.53:120][320]LogModuleManager: Shutting down and abandoning module AndroidMediaEditor (468)
[2017.11.04-15.04.53:120][320]LogModuleManager: Shutting down and abandoning module CharacterAI (466)
[2017.11.04-15.04.53:120][320]LogModuleManager: Shutting down and abandoning module AudioCapture (464)
[2017.11.04-15.04.53:120][320]LogModuleManager: Shutting down and abandoning module SequenceRecorder (463)
[2017.11.04-15.04.53:120][320]LogModuleManager: Shutting down and abandoning module SmartSnapping (460)
[2017.11.04-15.04.53:120][320]LogModuleManager: Shutting down and abandoning module SessionServices (458)
[2017.11.04-15.04.53:120][320]LogModuleManager: Shutting down and abandoning module ViewportSnapping (456)
[2017.11.04-15.04.53:120][320]LogModuleManager: Shutting down and abandoning module ViewportInteraction (454)
[2017.11.04-15.04.53:120][320]LogModuleManager: Shutting down and abandoning module ClothPainter (452)
[2017.11.04-15.04.53:120][320]LogModuleManager: Shutting down and abandoning module LogVisualizer (450)
[2017.11.04-15.04.53:120][320]LogModuleManager: Shutting down and abandoning module IntroTutorials (448)
[2017.11.04-15.04.53:120][320]LogModuleManager: Shutting down and abandoning module GameProjectGeneration (447)
[2017.11.04-15.04.53:120][320]LogModuleManager: Shutting down and abandoning module EditorLiveStreaming (444)
[2017.11.04-15.04.53:120][320]LogModuleManager: Shutting down and abandoning module IOSPlatformEditor (442)
[2017.11.04-15.04.53:120][320]LogModuleManager: Shutting down and abandoning module HTML5PlatformEditor (440)
[2017.11.04-15.04.53:120][320]LogModuleManager: Shutting down and abandoning module AndroidPlatformEditor (438)
[2017.11.04-15.04.53:120][320]LogModuleManager: Shutting down and abandoning module AndroidDeviceDetection (437)
[2017.11.04-15.04.54:002][320]LogModuleManager: Shutting down and abandoning module IOSRuntimeSettings (434)
[2017.11.04-15.04.54:002][320]LogModuleManager: Shutting down and abandoning module AndroidRuntimeSettings (432)
[2017.11.04-15.04.54:002][320]LogModuleManager: Shutting down and abandoning module InputBindingEditor (430)
[2017.11.04-15.04.54:002][320]LogModuleManager: Shutting down and abandoning module MergeActors (428)
[2017.11.04-15.04.54:002][320]LogModuleManager: Shutting down and abandoning module SizeMap (426)
[2017.11.04-15.04.54:002][320]LogModuleManager: Shutting down and abandoning module TreeMap (424)
[2017.11.04-15.04.54:002][320]LogModuleManager: Shutting down and abandoning module ReferenceViewer (422)
[2017.11.04-15.04.54:002][320]LogModuleManager: Shutting down and abandoning module LocalizationDashboard (420)
[2017.11.04-15.04.54:002][320]LogModuleManager: Shutting down and abandoning module LocalizationService (419)
[2017.11.04-15.04.54:002][320]LogModuleManager: Shutting down and abandoning module HardwareTargeting (416)
[2017.11.04-15.04.54:002][320]LogModuleManager: Shutting down and abandoning module DeviceProfileEditor (414)
[2017.11.04-15.04.54:002][320]LogModuleManager: Shutting down and abandoning module UndoHistory (412)
[2017.11.04-15.04.54:002][320]LogModuleManager: Shutting down and abandoning module UserFeedback (410)
[2017.11.04-15.04.54:002][320]LogModuleManager: Shutting down and abandoning module XmlParser (408)
[2017.11.04-15.04.54:002][320]LogModuleManager: Shutting down and abandoning module Blutility (406)
[2017.11.04-15.04.54:002][320]LogModuleManager: Shutting down and abandoning module ProjectSettingsViewer (404)
[2017.11.04-15.04.54:002][320]LogModuleManager: Shutting down and abandoning module ProjectTargetPlatformEditor (403)
[2017.11.04-15.04.54:002][320]LogModuleManager: Shutting down and abandoning module EditorSettingsViewer (400)
[2017.11.04-15.04.54:002][320]LogModuleManager: Shutting down and abandoning module SettingsEditor (398)
[2017.11.04-15.04.54:002][320]LogModuleManager: Shutting down and abandoning module ProjectLauncher (396)
[2017.11.04-15.04.54:002][320]LogModuleManager: Shutting down and abandoning module SessionFrontend (394)
[2017.11.04-15.04.54:002][320]LogModuleManager: Shutting down and abandoning module ProfilerClient (392)
[2017.11.04-15.04.54:002][320]LogModuleManager: Shutting down and abandoning module DeviceManager (390)
[2017.11.04-15.04.54:002][320]LogModuleManager: Shutting down and abandoning module TargetDeviceServices (389)
[2017.11.04-15.04.54:064][320]LogModuleManager: Shutting down and abandoning module AutomationController (386)
[2017.11.04-15.04.54:064][320]LogModuleManager: Shutting down and abandoning module AutomationWindow (384)
[2017.11.04-15.04.54:064][320]LogModuleManager: Shutting down and abandoning module Layers (382)
[2017.11.04-15.04.54:064][320]LogModuleManager: Shutting down and abandoning module ComponentVisualizers (380)
[2017.11.04-15.04.54:064][320]LogModuleManager: Shutting down and abandoning module DetailCustomizations (378)
[2017.11.04-15.04.54:064][320]LogModuleManager: Shutting down and abandoning module PackagesDialog (376)
[2017.11.04-15.04.54:064][320]LogModuleManager: Shutting down and abandoning module Persona (374)
[2017.11.04-15.04.54:064][320]LogModuleManager: Shutting down and abandoning module AdvancedPreviewScene (373)
[2017.11.04-15.04.54:064][320]LogModuleManager: Shutting down and abandoning module AnimGraph (371)
[2017.11.04-15.04.54:064][320]LogModuleManager: Shutting down and abandoning module Kismet (368)
[2017.11.04-15.04.54:070][320]LogModuleManager: Shutting down and abandoning module ClassViewer (366)
[2017.11.04-15.04.54:070][320]LogModuleManager: Shutting down and abandoning module Toolbox (364)
[2017.11.04-15.04.54:070][320]LogModuleManager: Shutting down and abandoning module ModuleUI (362)
[2017.11.04-15.04.54:070][320]LogModuleManager: Shutting down and abandoning module MovieSceneTools (360)
[2017.11.04-15.04.54:070][320]LogModuleManager: Shutting down and abandoning module OutputLog (358)
[2017.11.04-15.04.54:070][320]LogModuleManager: Shutting down and abandoning module GammaUI (356)
[2017.11.04-15.04.54:070][320]LogModuleManager: Shutting down and abandoning module Documentation (354)
[2017.11.04-15.04.54:070][320]LogModuleManager: Shutting down and abandoning module MovieSceneTracks (352)
[2017.11.04-15.04.54:070][320]LogModuleManager: Shutting down and abandoning module MovieScene (350)
[2017.11.04-15.04.54:070][320]LogModuleManager: Shutting down and abandoning module Niagara (348)
[2017.11.04-15.04.54:070][320]LogModuleManager: Shutting down and abandoning module NiagaraEditor (347)
[2017.11.04-15.04.54:070][320]LogModuleManager: Shutting down and abandoning module StreamingPauseRendering (344)
[2017.11.04-15.04.54:070][320]LogModuleManager: Shutting down and abandoning module AnalyticsET (342)
[2017.11.04-15.04.54:070][320]LogModuleManager: Shutting down and abandoning module PortalServices (340)
[2017.11.04-15.04.54:070][320]LogModuleManager: Shutting down and abandoning module PortalRpc (338)
[2017.11.04-15.04.54:070][320]LogModuleManager: Shutting down and abandoning module MessagingRpc (336)
[2017.11.04-15.04.54:070][320]LogModuleManager: Shutting down and abandoning module AIModule (334)
[2017.11.04-15.04.54:070][320]LogModuleManager: Shutting down and abandoning module GameplayDebugger (333)
[2017.11.04-15.04.54:070][320]LogModuleManager: Shutting down and abandoning module AITestSuite (331)
[2017.11.04-15.04.54:070][320]LogModuleManager: Shutting down and abandoning module ProfilerService (328)
[2017.11.04-15.04.54:237][320]LogModuleManager: Shutting down and abandoning module TaskGraph (326)
[2017.11.04-15.04.54:237][320]LogModuleManager: Shutting down and abandoning module SteamVRController (324)
[2017.11.04-15.04.54:237][320]LogModuleManager: Shutting down and abandoning module SteamVR (322)
[2017.11.04-15.04.54:237][320]LogModuleManager: Shutting down and abandoning module ProceduralMeshComponentEditor (320)
[2017.11.04-15.04.54:237][320]LogModuleManager: Shutting down and abandoning module ProceduralMeshComponent (318)
[2017.11.04-15.04.54:237][320]LogModuleManager: Shutting down and abandoning module OculusLibrary (316)
[2017.11.04-15.04.54:237][320]LogModuleManager: Shutting down and abandoning module OculusInput (314)
[2017.11.04-15.04.54:237][320]LogModuleManager: Shutting down and abandoning module MobilePatchingUtils (312)
[2017.11.04-15.04.54:237][320]LogModuleManager: Shutting down and abandoning module CustomMeshComponent (310)
[2017.11.04-15.04.54:237][320]LogModuleManager: Shutting down and abandoning module CableComponent (308)
[2017.11.04-15.04.54:237][320]LogModuleManager: Shutting down and abandoning module ArchVisCharacter (306)
[2017.11.04-15.04.54:237][320]LogModuleManager: Shutting down and abandoning module AndroidPermission (304)
[2017.11.04-15.04.54:237][320]LogModuleManager: Shutting down and abandoning module MediaPlayerEditor (300)
[2017.11.04-15.04.54:238][320]LogModuleManager: Shutting down and abandoning module HTML5Networking (298)
[2017.11.04-15.04.54:238][320]LogModuleManager: Shutting down and abandoning module AlembicImporter (296)
[2017.11.04-15.04.54:238][320]LogModuleManager: Shutting down and abandoning module AlembicLibrary (295)
[2017.11.04-15.04.54:238][320]LogModuleManager: Shutting down and abandoning module GeometryCache (294)
[2017.11.04-15.04.54:238][320]LogModuleManager: Shutting down and abandoning module GeometryCacheEd (293)
[2017.11.04-15.04.54:238][320]LogModuleManager: Shutting down and abandoning module SuperSearchEditor (288)
[2017.11.04-15.04.54:238][320]LogModuleManager: Shutting down and abandoning module SuperSearch (287)
[2017.11.04-15.04.54:238][320]LogModuleManager: Shutting down and abandoning module SpeedTreeImporter (284)
[2017.11.04-15.04.54:238][320]LogModuleManager: Shutting down and abandoning module PluginBrowser (282)
[2017.11.04-15.04.54:238][320]LogModuleManager: Shutting down and abandoning module MobileLauncherProfileWizard (280)
[2017.11.04-15.04.54:238][320]LogModuleManager: Shutting down and abandoning module VisualStudioSourceCodeAccess (278)
[2017.11.04-15.04.54:238][320]LogModuleManager: Shutting down and abandoning module DesktopPlatform (277)
[2017.11.04-15.04.54:238][320]LogModuleManager: Shutting down and abandoning module UObjectPlugin (274)
[2017.11.04-15.04.54:238][320]LogModuleManager: Shutting down and abandoning module SubversionSourceControl (272)
[2017.11.04-15.04.54:238][320]LogModuleManager: Shutting down and abandoning module PerforceSourceControl (270)
[2017.11.04-15.04.54:238][320]LogModuleManager: Shutting down and abandoning module GitSourceControl (268)
[2017.11.04-15.04.54:238][320]LogModuleManager: Shutting down and abandoning module SourceControl (267)
[2017.11.04-15.04.54:238][320]LogModuleManager: Shutting down and abandoning module LightPropagationVolumeEditor (264)
[2017.11.04-15.04.54:238][320]LogModuleManager: Shutting down and abandoning module PaperTiledImporter (262)
[2017.11.04-15.04.54:238][320]LogModuleManager: Shutting down and abandoning module PaperSpriteSheetImporter (260)
[2017.11.04-15.04.54:238][320]LogModuleManager: Shutting down and abandoning module Paper2DEditor (258)
[2017.11.04-15.04.54:238][320]LogModuleManager: Shutting down and abandoning module MeshPaint (257)
[2017.11.04-15.04.54:238][320]LogModuleManager: Shutting down and abandoning module LevelEditor (255)
[2017.11.04-15.04.54:238][320]LogModuleManager: Shutting down and abandoning module PixelInspectorModule (254)
[2017.11.04-15.04.54:238][320]LogModuleManager: Shutting down and abandoning module MainFrame (252)
[2017.11.04-15.04.54:238][320]LogModuleManager: Shutting down and abandoning module HotReload (251)
[2017.11.04-15.04.54:240][320]LogModuleManager: Shutting down and abandoning module PhysXVehiclesEditor (246)
[2017.11.04-15.04.54:240][320]LogModuleManager: Shutting down and abandoning module PhysXVehicles (244)
[2017.11.04-15.04.54:240][320]LogModuleManager: Shutting down and abandoning module LocationServicesBPLibrary (242)
[2017.11.04-15.04.54:240][320]LogModuleManager: Shutting down and abandoning module ImmediatePhysicsEditor (240)
[2017.11.04-15.04.54:240][320]LogModuleManager: Shutting down and abandoning module ImmediatePhysics (238)
[2017.11.04-15.04.54:240][320]LogModuleManager: Shutting down and abandoning module UdpMessaging (236)
[2017.11.04-15.04.54:340][320]LogModuleManager: Shutting down and abandoning module TcpMessaging (234)
[2017.11.04-15.04.54:441][320]LogModuleManager: Shutting down and abandoning module GameplayTagsEditor (232)
[2017.11.04-15.04.54:441][320]LogModuleManager: Shutting down and abandoning module FacialAnimationEditor (230)
[2017.11.04-15.04.54:441][320]LogModuleManager: Shutting down and abandoning module FacialAnimation (228)
[2017.11.04-15.04.54:441][320]LogModuleManager: Shutting down and abandoning module AssetManagerEditor (226)
[2017.11.04-15.04.54:441][320]LogModuleManager: Shutting down and abandoning module GraphEditor (225)
[2017.11.04-15.04.54:441][320]LogModuleManager: Shutting down and abandoning module ContentBrowser (223)
[2017.11.04-15.04.54:442][320]LogModuleManager: Shutting down and abandoning module LightPropagationVolumeRuntime (220)
[2017.11.04-15.04.54:442][320]LogModuleManager: Shutting down and abandoning module Paper2D (218)
[2017.11.04-15.04.54:442][320]LogModuleManager: Shutting down and abandoning module WindowsMoviePlayer (216)
[2017.11.04-15.04.54:442][320]LogModuleManager: Shutting down and abandoning module WmfMedia (214)
[2017.11.04-15.04.54:442][320]LogModuleManager: Shutting down and abandoning module ClothingSystemEditor (212)
[2017.11.04-15.04.54:442][320]LogModuleManager: Shutting down and abandoning module ClothingSystemRuntime (210)
[2017.11.04-15.04.54:442][320]LogModuleManager: Shutting down and abandoning module MediaAssets (208)
[2017.11.04-15.04.54:442][320]LogModuleManager: Shutting down and abandoning module GameLiveStreaming (206)
[2017.11.04-15.04.54:442][320]LogModuleManager: Shutting down and abandoning module VREditor (204)
[2017.11.04-15.04.54:442][320]LogModuleManager: Shutting down and abandoning module StringTableEditor (202)
[2017.11.04-15.04.54:442][320]LogModuleManager: Shutting down and abandoning module GameplayTasksEditor (200)
[2017.11.04-15.04.54:442][320]LogModuleManager: Shutting down and abandoning module BehaviorTreeEditor (198)
[2017.11.04-15.04.54:442][320]LogModuleManager: Shutting down and abandoning module FunctionalTesting (196)
[2017.11.04-15.04.54:442][320]LogModuleManager: Shutting down and abandoning module CollisionAnalyzer (194)
[2017.11.04-15.04.54:442][320]LogModuleManager: Shutting down and abandoning module UMG (192)
[2017.11.04-15.04.54:442][320]LogModuleManager: Shutting down and abandoning module UMGEditor (191)
[2017.11.04-15.04.54:442][320]LogModuleManager: Shutting down and abandoning module Sequencer (190)
[2017.11.04-15.04.54:442][320]LogModuleManager: Shutting down and abandoning module AssetTools (188)
[2017.11.04-15.04.54:442][320]LogModuleManager: Shutting down and abandoning module MessageLog (187)
[2017.11.04-15.04.54:442][320]LogModuleManager: Shutting down and abandoning module WorkspaceMenuStructure (186)
[2017.11.04-15.04.54:442][320]LogModuleManager: Shutting down and abandoning module SlateReflector (180)
[2017.11.04-15.04.54:442][320]LogModuleManager: Shutting down and abandoning module Slate (178)
[2017.11.04-15.04.54:442][320]LogModuleManager: Shutting down and abandoning module EditorStyle (176)
[2017.11.04-15.04.54:445][320]LogModuleManager: Shutting down and abandoning module SourceCodeAccess (174)
[2017.11.04-15.04.54:445][320]LogModuleManager: Shutting down and abandoning module HeadMountedDisplay (172)
[2017.11.04-15.04.54:445][320]LogModuleManager: Shutting down and abandoning module XAudio2 (170)
[2017.11.04-15.04.54:445][320]LogModuleManager: Shutting down and abandoning module Networking (168)
[2017.11.04-15.04.54:445][320]LogModuleManager: Shutting down and abandoning module Core (164)
[2017.11.04-15.04.54:445][320]LogModuleManager: Shutting down and abandoning module AssetRegistry (162)
[2017.11.04-15.04.54:583][320]LogDirectoryWatcher: A directory notification for '../../../Engine/Content/' was aborted.
[2017.11.04-15.04.54:583][320]LogDirectoryWatcher: A directory notification for 'E:/Samuel/Goldsmiths/Intro to modeling and animation/Modeling project/Unreal scene/MyProject2/Content/' was aborted.
[2017.11.04-15.04.54:583][320]LogDirectoryWatcher: A directory notification for '../../../Engine/Plugins/2D/Paper2D/Content/' was aborted.
[2017.11.04-15.04.54:583][320]LogDirectoryWatcher: A directory notification for '../../../Engine/Plugins/Runtime/GearVR/Content/' was aborted.
[2017.11.04-15.04.54:585][320]LogModuleManager: Shutting down and abandoning module DirectoryWatcher (161)
[2017.11.04-15.04.54:586][320]LogModuleManager: Shutting down and abandoning module KismetCompiler (158)
[2017.11.04-15.04.54:586][320]LogModuleManager: Shutting down and abandoning module LevelSequence (156)
[2017.11.04-15.04.54:586][320]LogModuleManager: Shutting down and abandoning module PhysXFormats (154)
[2017.11.04-15.04.54:586][320]LogModuleManager: Shutting down and abandoning module MeshUtilities (152)
[2017.11.04-15.04.54:586][320]LogModuleManager: Shutting down and abandoning module SimplygonSwarm (151)
[2017.11.04-15.04.54:586][320]LogModuleManager: Shutting down and abandoning module SimplygonMeshReduction (149)
[2017.11.04-15.04.54:586][320]LogModuleManager: Shutting down and abandoning module QuadricMeshReduction (147)
[2017.11.04-15.04.54:586][320]LogModuleManager: Shutting down and abandoning module DerivedDataCache (144)
[2017.11.04-15.04.54:646][320]LogDerivedDataCache: Shutdown
[2017.11.04-15.04.54:646][320]LogModuleManager: Shutting down and abandoning module TargetPlatform (142)
[2017.11.04-15.04.54:646][320]LogModuleManager: Shutting down and abandoning module VulkanShaderFormat (141)
[2017.11.04-15.04.54:646][320]LogModuleManager: Shutting down and abandoning module ShaderFormatVectorVM (139)
[2017.11.04-15.04.54:646][320]LogModuleManager: Shutting down and abandoning module ShaderFormatOpenGL (137)
[2017.11.04-15.04.54:646][320]LogModuleManager: Shutting down and abandoning module ShaderFormatD3D (135)
[2017.11.04-15.04.54:646][320]LogModuleManager: Shutting down and abandoning module MetalShaderFormat (133)
[2017.11.04-15.04.54:646][320]LogModuleManager: Shutting down and abandoning module TextureFormatUncompressed (131)
[2017.11.04-15.04.54:646][320]LogModuleManager: Shutting down and abandoning module TextureFormatPVR (129)
[2017.11.04-15.04.54:646][320]LogModuleManager: Shutting down and abandoning module TextureFormatDXT (127)
[2017.11.04-15.04.54:646][320]LogModuleManager: Shutting down and abandoning module TextureFormatIntelISPCTexComp (125)
[2017.11.04-15.04.54:646][320]LogModuleManager: Shutting down and abandoning module TextureFormatASTC (123)
[2017.11.04-15.04.54:646][320]LogModuleManager: Shutting down and abandoning module ImageWrapper (122)
[2017.11.04-15.04.54:646][320]LogModuleManager: Shutting down and abandoning module TextureFormatAndroid (119)
[2017.11.04-15.04.54:646][320]LogModuleManager: Shutting down and abandoning module AudioFormatOpus (117)
[2017.11.04-15.04.54:646][320]LogModuleManager: Shutting down and abandoning module AudioFormatOgg (115)
[2017.11.04-15.04.54:646][320]LogModuleManager: Shutting down and abandoning module AudioFormatADPCM (113)
[2017.11.04-15.04.54:646][320]LogModuleManager: Shutting down and abandoning module LinuxTargetPlatform (111)
[2017.11.04-15.04.54:646][320]LogModuleManager: Shutting down and abandoning module LinuxServerTargetPlatform (109)
[2017.11.04-15.04.54:646][320]LogModuleManager: Shutting down and abandoning module LinuxNoEditorTargetPlatform (107)
[2017.11.04-15.04.54:646][320]LogModuleManager: Shutting down and abandoning module LinuxClientTargetPlatform (105)
[2017.11.04-15.04.54:646][320]LogModuleManager: Shutting down and abandoning module TVOSTargetPlatform (103)
[2017.11.04-15.04.54:646][320]LogModuleManager: Shutting down and abandoning module Messaging (101)
[2017.11.04-15.04.54:646][320]LogModuleManager: Shutting down and abandoning module IOSTargetPlatform (99)
[2017.11.04-15.04.54:646][320]LogModuleManager: Shutting down and abandoning module HTML5TargetPlatform (97)
[2017.11.04-15.04.54:646][320]LogModuleManager: Shutting down and abandoning module Android_PVRTCTargetPlatform (95)
[2017.11.04-15.04.54:646][320]LogModuleManager: Shutting down and abandoning module Android_MultiTargetPlatform (93)
[2017.11.04-15.04.54:646][320]LogModuleManager: Shutting down and abandoning module Android_ETC2TargetPlatform (91)
[2017.11.04-15.04.54:646][320]LogModuleManager: Shutting down and abandoning module Android_ETC1TargetPlatform (89)
[2017.11.04-15.04.54:646][320]LogModuleManager: Shutting down and abandoning module Android_DXTTargetPlatform (87)
[2017.11.04-15.04.54:646][320]LogModuleManager: Shutting down and abandoning module Android_ATCTargetPlatform (85)
[2017.11.04-15.04.54:646][320]LogModuleManager: Shutting down and abandoning module Android_ASTCTargetPlatform (83)
[2017.11.04-15.04.54:646][320]LogModuleManager: Shutting down and abandoning module AndroidTargetPlatform (81)
[2017.11.04-15.04.54:646][320]LogModuleManager: Shutting down and abandoning module WindowsTargetPlatform (79)
[2017.11.04-15.04.54:646][320]LogModuleManager: Shutting down and abandoning module WindowsServerTargetPlatform (77)
[2017.11.04-15.04.54:646][320]LogModuleManager: Shutting down and abandoning module WindowsNoEditorTargetPlatform (75)
[2017.11.04-15.04.54:646][320]LogModuleManager: Shutting down and abandoning module WindowsClientTargetPlatform (73)
[2017.11.04-15.04.54:646][320]LogModuleManager: Shutting down and abandoning module MacTargetPlatform (71)
[2017.11.04-15.04.54:646][320]LogModuleManager: Shutting down and abandoning module MacServerTargetPlatform (69)
[2017.11.04-15.04.54:646][320]LogModuleManager: Shutting down and abandoning module MacNoEditorTargetPlatform (67)
[2017.11.04-15.04.54:646][320]LogModuleManager: Shutting down and abandoning module MacClientTargetPlatform (65)
[2017.11.04-15.04.54:646][320]LogModuleManager: Shutting down and abandoning module AllDesktopTargetPlatform (63)
[2017.11.04-15.04.54:646][320]LogModuleManager: Shutting down and abandoning module InputCore (60)
[2017.11.04-15.04.54:646][320]LogModuleManager: Shutting down and abandoning module Settings (58)
[2017.11.04-15.04.54:646][320]LogModuleManager: Shutting down and abandoning module OculusRift (56)
[2017.11.04-15.04.54:646][320]LogModuleManager: Shutting down and abandoning module GearVRController (54)
[2017.11.04-15.04.54:646][320]LogModuleManager: Shutting down and abandoning module GearVR (52)
[2017.11.04-15.04.54:646][320]LogModuleManager: Shutting down and abandoning module ExampleDeviceProfileSelector (50)
[2017.11.04-15.04.54:646][320]LogModuleManager: Shutting down and abandoning module OnlineBlueprintSupport (48)
[2017.11.04-15.04.54:646][320]LogModuleManager: Shutting down and abandoning module OnlineSubsystem (44)
[2017.11.04-15.04.54:646][320]LogOnline:Display: Unloading online subsystem: NULL
[2017.11.04-15.04.54:646][320]LogModuleManager: Shutting down and abandoning module XMPP (43)
[2017.11.04-15.04.54:646][320]LogModuleManager: Shutting down and abandoning module HTTP (41)
[2017.11.04-15.04.54:646][320]LogHttp:Display: Http module shutting down, but needs to wait on 1 outstanding Http requests:
[2017.11.04-15.04.54:646][320]LogHttp:Display: 	verb=[POST] url=[https://datarouter.ol.epicgames.com/datarouter/api/v1/public/data?SessionID=%7B29A68806-47AC-0DC3-E44C-7CB5AE278BAF%7D&AppID=UEEditor.Rocket.Release&AppVersion=4.16.1-3466753%2B%2B%2BUE4%2BRelease-4.16&UserID=d98441f04ad255797ce1d6926d218bea%7C6b072b2224d540a39567896391148b54%7Ca4ff8688-4674-40be-a8b4-7a95ef2476e5&AppEnvironment=datacollector-binary&UploadType=eteventstream] status=Processing
[2017.11.04-15.04.54:662][320]LogModuleManager: Shutting down and abandoning module SSL (40)
[2017.11.04-15.04.54:663][320]LogModuleManager: Shutting down and abandoning module HTTPChunkInstaller (36)
[2017.11.04-15.04.54:663][320]LogModuleManager: Shutting down and abandoning module AnimationModifiers (34)
[2017.11.04-15.04.54:663][320]LogModuleManager: Shutting down and abandoning module PropertyEditor (33)
[2017.11.04-15.04.54:663][320]LogModuleManager: Shutting down and abandoning module AudioEditor (30)
[2017.11.04-15.04.54:663][320]LogModuleManager: Shutting down and abandoning module TextureCompressor (28)
[2017.11.04-15.04.54:663][320]LogModuleManager: Shutting down and abandoning module ShaderCore (26)
[2017.11.04-15.04.54:663][320]LogModuleManager: Shutting down and abandoning module Landscape (24)
[2017.11.04-15.04.54:663][320]LogModuleManager: Shutting down and abandoning module SlateRHIRenderer (22)
[2017.11.04-15.04.54:664][320]LogModuleManager: Shutting down and abandoning module OpenGLDrv (20)
[2017.11.04-15.04.54:664][320]LogModuleManager: Shutting down and abandoning module D3D11RHI (18)
[2017.11.04-15.04.54:664][320]LogModuleManager: Shutting down and abandoning module AnimGraphRuntime (16)
[2017.11.04-15.04.54:664][320]LogModuleManager: Shutting down and abandoning module Renderer (14)
[2017.11.04-15.04.54:664][320]LogModuleManager: Shutting down and abandoning module Engine (12)
[2017.11.04-15.04.54:664][320]LogModuleManager: Shutting down and abandoning module CoreUObject (10)
[2017.11.04-15.04.54:664][320]LogModuleManager: Shutting down and abandoning module NetworkFile (8)
[2017.11.04-15.04.54:664][320]LogModuleManager: Shutting down and abandoning module StreamingFile (6)
[2017.11.04-15.04.54:664][320]LogModuleManager: Shutting down and abandoning module SandboxFile (4)
[2017.11.04-15.04.54:664][320]LogModuleManager: Shutting down and abandoning module PakFile (2)
[2017.11.04-15.04.54:667][320]LogExit: Exiting.
[2017.11.04-15.04.54:673][320]Log file closed, 11/04/17 15:04:54
