Log file open, 11/05/17 20:23:37
LogInit:Display: Running engine for game: MyProject2
LogPlatformFile: Not using cached read wrapper
LogInit:Display: RandInit(1906666822) SRandInit(1906666822).
LogTaskGraph: Started task graph with 5 named threads and 8 total threads with 1 sets of task threads.
LogStats: Stats thread started at 0.092894
LogInit: Using libcurl 7.47.1
LogInit:  - built for x86_64-pc-win32
LogInit:  - supports SSL with OpenSSL/1.0.2g
LogInit:  - supports HTTP deflate (compression) using libz 1.2.8
LogInit:  - other features:
LogInit:      CURL_VERSION_SSL
LogInit:      CURL_VERSION_LIBZ
LogInit:      CURL_VERSION_IPV6
LogInit:      CURL_VERSION_ASYNCHDNS
LogInit:      CURL_VERSION_LARGEFILE
LogInit:      CURL_VERSION_IDN
LogInit:  CurlRequestOptions (configurable via config and command line):
LogInit:  - bVerifyPeer = false  - Libcurl will NOT verify peer certificate
LogInit:  - bUseHttpProxy = false  - Libcurl will NOT use HTTP proxy
LogInit:  - bDontReuseConnections = false  - Libcurl will reuse connections
LogInit:  - CertBundlePath = nullptr  - Libcurl will use whatever was configured at build time.
LogInit: Build: ++UE4+Release-4.16-CL-3466753
LogInit: Engine Version: 4.16.1-3466753+++UE4+Release-4.16
LogInit: Compatible Engine Version: 4.16.0-3452394+++UE4+Release-4.16
LogInit: Net CL: 3452394
LogDevObjectVersion: Number of dev versions registered: 16
LogDevObjectVersion:   Dev-Blueprints (B0D832E4-1F89-4F0D-ACCF-7EB736FD4AA2): 9
LogDevObjectVersion:   Dev-Build (E1C64328-A22C-4D53-A36C-8E866417BD8C): 0
LogDevObjectVersion:   Dev-Core (375EC13C-06E4-48FB-B500-84F0262A717E): 2
LogDevObjectVersion:   Dev-Editor (E4B068ED-F494-42E9-A231-DA0B2E46BB41): 17
LogDevObjectVersion:   Dev-Framework (CFFC743F-43B0-4480-9391-14DF171D2073): 23
LogDevObjectVersion:   Dev-Mobile (B02B49B5-BB20-44E9-A304-32B752E40360): 0
LogDevObjectVersion:   Dev-Networking (A4E4105C-59A1-49B5-A7C5-40C4547EDFEE): 0
LogDevObjectVersion:   Dev-Online (39C831C9-5AE6-47DC-9A44-9C173E1C8E7C): 0
LogDevObjectVersion:   Dev-Physics (78F01B33-EBEA-4F98-B9B4-84EACCB95AA2): 0
LogDevObjectVersion:   Dev-Platform (6631380F-2D4D-43E0-8009-CF276956A95A): 0
LogDevObjectVersion:   Dev-Rendering (12F88B9F-8875-4AFC-A67C-D90C383ABD29): 15
LogDevObjectVersion:   Dev-Sequencer (7B5AE74C-D270-4C10-A958-57980B212A5A): 4
LogDevObjectVersion:   Dev-VR (D7296918-1DD6-4BDD-9DE2-64A83CC13884): 0
LogDevObjectVersion:   Dev-LoadTimes (C2A15278-BFE7-4AFE-6C17-90FF531DF755): 1
LogDevObjectVersion:   Private-Geometry (6EACA3D4-40EC-4CC1-B786-8BED09428FC5): 1
LogDevObjectVersion:   Dev-AnimPhys (29E575DD-E0A3-4627-9D10-D276232CDCEA): 3
LogInit: Compiled (64-bit): May 31 2017 02:03:30
LogInit: Compiled with Visual C++: 19.00.24215.01
LogInit: Build Configuration: Development
LogInit: Branch Name: ++UE4+Release-4.16
LogInit: Command line: -EpicPortal 
LogInit: Base directory: C:/Program Files (x86)/Epic Games/UE_4.16/Engine/Binaries/Win64/
LogInit: Installed Engine Build: 1
LogInit: Presizing for max 8388607 objects, including 0 objects not considered by GC, pre-allocating 0 bytes for permanent pool.
LogInit: Object subsystem initialized
[2017.11.05-20.23.38:386][  0]LogInit: Selected Device Profile: [Windows]
[2017.11.05-20.23.38:386][  0]LogInit: Applying CVar settings loaded from the selected device profile: [Windows]
[2017.11.05-20.23.38:395][  0]LogInit: Computer: LAPTOP-R2G7UD2V
[2017.11.05-20.23.38:395][  0]LogInit: User: samue
[2017.11.05-20.23.38:395][  0]LogInit: CPU Page size=4096, Cores=4
[2017.11.05-20.23.38:395][  0]LogInit: High frequency timer resolution =2.531249 MHz
[2017.11.05-20.23.38:395][  0]LogMemory: Memory total: Physical=15.8GB (16GB approx)
[2017.11.05-20.23.38:395][  0]LogMemory: Platform Memory Stats for Windows
[2017.11.05-20.23.38:395][  0]LogMemory: Process Physical Memory: 273.73 MB used, 273.73 MB peak
[2017.11.05-20.23.38:395][  0]LogMemory: Process Virtual Memory: 260.82 MB used, 260.82 MB peak
[2017.11.05-20.23.38:395][  0]LogMemory: Physical Memory: 4737.77 MB used,  11474.01 MB free, 16211.78 MB total
[2017.11.05-20.23.38:395][  0]LogMemory: Virtual Memory: 642.96 MB used,  11474.01 MB free, 134217728.00 MB total
[2017.11.05-20.23.38:479][  0]LogInit: Using OS detected language (en-US).
[2017.11.05-20.23.38:479][  0]LogInit: Using OS detected locale (en-US).
[2017.11.05-20.23.38:481][  0]LogTextLocalizationManager: No specific localization for 'en-US' exists, so the 'en' localization will be used.
[2017.11.05-20.23.39:549][  0]LogD3D11RHI: D3D11 adapters:
[2017.11.05-20.23.39:601][  0]LogD3D11RHI:    0. 'NVIDIA GeForce GTX 960M' (Feature Level 11_0)
[2017.11.05-20.23.39:601][  0]LogD3D11RHI:       4065/0/8105 MB DedicatedVideo/DedicatedSystem/SharedSystem, Outputs:2, VendorId:0x10de
[2017.11.05-20.23.39:608][  0]LogD3D11RHI:    1. 'Intel(R) HD Graphics 530' (Feature Level 11_0)
[2017.11.05-20.23.39:608][  0]LogD3D11RHI:       128/0/8105 MB DedicatedVideo/DedicatedSystem/SharedSystem, Outputs:0, VendorId:0x8086
[2017.11.05-20.23.39:610][  0]LogD3D11RHI:    2. 'Microsoft Basic Render Driver' (Feature Level 11_0)
[2017.11.05-20.23.39:610][  0]LogD3D11RHI:       0/0/8105 MB DedicatedVideo/DedicatedSystem/SharedSystem, Outputs:0, VendorId:0x1414
[2017.11.05-20.23.39:610][  0]LogD3D11RHI: Chosen D3D11 Adapter: 0
[2017.11.05-20.23.39:616][  0]LogD3D11RHI: Creating new Direct3DDevice
[2017.11.05-20.23.39:616][  0]LogD3D11RHI:     GPU DeviceId: 0x139b (for the marketing name, search the web for "GPU Device Id")
[2017.11.05-20.23.39:616][  0]LogWindows: EnumDisplayDevices:
[2017.11.05-20.23.39:616][  0]LogWindows:    0. 'Intel(R) HD Graphics 530' (P:0 D:1)
[2017.11.05-20.23.39:616][  0]LogWindows:    1. 'Intel(R) HD Graphics 530' (P:1 D:1)
[2017.11.05-20.23.39:617][  0]LogWindows:    2. 'Intel(R) HD Graphics 530' (P:0 D:0)
[2017.11.05-20.23.39:617][  0]LogWindows: DebugString: PrimaryIsNotTheChoosenAdapter PrimaryIsNotTheChoosenAdapter PrimaryIsNotTheChoosenAdapter FoundDriverCount:0 
[2017.11.05-20.23.39:617][  0]LogD3D11RHI:     Adapter Name: NVIDIA GeForce GTX 960M
[2017.11.05-20.23.39:617][  0]LogD3D11RHI:   Driver Version: Unknown (internal:Unknown, unified:Unknown)
[2017.11.05-20.23.39:617][  0]LogD3D11RHI:      Driver Date: Unknown
[2017.11.05-20.23.39:617][  0]LogRHI: Texture pool is 1361 MB (70% of 1945 MB)
[2017.11.05-20.23.39:646][  0]LogD3D11RHI: Async texture creation enabled
[2017.11.05-20.23.39:659][  0]LogD3D11RHI: GPU Timing Frequency: 1000.000000 (Debug: 2 1)
[2017.11.05-20.23.39:660][  0]LogShaderCompilers: Guid format shader working directory is -48 characters bigger than the processId version (E:/Samuel/Goldsmiths/Intro to modeling and animation/Modeling project/Unreal scene/MyProject2/Intermediate/Shaders/WorkingDirectory/10368/).
[2017.11.05-20.23.39:660][  0]LogShaderCompilers: Cleaned the shader compiler working directory 'C:/Users/samue/AppData/Local/Temp/UnrealShaderWorkingDir/63E624F549D130D319D08CA1C0FE32DB/'.
[2017.11.05-20.23.39:660][  0]LogShaderCompilers:Display: Using Local Shader Compiler.
[2017.11.05-20.23.40:861][  0]LogTemp:Display: Loaded TP AllDesktopTargetPlatform
[2017.11.05-20.23.40:930][  0]LogTemp:Display: Loaded TP MacClientTargetPlatform
[2017.11.05-20.23.40:995][  0]LogTemp:Display: Loaded TP MacNoEditorTargetPlatform
[2017.11.05-20.23.41:068][  0]LogTemp:Display: Loaded TP MacServerTargetPlatform
[2017.11.05-20.23.41:131][  0]LogTemp:Display: Loaded TP MacTargetPlatform
[2017.11.05-20.23.41:195][  0]LogTemp:Display: Loaded TP WindowsClientTargetPlatform
[2017.11.05-20.23.41:259][  0]LogTemp:Display: Loaded TP WindowsNoEditorTargetPlatform
[2017.11.05-20.23.41:323][  0]LogTemp:Display: Loaded TP WindowsServerTargetPlatform
[2017.11.05-20.23.41:381][  0]LogTemp:Display: Loaded TP WindowsTargetPlatform
[2017.11.05-20.23.41:443][  0]LogTemp:Display: Loaded TP AndroidTargetPlatform
[2017.11.05-20.23.41:503][  0]LogTemp:Display: Loaded TP Android_ASTCTargetPlatform
[2017.11.05-20.23.41:566][  0]LogTemp:Display: Loaded TP Android_ATCTargetPlatform
[2017.11.05-20.23.41:627][  0]LogTemp:Display: Loaded TP Android_DXTTargetPlatform
[2017.11.05-20.23.41:687][  0]LogTemp:Display: Loaded TP Android_ETC1TargetPlatform
[2017.11.05-20.23.41:750][  0]LogTemp:Display: Loaded TP Android_ETC2TargetPlatform
[2017.11.05-20.23.41:886][  0]LogTemp:Display: Loaded TP Android_MultiTargetPlatform
[2017.11.05-20.23.41:886][  0]LogTemp:Display: Loaded TP Android_PVRTCTargetPlatform
[2017.11.05-20.23.41:934][  0]LogTemp:Display: Loaded TP HTML5TargetPlatform
[2017.11.05-20.23.42:061][  0]LogTemp:Display: Loaded TP IOSTargetPlatform
[2017.11.05-20.23.42:104][  0]LogTemp:Display: Loaded TP TVOSTargetPlatform
[2017.11.05-20.23.42:165][  0]LogTemp:Display: Loaded TP LinuxClientTargetPlatform
[2017.11.05-20.23.42:235][  0]LogTemp:Display: Loaded TP LinuxNoEditorTargetPlatform
[2017.11.05-20.23.42:297][  0]LogTemp:Display: Loaded TP LinuxServerTargetPlatform
[2017.11.05-20.23.42:363][  0]LogTemp:Display: Loaded TP LinuxTargetPlatform
[2017.11.05-20.23.42:363][  0]LogTargetPlatformManager:Display: Building Assets For Windows
[2017.11.05-20.23.43:016][  0]LogDerivedDataCache:Display: Max Cache Size: 512 MB
[2017.11.05-20.23.43:122][  0]LogDerivedDataCache: Loaded boot cache 0.11s 90MB C:/Users/samue/AppData/Local/UnrealEngine/4.16/DerivedDataCache/Boot.ddc.
[2017.11.05-20.23.43:122][  0]LogDerivedDataCache:Display: Loaded Boot cache: C:/Users/samue/AppData/Local/UnrealEngine/4.16/DerivedDataCache/Boot.ddc
[2017.11.05-20.23.43:123][  0]LogDerivedDataCache: FDerivedDataBackendGraph:  Pak pak cache file E:/Samuel/Goldsmiths/Intro to modeling and animation/Modeling project/Unreal scene/MyProject2/DerivedDataCache/DDC.ddp not found, will not use a pak cache.
[2017.11.05-20.23.43:123][  0]LogDerivedDataCache: Unable to find inner node Pak for hierarchical cache Hierarchy.
[2017.11.05-20.23.43:123][  0]LogDerivedDataCache: FDerivedDataBackendGraph:  CompressedPak pak cache file E:/Samuel/Goldsmiths/Intro to modeling and animation/Modeling project/Unreal scene/MyProject2/DerivedDataCache/Compressed.ddp not found, will not use a pak cache.
[2017.11.05-20.23.43:123][  0]LogDerivedDataCache: Unable to find inner node CompressedPak for hierarchical cache Hierarchy.
[2017.11.05-20.23.43:142][  0]LogDerivedDataCache:Display: Pak cache opened for reading ../../../Engine/DerivedDataCache/Compressed.ddp.
[2017.11.05-20.23.43:155][  0]LogDerivedDataCache: Using Local data cache path C:/Users/samue/AppData/Local/UnrealEngine/Common/DerivedDataCache: Writable
[2017.11.05-20.23.43:164][  0]LogMaterial: Verifying Global Shaders for PCD3D_SM5
[2017.11.05-20.23.43:165][  0]LogSlate: Using Freetype 2.6.0
[2017.11.05-20.23.43:165][  0]LogSlate: SlateFontCache - WITH_FREETYPE: 1, WITH_HARFBUZZ: 1
[2017.11.05-20.23.43:165][  0]LogSlate: SlateFontCache - WITH_FREETYPE: 1, WITH_HARFBUZZ: 1
[2017.11.05-20.23.43:528][  0]LogInit: Selected Device Profile: [Windows]
[2017.11.05-20.23.43:611][  0]LogContentStreaming: Texture pool size is 0.00 MB
[2017.11.05-20.23.43:779][  0]LogMeshUtilities: Using QuadricMeshReduction for automatic static mesh reduction
[2017.11.05-20.23.43:830][  0]LogSimplygon: Simplygon DLL not present - disabling.
[2017.11.05-20.23.43:885][  0]LogMeshUtilities: Using SimplygonSwarm for distributed automatic mesh merging
[2017.11.05-20.23.43:885][  0]LogMeshUtilities: No automatic skeletal mesh reduction module available
[2017.11.05-20.23.43:885][  0]LogMeshUtilities: No automatic mesh merging module available
[2017.11.05-20.23.44:526][  0]LogNetVersion: MyProject2 , NetCL: 3452394, EngineNetVer: 2, GameNetVer: 0 (Checksum: 4119263391)
[2017.11.05-20.23.44:590][  0]LogAssetRegistry: FAssetRegistry took 0.0254 seconds to start up
[2017.11.05-20.23.44:663][  0]LogPackageLocalizationCache: Processed 4 localized package path(s) for 2 prioritized culture(s) in 0.044466 seconds
[2017.11.05-20.23.44:668][  0]LogUObjectArray: 34194 objects as part of root set at end of initial load.
[2017.11.05-20.23.44:668][  0]LogUObjectAllocator: 7260424 out of 0 bytes used by permanent object pool.
[2017.11.05-20.23.44:668][  0]LogUObjectArray: CloseDisregardForGC: 0/0 objects in disregard for GC pool
[2017.11.05-20.23.44:742][  0]LogInit: WinSock: version 1.1 (2.2), MaxSocks=32767, MaxUdp=65467
[2017.11.05-20.23.47:291][  0]LogTcpMessaging: Initializing TcpMessaging bridge
[2017.11.05-20.23.47:334][  0]LogUdpMessaging: Initializing bridge on interface 0.0.0.0:0 to multicast group 230.0.0.1:6666.
[2017.11.05-20.23.47:904][  0]LogMaterial: Uniform references updated for custom material expression Custom.
[2017.11.05-20.23.48:342][  0]SourceControl: Info Source control is disabled
[2017.11.05-20.23.48:379][  0]SourceControl: Info Source control is disabled
[2017.11.05-20.23.48:429][  0]SourceControl: Info Source control is disabled
[2017.11.05-20.23.48:480][  0]SourceControl: Info Source control is disabled
[2017.11.05-20.23.49:199][  0]LogAndroidPermission: UAndroidPermissionCallbackProxy::GetInstance
[2017.11.05-20.23.49:843][  0]LogEngine: Initializing Engine...
[2017.11.05-20.23.49:844][  0]LogHMD: Failed to initialize OpenVR with code 110
[2017.11.05-20.23.50:083][  0]LogStats: UGameplayTagsManager::ConstructGameplayTagTree: Construct from data asset -  0.000 s
[2017.11.05-20.23.50:083][  0]LogStats: UGameplayTagsManager::ConstructGameplayTagTree: GameplayTagTreeChangedEvent.Broadcast -  0.000 s
[2017.11.05-20.23.50:220][  0]LogAIModule: Creating AISystem for world Untitled
[2017.11.05-20.23.50:232][  0]LogInit: XAudio2 using 'Speakers (Realtek High Definition Audio)' : 2 channels at 48 kHz using 32 bits per sample (channel mask 0x3)
[2017.11.05-20.23.50:273][  0]LogInit: FAudioDevice initialized.
[2017.11.05-20.23.50:319][  0]LogDerivedDataCache: Saved boot cache 0.05s 90MB C:/Users/samue/AppData/Local/UnrealEngine/4.16/DerivedDataCache/Boot.ddc.
[2017.11.05-20.23.50:330][  0]LogInit: Texture streaming: Enabled
[2017.11.05-20.23.50:436][  0]LogEngineSessionManager: EngineSessionManager initialized
[2017.11.05-20.23.50:681][  0]LogInit: Transaction tracking system initialized
[2017.11.05-20.23.51:032][  0]BlueprintLog: New page: Editor Load
[2017.11.05-20.23.52:082][  0]LocalizationService: Info Localization service is disabled
[2017.11.05-20.23.52:839][  0]LogConsoleResponse:Display: 
[2017.11.05-20.23.53:006][  0]LogCook:Display: Max memory allowance for cook 16384mb min free memory 0mb
[2017.11.05-20.23.53:006][  0]LogCook:Display: Mobile HDR setting 1
[2017.11.05-20.23.53:379][  0]LogFileCache: Scanning file cache for directory 'E:/Samuel/Goldsmiths/Intro to modeling and animation/Modeling project/Unreal scene/MyProject2/Content/' took 0.01s
[2017.11.05-20.23.54:121][  0]SourceControl: Info Source control is disabled
[2017.11.05-20.23.54:121][  0]Cmd: MAP LOAD FILE="../../../Engine/Content/Maps/Templates/Template_Default.umap" TEMPLATE=1 SHOWPROGRESS=1 FEATURELEVEL=3
[2017.11.05-20.23.54:121][  0]LightingResults: New page: Lighting Build
[2017.11.05-20.23.54:168][  0]MapCheck: New page: Map Check
[2017.11.05-20.23.54:168][  0]LightingResults: New page: Lighting Build
[2017.11.05-20.23.54:368][  0]LogAIModule: Creating AISystem for world Untitled_1
[2017.11.05-20.23.54:369][  0]LogActorComponent: RegisterComponentWithWorld: (/Temp/Untitled_1.Untitled_1:PersistentLevel.WorldSettings_1.StaticMeshComponent0) Trying to register component with IsPendingKill() == true. Aborting.
[2017.11.05-20.23.54:375][  0]LogEditorServer: Finished looking for orphan Actors (0.000 secs)
[2017.11.05-20.23.54:394][  0]Cmd: MAP CHECKDEP NOCLEARLOG
[2017.11.05-20.23.54:436][  0]MapCheck: Info Map check complete: 0 Error(s), 0 Warning(s), took 42.669ms to complete.
[2017.11.05-20.23.54:436][  0]LogFileHelpers: Loading map 'Template_Default' took 0.315
[2017.11.05-20.23.54:517][  0]LogWindowsTextInputMethodSystem:Display: IME system now deactivated.
[2017.11.05-20.23.54:607][  0]LogCollectionManager: Loaded 0 collections in 0.001463 seconds
[2017.11.05-20.23.54:696][  0]LogFileCache: Scanning file cache for directory 'E:/Samuel/Goldsmiths/Intro to modeling and animation/Modeling project/Unreal scene/MyProject2/Saved/Collections/' took 0.01s
[2017.11.05-20.23.54:696][  0]LogFileCache: Scanning file cache for directory 'E:/Samuel/Goldsmiths/Intro to modeling and animation/Modeling project/Unreal scene/MyProject2/Content/Developers/samue/Collections/' took 0.01s
[2017.11.05-20.23.54:696][  0]LogFileCache: Scanning file cache for directory 'E:/Samuel/Goldsmiths/Intro to modeling and animation/Modeling project/Unreal scene/MyProject2/Content/Collections/' took 0.01s
[2017.11.05-20.23.54:696][  0]LogCollectionManager: Rebuilt the GUID cache for 0 collections in 0.000001 seconds
[2017.11.05-20.23.54:706][  0]LogContentBrowser: Native class hierarchy populated in 0.0091 seconds. Added 2329 classes and 491 folders.
[2017.11.05-20.23.54:780][  0]LogContentBrowser: Native class hierarchy updated for 'WidgetCarousel' in 0.0005 seconds. Added 0 classes and 0 folders.
[2017.11.05-20.23.54:814][  0]LogContentBrowser: Native class hierarchy updated for 'AddContentDialog' in 0.0007 seconds. Added 0 classes and 0 folders.
[2017.11.05-20.23.54:863][  0]LogContentBrowser: Native class hierarchy updated for 'SceneOutliner' in 0.0006 seconds. Added 1 classes and 2 folders.
[2017.11.05-20.23.54:906][  0]LogCrashTracker: Crashtracker disabled due to settings.
[2017.11.05-20.23.54:912][  0]LogSlate: Took 0.000276 seconds to synchronously load lazily loaded font '../../../Engine/Content/Slate/Fonts/Roboto-Regular.ttf' (155K)
[2017.11.05-20.23.54:918][  0]LogSlate: Took 0.000792 seconds to synchronously load lazily loaded font '../../../Engine/Content/Slate/Fonts/Roboto-Bold.ttf' (160K)
[2017.11.05-20.23.54:926][  0]LogSlate: Took 0.000273 seconds to synchronously load lazily loaded font '../../../Engine/Content/Editor/Slate/Fonts/FontAwesome.ttf' (139K)
[2017.11.05-20.23.55:040][  0]LogRenderer: Reallocating scene render targets to support 1132x536 NumSamples 1 (Frame:1).
[2017.11.05-20.23.55:186][  0]LogUObjectGlobals:Warning: Failed to find object 'Class None.'
[2017.11.05-20.23.55:256][  0]LogContentBrowser: Native class hierarchy updated for 'HierarchicalLODOutliner' in 0.0005 seconds. Added 1 classes and 2 folders.
[2017.11.05-20.23.55:256][  0]LogLoad: (Engine Initialization) Total time: 18.45 seconds
[2017.11.05-20.23.55:256][  0]LogLoad: (Engine Initialization) Total Blueprint compile time: 0.09 seconds
[2017.11.05-20.23.55:256][  0]LogExternalProfiler: No external profilers were discovered.  External profiling features will not be available.
[2017.11.05-20.23.55:279][  0]LogOcInput: OculusInput pre-init called
[2017.11.05-20.23.55:279][  0]LogHMD: Starting GearVRController plugin
[2017.11.05-20.23.55:295][  0]LogAssetRegistry: Asset discovery search completed in 10.7268 seconds
[2017.11.05-20.23.55:297][  0]LogCollectionManager: Rebuilt the object cache for 0 collections in 0.000000 seconds (found 0 objects)
[2017.11.05-20.23.55:297][  0]LogCollectionManager: Fixed up redirectors for 0 collections in 0.000020 seconds (updated 0 objects)
[2017.11.05-20.23.55:300][  0]LogContentStreaming: Texture pool size now 1000 MB
[2017.11.05-20.23.55:380][  0]LogRenderer: Reallocating scene render targets to support 1132x556 NumSamples 1 (Frame:2).
[2017.11.05-20.23.55:380][  0]LogSlate: Took 0.000352 seconds to synchronously load lazily loaded font '../../../Engine/Content/Slate/Fonts/Roboto-Light.ttf' (159K)
[2017.11.05-20.23.58:490][180]LogSlate: Took 0.000279 seconds to synchronously load lazily loaded font '../../../Engine/Content/Slate/Fonts/Roboto-Light.ttf' (159K)
[2017.11.05-20.23.58:871][180]LogAIModule: Creating AISystem for world NewMap
[2017.11.05-20.23.58:895][180]Cmd: MAP LOAD FILE="E:/Samuel/Goldsmiths/Intro to modeling and animation/Modeling project/Unreal scene/MyProject2/Content/NewMap.umap" TEMPLATE=0 SHOWPROGRESS=1 FEATURELEVEL=3
[2017.11.05-20.23.58:895][180]LightingResults: New page: Lighting Build
[2017.11.05-20.23.58:896][180]LoadErrors: New page: Loading map: NewMap.umap
[2017.11.05-20.23.58:896][180]MapCheck: New page: Map Check
[2017.11.05-20.23.58:896][180]LightingResults: New page: Lighting Build
[2017.11.05-20.23.58:910][180]LogEditorServer: Finished looking for orphan Actors (0.000 secs)
[2017.11.05-20.23.58:933][180]Cmd: MAP CHECKDEP NOCLEARLOG
[2017.11.05-20.23.58:989][180]MapCheck: Info Map check complete: 0 Error(s), 0 Warning(s), took 56.745ms to complete.
[2017.11.05-20.23.58:989][180]LogFileHelpers: Loading map 'NewMap' took 0.095
[2017.11.05-20.24.25:038][722]MapCheck: New page: Map Check
[2017.11.05-20.24.25:056][722]LightingResults: New page: Lighting Build - Nov 5, 2017, 8:24:25 PM
[2017.11.05-20.24.25:093][722]LogSwarmInterface: [OpenConnection] Registering TCP channel ...
[2017.11.05-20.24.25:177][722]LogSwarmInterface: [OpenConnection] Connecting to agent ...
[2017.11.05-20.24.25:187][722]LogSwarmInterface: [TryOpenConnection] Testing the Agent
[2017.11.05-20.24.25:696][722]LogSwarmInterface: [TryOpenConnection] Opening Connection to Agent
[2017.11.05-20.24.25:696][722]LogSwarmInterface: [TryOpenConnection] Local Process ID is 10368
[2017.11.05-20.24.27:991][722]LogStaticLightingSystem:Warning: No importance volume found, so the scene bounding box was used.  You can optimize your scene's quality and lighting build times by adding importance volumes.
[2017.11.05-20.24.27:992][722]LogStaticLightingSystem: Running Lightmass w/ ImmediateImport mode ENABLED
[2017.11.05-20.24.27:992][722]LogStaticLightingSystem: Running Lightmass w/ ImmediateProcess mode ENABLED
[2017.11.05-20.24.27:992][722]LogStaticLightingSystem: Running Lightmass w/ Sorting mode ENABLED
[2017.11.05-20.24.27:992][722]LogStaticLightingSystem: Running Lightmass w/ Mapping paddings ENABLED
[2017.11.05-20.24.27:992][722]LogStaticLightingSystem: Running Lightmass w/ Mapping debug paddings DISABLED
[2017.11.05-20.24.28:140][722]LogEditorBuildUtils: Build time 0:03
[2017.11.05-20.24.29:269][761]Job is a success!
[2017.11.05-20.24.29:389][763]LogTexture:Display: Building textures: LQ_Lightmap_0_1 (DXT1, 256X256)
[2017.11.05-20.24.29:389][763]LogTexture:Display: Building textures: HQ_Lightmap0_1 (AutoDXT, 256X256)
[2017.11.05-20.24.29:389][763]LogTexture:Display: Building textures: HQ_Lightmap0_2 (AutoDXT, 64X64)
[2017.11.05-20.24.29:389][763]LogTexture:Display: Building textures: LQ_Lightmap_0_2 (DXT1, 64X64)
[2017.11.05-20.24.29:389][763]LogTexture:Display: Building textures: ShadowMapTexture2D_1 (G8, 32X32)
[2017.11.05-20.24.29:389][763]LogTexture:Display: Building textures: ShadowMapTexture2D_0 (BGRA8, 128X128)
[2017.11.05-20.24.29:418][763]Lightmass on LAPTOP-R2G7UD2V: 681 ms total, 87 ms importing, 10 ms setup, 276 ms photons, 289 ms processing, 0 ms extra exporting [2/2 mappings]. Threads: 1.87 sec total, 217 ms processing.
[2017.11.05-20.24.29:427][763]LogStaticLightingSystem: Illumination: 4.34 sec (13 ms encoding lightmaps, 10 ms encoding shadowmaps)
[2017.11.05-20.24.29:427][763]LogStaticLightingSystem: Lightmap texture memory:  0.1 MB (0.1 MB streaming, 0.0 MB non-streaming), 4 textures
[2017.11.05-20.24.29:427][763]LogStaticLightingSystem: Shadowmap texture memory: 0.1 MB (0.1 MB streaming, 0.0 MB non-streaming), 2 textures
[2017.11.05-20.24.29:994][763]DumpUnbuiltLightIteractions
[2017.11.05-20.24.29:994][763]Lights with unbuilt interactions: 0
[2017.11.05-20.24.29:994][763]
[2017.11.05-20.24.29:994][763]Primitives with unbuilt interactions: 0
[2017.11.05-20.24.30:005][764]Cmd: MAP CHECK NOTIFYRESULTS
[2017.11.05-20.24.30:005][764]MapCheck: New page: NewMap - Nov 5, 2017, 8:24:30 PM
[2017.11.05-20.24.30:006][764]MapCheck:Warning: Warning Table_-_UV_36 Static mesh actor has NULL StaticMesh property 
[2017.11.05-20.24.30:006][764]MapCheck:Warning: Warning Table_-_UV_36 Static mesh actor has NULL StaticMesh property 
[2017.11.05-20.24.30:066][764]MapCheck: Info Map check complete: 0 Error(s), 2 Warning(s), took 60.396ms to complete.
[2017.11.05-20.24.50:949][  1]Cmd: TRANSACTION UNDO
[2017.11.05-20.24.50:949][  1]LogEditorTransaction: Undo Move Actors
[2017.11.05-20.24.51:003][  1]LogSlate: Took 0.000207 seconds to synchronously load lazily loaded font '../../../Engine/Content/Slate/Fonts/Roboto-Light.ttf' (159K)
[2017.11.05-20.25.05:442][862]LogSlate: Took 0.000390 seconds to synchronously load lazily loaded font '../../../Engine/Content/Editor/Slate/Fonts/Roboto-Italic.ttf' (157K)
[2017.11.05-20.25.06:366][917]LogEditorViewport: Clicking on Actor (LMB): BP_Sky_Sphere_C (Sky Sphere2)
[2017.11.05-20.26.25:881][657]LogEditorViewport: Clicking on Actor (LMB): DirectionalLight (DirectionalLight)
[2017.11.05-20.26.53:646][300]Cmd: EDIT COPY
[2017.11.05-20.26.53:846][312]Cmd: EDIT PASTE
[2017.11.05-20.27.26:696][257]MapCheck: New page: Map Check
[2017.11.05-20.27.26:712][257]LightingResults: New page: Lighting Build - Nov 5, 2017, 8:27:26 PM
[2017.11.05-20.27.26:721][257]LogSwarmInterface: [OpenConnection] Registering TCP channel ...
[2017.11.05-20.27.26:724][257]LogSwarmInterface: [OpenConnection] Connecting to agent ...
[2017.11.05-20.27.26:724][257]LogSwarmInterface: [TryOpenConnection] Testing the Agent
[2017.11.05-20.27.26:725][257]LogSwarmInterface: [TryOpenConnection] Opening Connection to Agent
[2017.11.05-20.27.26:725][257]LogSwarmInterface: [TryOpenConnection] Local Process ID is 10368
[2017.11.05-20.27.31:249][257]LogStaticLightingSystem:Warning: No importance volume found, so the scene bounding box was used.  You can optimize your scene's quality and lighting build times by adding importance volumes.
[2017.11.05-20.27.31:249][257]LogStaticLightingSystem: Running Lightmass w/ ImmediateImport mode ENABLED
[2017.11.05-20.27.31:249][257]LogStaticLightingSystem: Running Lightmass w/ ImmediateProcess mode ENABLED
[2017.11.05-20.27.31:249][257]LogStaticLightingSystem: Running Lightmass w/ Sorting mode ENABLED
[2017.11.05-20.27.31:249][257]LogStaticLightingSystem: Running Lightmass w/ Mapping paddings ENABLED
[2017.11.05-20.27.31:249][257]LogStaticLightingSystem: Running Lightmass w/ Mapping debug paddings DISABLED
[2017.11.05-20.27.31:378][257]LogEditorBuildUtils: Build time 0:04
[2017.11.05-20.27.32:482][299]Job is a success!
[2017.11.05-20.27.32:611][300]LogTexture:Display: Building textures: SkyOcclusion0_1 (AutoDXT, 256X128)
[2017.11.05-20.27.32:611][300]LogTexture:Display: Building textures: HQ_Lightmap1_1 (AutoDXT, 256X256)
[2017.11.05-20.27.32:611][300]LogTexture:Display: Building textures: LQ_Lightmap_1_1 (DXT1, 256X256)
[2017.11.05-20.27.32:611][300]LogTexture:Display: Building textures: SkyOcclusion0_2 (AutoDXT, 64X32)
[2017.11.05-20.27.32:611][300]LogTexture:Display: Building textures: LQ_Lightmap_1_2 (DXT1, 64X64)
[2017.11.05-20.27.32:611][300]LogTexture:Display: Building textures: HQ_Lightmap1_2 (AutoDXT, 64X64)
[2017.11.05-20.27.32:611][300]LogTexture:Display: Building textures: ShadowMapTexture2D_3 (BGRA8, 32X32)
[2017.11.05-20.27.32:611][300]LogTexture:Display: Building textures: ShadowMapTexture2D_2 (BGRA8, 128X128)
[2017.11.05-20.27.32:629][300]Lightmass on LAPTOP-R2G7UD2V: 742 ms total, 80 ms importing, 9 ms setup, 278 ms photons, 357 ms processing, 0 ms extra exporting [2/2 mappings]. Threads: 2.34 sec total, 245 ms processing.
[2017.11.05-20.27.32:636][300]LogStaticLightingSystem: Illumination: 5.90 sec (16 ms encoding lightmaps, 15 ms encoding shadowmaps)
[2017.11.05-20.27.32:636][300]LogStaticLightingSystem: Lightmap texture memory:  0.2 MB (0.2 MB streaming, 0.0 MB non-streaming), 4 textures
[2017.11.05-20.27.32:636][300]LogStaticLightingSystem: Shadowmap texture memory: 0.1 MB (0.1 MB streaming, 0.0 MB non-streaming), 2 textures
[2017.11.05-20.27.33:252][300]DumpUnbuiltLightIteractions
[2017.11.05-20.27.33:252][300]Lights with unbuilt interactions: 0
[2017.11.05-20.27.33:252][300]
[2017.11.05-20.27.33:252][300]Primitives with unbuilt interactions: 0
[2017.11.05-20.27.33:318][301]Cmd: MAP CHECK NOTIFYRESULTS
[2017.11.05-20.27.33:318][301]MapCheck: New page: NewMap - Nov 5, 2017, 8:27:33 PM
[2017.11.05-20.27.33:319][301]MapCheck:Warning: Warning Table_-_UV_36 Static mesh actor has NULL StaticMesh property 
[2017.11.05-20.27.33:319][301]MapCheck:Warning: Warning Table_-_UV_36 Static mesh actor has NULL StaticMesh property 
[2017.11.05-20.27.33:378][301]MapCheck: Info Map check complete: 0 Error(s), 2 Warning(s), took 60.218ms to complete.
[2017.11.05-20.28.09:123][426]MapCheck: New page: Map Check
[2017.11.05-20.28.09:137][426]LightingResults: New page: Lighting Build - Nov 5, 2017, 8:28:09 PM
[2017.11.05-20.28.09:146][426]LogSwarmInterface: [OpenConnection] Registering TCP channel ...
[2017.11.05-20.28.09:148][426]LogSwarmInterface: [OpenConnection] Connecting to agent ...
[2017.11.05-20.28.09:148][426]LogSwarmInterface: [TryOpenConnection] Testing the Agent
[2017.11.05-20.28.09:148][426]LogSwarmInterface: [TryOpenConnection] Opening Connection to Agent
[2017.11.05-20.28.09:148][426]LogSwarmInterface: [TryOpenConnection] Local Process ID is 10368
[2017.11.05-20.28.13:670][426]LogStaticLightingSystem:Warning: No importance volume found, so the scene bounding box was used.  You can optimize your scene's quality and lighting build times by adding importance volumes.
[2017.11.05-20.28.13:670][426]LogStaticLightingSystem: Running Lightmass w/ ImmediateImport mode ENABLED
[2017.11.05-20.28.13:670][426]LogStaticLightingSystem: Running Lightmass w/ ImmediateProcess mode ENABLED
[2017.11.05-20.28.13:670][426]LogStaticLightingSystem: Running Lightmass w/ Sorting mode ENABLED
[2017.11.05-20.28.13:670][426]LogStaticLightingSystem: Running Lightmass w/ Mapping paddings ENABLED
[2017.11.05-20.28.13:670][426]LogStaticLightingSystem: Running Lightmass w/ Mapping debug paddings DISABLED
[2017.11.05-20.28.13:788][426]LogEditorBuildUtils: Build time 0:04
[2017.11.05-20.28.14:836][466]Job is a success!
[2017.11.05-20.28.14:961][467]LogTexture:Display: Building textures: SkyOcclusion1_1 (AutoDXT, 256X128)
[2017.11.05-20.28.14:961][467]LogTexture:Display: Building textures: HQ_Lightmap0_1 (AutoDXT, 256X256)
[2017.11.05-20.28.14:961][467]LogTexture:Display: Building textures: LQ_Lightmap_0_1 (DXT1, 256X256)
[2017.11.05-20.28.14:961][467]LogTexture:Display: Building textures: SkyOcclusion1_2 (AutoDXT, 64X32)
[2017.11.05-20.28.14:961][467]LogTexture:Display: Building textures: HQ_Lightmap0_2 (AutoDXT, 64X64)
[2017.11.05-20.28.14:961][467]LogTexture:Display: Building textures: LQ_Lightmap_0_2 (DXT1, 64X64)
[2017.11.05-20.28.14:961][467]LogTexture:Display: Building textures: ShadowMapTexture2D_5 (BGRA8, 32X32)
[2017.11.05-20.28.14:961][467]LogTexture:Display: Building textures: ShadowMapTexture2D_4 (BGRA8, 128X128)
[2017.11.05-20.28.14:978][467]Lightmass on LAPTOP-R2G7UD2V: 735 ms total, 79 ms importing, 8 ms setup, 277 ms photons, 352 ms processing, 0 ms extra exporting [2/2 mappings]. Threads: 2.30 sec total, 250 ms processing.
[2017.11.05-20.28.14:983][467]LogStaticLightingSystem: Illumination: 5.82 sec (14 ms encoding lightmaps, 18 ms encoding shadowmaps)
[2017.11.05-20.28.14:983][467]LogStaticLightingSystem: Lightmap texture memory:  0.2 MB (0.2 MB streaming, 0.0 MB non-streaming), 4 textures
[2017.11.05-20.28.14:983][467]LogStaticLightingSystem: Shadowmap texture memory: 0.1 MB (0.1 MB streaming, 0.0 MB non-streaming), 2 textures
[2017.11.05-20.28.15:671][467]DumpUnbuiltLightIteractions
[2017.11.05-20.28.15:671][467]Lights with unbuilt interactions: 0
[2017.11.05-20.28.15:671][467]
[2017.11.05-20.28.15:671][467]Primitives with unbuilt interactions: 0
[2017.11.05-20.28.15:733][468]Cmd: MAP CHECK NOTIFYRESULTS
[2017.11.05-20.28.15:733][468]MapCheck: New page: NewMap - Nov 5, 2017, 8:28:15 PM
[2017.11.05-20.28.15:734][468]MapCheck:Warning: Warning Table_-_UV_36 Static mesh actor has NULL StaticMesh property 
[2017.11.05-20.28.15:734][468]MapCheck:Warning: Warning Table_-_UV_36 Static mesh actor has NULL StaticMesh property 
[2017.11.05-20.28.15:791][468]MapCheck: Info Map check complete: 0 Error(s), 2 Warning(s), took 58.386ms to complete.
[2017.11.05-20.29.47:616][935]MapCheck: New page: Map Check
[2017.11.05-20.29.47:634][935]LightingResults: New page: Lighting Build - Nov 5, 2017, 8:29:47 PM
[2017.11.05-20.29.47:643][935]LogSwarmInterface: [OpenConnection] Registering TCP channel ...
[2017.11.05-20.29.47:645][935]LogSwarmInterface: [OpenConnection] Connecting to agent ...
[2017.11.05-20.29.47:645][935]LogSwarmInterface: [TryOpenConnection] Testing the Agent
[2017.11.05-20.29.47:646][935]LogSwarmInterface: [TryOpenConnection] Opening Connection to Agent
[2017.11.05-20.29.47:646][935]LogSwarmInterface: [TryOpenConnection] Local Process ID is 10368
[2017.11.05-20.29.52:165][935]LogStaticLightingSystem:Warning: No importance volume found, so the scene bounding box was used.  You can optimize your scene's quality and lighting build times by adding importance volumes.
[2017.11.05-20.29.52:165][935]LogStaticLightingSystem: Running Lightmass w/ ImmediateImport mode ENABLED
[2017.11.05-20.29.52:165][935]LogStaticLightingSystem: Running Lightmass w/ ImmediateProcess mode ENABLED
[2017.11.05-20.29.52:165][935]LogStaticLightingSystem: Running Lightmass w/ Sorting mode ENABLED
[2017.11.05-20.29.52:165][935]LogStaticLightingSystem: Running Lightmass w/ Mapping paddings ENABLED
[2017.11.05-20.29.52:165][935]LogStaticLightingSystem: Running Lightmass w/ Mapping debug paddings DISABLED
[2017.11.05-20.29.52:292][935]LogEditorBuildUtils: Build time 0:04
[2017.11.05-20.29.53:278][960]Job is a success!
[2017.11.05-20.29.53:428][962]LogTexture:Display: Building textures: SkyOcclusion0_1 (AutoDXT, 256X128)
[2017.11.05-20.29.53:428][962]LogTexture:Display: Building textures: HQ_Lightmap1_1 (AutoDXT, 256X256)
[2017.11.05-20.29.53:428][962]LogTexture:Display: Building textures: LQ_Lightmap_1_1 (DXT1, 256X256)
[2017.11.05-20.29.53:428][962]LogTexture:Display: Building textures: SkyOcclusion0_2 (AutoDXT, 64X32)
[2017.11.05-20.29.53:428][962]LogTexture:Display: Building textures: HQ_Lightmap1_2 (AutoDXT, 64X64)
[2017.11.05-20.29.53:428][962]LogTexture:Display: Building textures: LQ_Lightmap_1_2 (DXT1, 64X64)
[2017.11.05-20.29.53:428][962]LogTexture:Display: Building textures: ShadowMapTexture2D_7 (BGRA8, 32X32)
[2017.11.05-20.29.53:428][962]LogTexture:Display: Building textures: ShadowMapTexture2D_6 (BGRA8, 128X128)
[2017.11.05-20.29.53:448][962]Lightmass on LAPTOP-R2G7UD2V: 699 ms total, 75 ms importing, 9 ms setup, 278 ms photons, 320 ms processing, 0 ms extra exporting [2/2 mappings]. Threads: 2.08 sec total, 228 ms processing.
[2017.11.05-20.29.53:453][962]LogStaticLightingSystem: Illumination: 5.79 sec (15 ms encoding lightmaps, 17 ms encoding shadowmaps)
[2017.11.05-20.29.53:453][962]LogStaticLightingSystem: Lightmap texture memory:  0.2 MB (0.2 MB streaming, 0.0 MB non-streaming), 4 textures
[2017.11.05-20.29.53:453][962]LogStaticLightingSystem: Shadowmap texture memory: 0.1 MB (0.1 MB streaming, 0.0 MB non-streaming), 2 textures
[2017.11.05-20.29.54:171][962]DumpUnbuiltLightIteractions
[2017.11.05-20.29.54:171][962]Lights with unbuilt interactions: 0
[2017.11.05-20.29.54:171][962]
[2017.11.05-20.29.54:171][962]Primitives with unbuilt interactions: 0
[2017.11.05-20.29.54:233][963]Cmd: MAP CHECK NOTIFYRESULTS
[2017.11.05-20.29.54:233][963]MapCheck: New page: NewMap - Nov 5, 2017, 8:29:54 PM
[2017.11.05-20.29.54:234][963]MapCheck:Warning: Warning Table_-_UV_36 Static mesh actor has NULL StaticMesh property 
[2017.11.05-20.29.54:234][963]MapCheck:Warning: Warning Table_-_UV_36 Static mesh actor has NULL StaticMesh property 
[2017.11.05-20.29.54:292][963]MapCheck: Info Map check complete: 0 Error(s), 2 Warning(s), took 59.37ms to complete.
[2017.11.05-20.30.00:421][322]LogEditorViewport: Clicking on Actor (LMB): BP_Sky_Sphere_C (Sky Sphere2)
[2017.11.05-20.30.24:548][755]LogEditorViewport: Clicking on Actor (LMB): BP_Sky_Sphere_C (Sky Sphere2)
[2017.11.05-20.31.05:703][202]LogSavePackage: Save=41.20ms
[2017.11.05-20.31.05:703][202]LogSavePackage: Moving 'E:/Samuel/Goldsmiths/Intro to modeling and animation/Modeling project/Unreal scene/MyProject2/Saved/NewMap3028AF324C1B2B0C28DB9E8D1A7E17A4.tmp' to 'E:/Samuel/Goldsmiths/Intro to modeling and animation/Modeling project/Unreal scene/MyProject2/Content/NewMap.umap'
[2017.11.05-20.31.05:707][202]LogSavePackage:Display: Finished SavePackage E:/Samuel/Goldsmiths/Intro to modeling and animation/Modeling project/Unreal scene/MyProject2/Content/NewMap.umap
[2017.11.05-20.31.05:724][202]Cmd: OBJ SAVEPACKAGE PACKAGE="/Game/NewMap_BuiltData" FILE="E:/Samuel/Goldsmiths/Intro to modeling and animation/Modeling project/Unreal scene/MyProject2/Content/NewMap_BuiltData.uasset" SILENT=true
[2017.11.05-20.31.05:739][202]LogSavePackage: Save=10.40ms
[2017.11.05-20.31.05:739][202]LogSavePackage: Moving 'E:/Samuel/Goldsmiths/Intro to modeling and animation/Modeling project/Unreal scene/MyProject2/Saved/NewMap_BuiltData294A07C94FD5C17EE9DBB1A3B3922F34.tmp' to 'E:/Samuel/Goldsmiths/Intro to modeling and animation/Modeling project/Unreal scene/MyProject2/Content/NewMap_BuiltData.uasset'
[2017.11.05-20.31.05:743][202]LogSavePackage:Display: Finished SavePackage E:/Samuel/Goldsmiths/Intro to modeling and animation/Modeling project/Unreal scene/MyProject2/Content/NewMap_BuiltData.uasset
[2017.11.05-20.37.30:546][224]MapCheck: New page: Map Check
[2017.11.05-20.37.30:565][224]LightingResults: New page: Lighting Build - Nov 5, 2017, 8:37:30 PM
[2017.11.05-20.37.30:574][224]LogSwarmInterface: [OpenConnection] Registering TCP channel ...
[2017.11.05-20.37.30:576][224]LogSwarmInterface: [OpenConnection] Connecting to agent ...
[2017.11.05-20.37.30:576][224]LogSwarmInterface: [TryOpenConnection] Testing the Agent
[2017.11.05-20.37.30:576][224]LogSwarmInterface: [TryOpenConnection] Opening Connection to Agent
[2017.11.05-20.37.30:576][224]LogSwarmInterface: [TryOpenConnection] Local Process ID is 10368
[2017.11.05-20.37.35:098][224]LogStaticLightingSystem:Warning: No importance volume found, so the scene bounding box was used.  You can optimize your scene's quality and lighting build times by adding importance volumes.
[2017.11.05-20.37.35:098][224]LogStaticLightingSystem: Running Lightmass w/ ImmediateImport mode ENABLED
[2017.11.05-20.37.35:098][224]LogStaticLightingSystem: Running Lightmass w/ ImmediateProcess mode ENABLED
[2017.11.05-20.37.35:098][224]LogStaticLightingSystem: Running Lightmass w/ Sorting mode ENABLED
[2017.11.05-20.37.35:098][224]LogStaticLightingSystem: Running Lightmass w/ Mapping paddings ENABLED
[2017.11.05-20.37.35:098][224]LogStaticLightingSystem: Running Lightmass w/ Mapping debug paddings DISABLED
[2017.11.05-20.37.35:227][224]LogEditorBuildUtils: Build time 0:04
[2017.11.05-20.37.36:374][257]Job is a success!
[2017.11.05-20.37.36:520][258]LogTexture:Display: Building textures: SkyOcclusion1_1 (AutoDXT, 256X128)
[2017.11.05-20.37.36:520][258]LogTexture:Display: Building textures: HQ_Lightmap0_1 (AutoDXT, 256X256)
[2017.11.05-20.37.36:520][258]LogTexture:Display: Building textures: LQ_Lightmap_0_1 (DXT1, 256X256)
[2017.11.05-20.37.36:520][258]LogTexture:Display: Building textures: SkyOcclusion1_2 (AutoDXT, 64X32)
[2017.11.05-20.37.36:520][258]LogTexture:Display: Building textures: HQ_Lightmap0_2 (AutoDXT, 64X64)
[2017.11.05-20.37.36:520][258]LogTexture:Display: Building textures: LQ_Lightmap_0_2 (DXT1, 64X64)
[2017.11.05-20.37.36:520][258]LogTexture:Display: Building textures: ShadowMapTexture2D_9 (BGRA8, 32X32)
[2017.11.05-20.37.36:520][258]LogTexture:Display: Building textures: ShadowMapTexture2D_8 (BGRA8, 128X128)
[2017.11.05-20.37.36:540][258]Lightmass on LAPTOP-R2G7UD2V: 754 ms total, 75 ms importing, 9 ms setup, 280 ms photons, 374 ms processing, 0 ms extra exporting [2/2 mappings]. Threads: 2.46 sec total, 246 ms processing.
[2017.11.05-20.37.36:547][258]LogStaticLightingSystem: Illumination: 5.94 sec (14 ms encoding lightmaps, 20 ms encoding shadowmaps)
[2017.11.05-20.37.36:547][258]LogStaticLightingSystem: Lightmap texture memory:  0.2 MB (0.2 MB streaming, 0.0 MB non-streaming), 4 textures
[2017.11.05-20.37.36:547][258]LogStaticLightingSystem: Shadowmap texture memory: 0.1 MB (0.1 MB streaming, 0.0 MB non-streaming), 2 textures
[2017.11.05-20.37.37:100][258]DumpUnbuiltLightIteractions
[2017.11.05-20.37.37:100][258]Lights with unbuilt interactions: 0
[2017.11.05-20.37.37:100][258]
[2017.11.05-20.37.37:100][258]Primitives with unbuilt interactions: 0
[2017.11.05-20.37.37:163][259]Cmd: MAP CHECK NOTIFYRESULTS
[2017.11.05-20.37.37:164][259]MapCheck: New page: NewMap - Nov 5, 2017, 8:37:37 PM
[2017.11.05-20.37.37:164][259]MapCheck:Warning: Warning Table_-_UV_36 Static mesh actor has NULL StaticMesh property 
[2017.11.05-20.37.37:164][259]MapCheck:Warning: Warning Table_-_UV_36 Static mesh actor has NULL StaticMesh property 
[2017.11.05-20.37.37:225][259]MapCheck: Info Map check complete: 0 Error(s), 2 Warning(s), took 62.174ms to complete.
[2017.11.05-20.37.37:768][291]LogTemp: Repeting last play command: Selected Viewport
[2017.11.05-20.37.37:793][291]LogPlayLevel: PlayLevel: No blueprints needed recompiling
[2017.11.05-20.37.37:793][291]PIE: New page: PIE session: NewMap (Nov 5, 2017, 8:37:37 PM)
[2017.11.05-20.37.37:793][291]LogPlayLevel: Creating play world package: /Game/UEDPIE_0_NewMap
[2017.11.05-20.37.37:796][291]LogPlayLevel: PIE: StaticDuplicateObject took: (0.003365s)
[2017.11.05-20.37.37:798][291]LogAIModule: Creating AISystem for world NewMap
[2017.11.05-20.37.37:798][291]LogPlayLevel: PIE: World Init took: (0.001486s)
[2017.11.05-20.37.37:798][291]LogPlayLevel: PIE: Created PIE world by copying editor world from /Game/NewMap.NewMap to /Game/UEDPIE_0_NewMap.NewMap (0.005280s)
[2017.11.05-20.37.37:817][291]LogInit: XAudio2 using 'Speakers (Realtek High Definition Audio)' : 2 channels at 48 kHz using 32 bits per sample (channel mask 0x3)
[2017.11.05-20.37.37:828][291]LogInit: FAudioDevice initialized.
[2017.11.05-20.37.37:874][291]LogLoad: Game class is 'GameModeBase'
[2017.11.05-20.37.37:879][291]LogWorld: Bringing World /Game/UEDPIE_0_NewMap.NewMap up for play (max tick rate 60) at 2017.11.05-20.37.37
[2017.11.05-20.37.37:879][291]LogWorld: Bringing up level for play took: 0.001702
[2017.11.05-20.37.37:925][291]LogContentBrowser: Native class hierarchy updated for 'MovieSceneCapture' in 0.0006 seconds. Added 11 classes and 0 folders.
[2017.11.05-20.37.37:926][291]PIE: Info Play in editor start time for /Game/UEDPIE_0_NewMap 0.224
[2017.11.05-20.38.07:743][ 41]Cmd: SELECT NONE
[2017.11.05-20.38.21:185][839]LogTemp: Repeting last play command: Selected Viewport
[2017.11.05-20.38.21:197][839]LogPlayLevel: PlayLevel: No blueprints needed recompiling
[2017.11.05-20.38.21:197][839]PIE: New page: PIE session: NewMap (Nov 5, 2017, 8:38:21 PM)
[2017.11.05-20.38.21:197][839]LogPlayLevel: Creating play world package: /Game/UEDPIE_0_NewMap
[2017.11.05-20.38.21:200][839]LogPlayLevel: PIE: StaticDuplicateObject took: (0.002755s)
[2017.11.05-20.38.21:200][839]LogAIModule: Creating AISystem for world NewMap
[2017.11.05-20.38.21:201][839]LogPlayLevel: PIE: World Init took: (0.000728s)
[2017.11.05-20.38.21:201][839]LogPlayLevel: PIE: Created PIE world by copying editor world from /Game/NewMap.NewMap to /Game/UEDPIE_0_NewMap.NewMap (0.003659s)
[2017.11.05-20.38.21:214][839]LogInit: XAudio2 using 'Speakers (Realtek High Definition Audio)' : 2 channels at 48 kHz using 32 bits per sample (channel mask 0x3)
[2017.11.05-20.38.21:226][839]LogInit: FAudioDevice initialized.
[2017.11.05-20.38.21:256][839]LogLoad: Game class is 'GameModeBase'
[2017.11.05-20.38.21:259][839]LogWorld: Bringing World /Game/UEDPIE_0_NewMap.NewMap up for play (max tick rate 60) at 2017.11.05-20.38.21
[2017.11.05-20.38.21:259][839]LogWorld: Bringing up level for play took: 0.001829
[2017.11.05-20.38.21:260][839]PIE: Info Play in editor start time for /Game/UEDPIE_0_NewMap -0.442
[2017.11.05-20.38.49:183][500]LogTemp: Repeting last play command: Selected Viewport
[2017.11.05-20.38.49:194][500]LogPlayLevel: PlayLevel: No blueprints needed recompiling
[2017.11.05-20.38.49:194][500]PIE: New page: PIE session: NewMap (Nov 5, 2017, 8:38:49 PM)
[2017.11.05-20.38.49:195][500]LogPlayLevel: Creating play world package: /Game/UEDPIE_0_NewMap
[2017.11.05-20.38.49:197][500]LogPlayLevel: PIE: StaticDuplicateObject took: (0.002588s)
[2017.11.05-20.38.49:198][500]LogAIModule: Creating AISystem for world NewMap
[2017.11.05-20.38.49:198][500]LogPlayLevel: PIE: World Init took: (0.000842s)
[2017.11.05-20.38.49:198][500]LogPlayLevel: PIE: Created PIE world by copying editor world from /Game/NewMap.NewMap to /Game/UEDPIE_0_NewMap.NewMap (0.003629s)
[2017.11.05-20.38.49:212][500]LogInit: XAudio2 using 'Speakers (Realtek High Definition Audio)' : 2 channels at 48 kHz using 32 bits per sample (channel mask 0x3)
[2017.11.05-20.38.49:223][500]LogInit: FAudioDevice initialized.
[2017.11.05-20.38.49:258][500]LogLoad: Game class is 'GameModeBase'
[2017.11.05-20.38.49:260][500]LogWorld: Bringing World /Game/UEDPIE_0_NewMap.NewMap up for play (max tick rate 60) at 2017.11.05-20.38.49
[2017.11.05-20.38.49:261][500]LogWorld: Bringing up level for play took: 0.001966
[2017.11.05-20.38.49:262][500]PIE: Info Play in editor start time for /Game/UEDPIE_0_NewMap -0.441
[2017.11.05-20.39.05:724][477]MapCheck: New page: Map Check
[2017.11.05-20.39.05:743][477]LightingResults: New page: Lighting Build - Nov 5, 2017, 8:39:05 PM
[2017.11.05-20.39.05:753][477]LogSwarmInterface: [OpenConnection] Registering TCP channel ...
[2017.11.05-20.39.05:754][477]LogSwarmInterface: [OpenConnection] Connecting to agent ...
[2017.11.05-20.39.05:754][477]LogSwarmInterface: [TryOpenConnection] Testing the Agent
[2017.11.05-20.39.05:755][477]LogSwarmInterface: [TryOpenConnection] Opening Connection to Agent
[2017.11.05-20.39.05:755][477]LogSwarmInterface: [TryOpenConnection] Local Process ID is 10368
[2017.11.05-20.39.10:276][477]LogStaticLightingSystem:Warning: No importance volume found, so the scene bounding box was used.  You can optimize your scene's quality and lighting build times by adding importance volumes.
[2017.11.05-20.39.10:276][477]LogStaticLightingSystem: Running Lightmass w/ ImmediateImport mode ENABLED
[2017.11.05-20.39.10:276][477]LogStaticLightingSystem: Running Lightmass w/ ImmediateProcess mode ENABLED
[2017.11.05-20.39.10:276][477]LogStaticLightingSystem: Running Lightmass w/ Sorting mode ENABLED
[2017.11.05-20.39.10:276][477]LogStaticLightingSystem: Running Lightmass w/ Mapping paddings ENABLED
[2017.11.05-20.39.10:276][477]LogStaticLightingSystem: Running Lightmass w/ Mapping debug paddings DISABLED
[2017.11.05-20.39.10:396][477]LogEditorBuildUtils: Build time 0:04
[2017.11.05-20.39.11:379][509]Job is a success!
[2017.11.05-20.39.11:537][511]LogTexture:Display: Building textures: HQ_Lightmap1_1 (AutoDXT, 256X256)
[2017.11.05-20.39.11:537][511]LogTexture:Display: Building textures: SkyOcclusion0_1 (AutoDXT, 256X128)
[2017.11.05-20.39.11:537][511]LogTexture:Display: Building textures: LQ_Lightmap_1_1 (DXT1, 256X256)
[2017.11.05-20.39.11:537][511]LogTexture:Display: Building textures: SkyOcclusion0_2 (AutoDXT, 64X32)
[2017.11.05-20.39.11:537][511]LogTexture:Display: Building textures: HQ_Lightmap1_2 (AutoDXT, 64X64)
[2017.11.05-20.39.11:537][511]LogTexture:Display: Building textures: LQ_Lightmap_1_2 (DXT1, 64X64)
[2017.11.05-20.39.11:537][511]LogTexture:Display: Building textures: ShadowMapTexture2D_11 (BGRA8, 32X32)
[2017.11.05-20.39.11:537][511]LogTexture:Display: Building textures: ShadowMapTexture2D_10 (BGRA8, 128X128)
[2017.11.05-20.39.11:555][511]Lightmass on LAPTOP-R2G7UD2V: 707 ms total, 82 ms importing, 7 ms setup, 278 ms photons, 323 ms processing, 0 ms extra exporting [2/2 mappings]. Threads: 2.10 sec total, 231 ms processing.
[2017.11.05-20.39.11:562][511]LogStaticLightingSystem: Illumination: 5.79 sec (12 ms encoding lightmaps, 19 ms encoding shadowmaps)
[2017.11.05-20.39.11:562][511]LogStaticLightingSystem: Lightmap texture memory:  0.2 MB (0.2 MB streaming, 0.0 MB non-streaming), 4 textures
[2017.11.05-20.39.11:562][511]LogStaticLightingSystem: Shadowmap texture memory: 0.1 MB (0.1 MB streaming, 0.0 MB non-streaming), 2 textures
[2017.11.05-20.39.12:279][511]DumpUnbuiltLightIteractions
[2017.11.05-20.39.12:279][511]Lights with unbuilt interactions: 0
[2017.11.05-20.39.12:279][511]
[2017.11.05-20.39.12:279][511]Primitives with unbuilt interactions: 0
[2017.11.05-20.39.12:338][512]Cmd: MAP CHECK NOTIFYRESULTS
[2017.11.05-20.39.12:338][512]MapCheck: New page: NewMap - Nov 5, 2017, 8:39:12 PM
[2017.11.05-20.39.12:339][512]MapCheck:Warning: Warning Table_-_UV_36 Static mesh actor has NULL StaticMesh property 
[2017.11.05-20.39.12:339][512]MapCheck:Warning: Warning Table_-_UV_36 Static mesh actor has NULL StaticMesh property 
[2017.11.05-20.39.12:398][512]MapCheck: Info Map check complete: 0 Error(s), 2 Warning(s), took 59.398ms to complete.
[2017.11.05-20.39.13:900][601]LogEditorViewport: Clicking on Actor (LMB): BP_Sky_Sphere_C (Sky Sphere2)
[2017.11.05-20.39.35:766][898]LogSavePackage: Save=48.14ms
[2017.11.05-20.39.35:766][898]LogSavePackage: Moving 'E:/Samuel/Goldsmiths/Intro to modeling and animation/Modeling project/Unreal scene/MyProject2/Saved/NewMap0004598A47F07513B9D10D8CAB425AE9.tmp' to 'E:/Samuel/Goldsmiths/Intro to modeling and animation/Modeling project/Unreal scene/MyProject2/Content/NewMap.umap'
[2017.11.05-20.39.35:770][898]LogSavePackage:Display: Finished SavePackage E:/Samuel/Goldsmiths/Intro to modeling and animation/Modeling project/Unreal scene/MyProject2/Content/NewMap.umap
[2017.11.05-20.39.35:790][898]Cmd: OBJ SAVEPACKAGE PACKAGE="/Game/NewMap_BuiltData" FILE="E:/Samuel/Goldsmiths/Intro to modeling and animation/Modeling project/Unreal scene/MyProject2/Content/NewMap_BuiltData.uasset" SILENT=true
[2017.11.05-20.39.35:807][898]LogSavePackage: Save=12.29ms
[2017.11.05-20.39.35:807][898]LogSavePackage: Moving 'E:/Samuel/Goldsmiths/Intro to modeling and animation/Modeling project/Unreal scene/MyProject2/Saved/NewMap_BuiltData9F1F61454A20C382579F34B5A2BB89E7.tmp' to 'E:/Samuel/Goldsmiths/Intro to modeling and animation/Modeling project/Unreal scene/MyProject2/Content/NewMap_BuiltData.uasset'
[2017.11.05-20.39.35:811][898]LogSavePackage:Display: Finished SavePackage E:/Samuel/Goldsmiths/Intro to modeling and animation/Modeling project/Unreal scene/MyProject2/Content/NewMap_BuiltData.uasset
[2017.11.05-20.39.40:414][172]LogEditorViewport: Clicking on Actor (LMB): Actor (Shop)
[2017.11.05-20.39.41:561][238]LogEditorViewport: Clicking on Actor (LMB): Actor (Lamp)
[2017.11.05-20.39.44:642][417]LogEditorViewport: Clicking on Actor (LMB): PointLight (PointLight2)
[2017.11.05-20.40.05:906][672]Cmd: TRANSACTION UNDO
[2017.11.05-20.40.05:906][672]LogEditorTransaction: Undo Scale Actors
[2017.11.05-20.40.51:552][370]Cmd: TRANSACTION UNDO
[2017.11.05-20.40.51:552][370]LogEditorTransaction: Undo Edit Attenuation Radius
[2017.11.05-20.41.19:805][ 34]LogTemp: Repeting last play command: Selected Viewport
[2017.11.05-20.41.19:816][ 34]LogPlayLevel: PlayLevel: No blueprints needed recompiling
[2017.11.05-20.41.19:816][ 34]PIE: New page: PIE session: NewMap (Nov 5, 2017, 8:41:19 PM)
[2017.11.05-20.41.19:816][ 34]LogPlayLevel: Creating play world package: /Game/UEDPIE_0_NewMap
[2017.11.05-20.41.19:819][ 34]LogPlayLevel: PIE: StaticDuplicateObject took: (0.002303s)
[2017.11.05-20.41.19:819][ 34]LogAIModule: Creating AISystem for world NewMap
[2017.11.05-20.41.19:819][ 34]LogPlayLevel: PIE: World Init took: (0.000546s)
[2017.11.05-20.41.19:819][ 34]LogPlayLevel: PIE: Created PIE world by copying editor world from /Game/NewMap.NewMap to /Game/UEDPIE_0_NewMap.NewMap (0.002997s)
[2017.11.05-20.41.19:834][ 34]LogInit: XAudio2 using 'Speakers (Realtek High Definition Audio)' : 2 channels at 48 kHz using 32 bits per sample (channel mask 0x3)
[2017.11.05-20.41.19:845][ 34]LogInit: FAudioDevice initialized.
[2017.11.05-20.41.19:877][ 34]LogLoad: Game class is 'GameModeBase'
[2017.11.05-20.41.19:880][ 34]LogWorld: Bringing World /Game/UEDPIE_0_NewMap.NewMap up for play (max tick rate 60) at 2017.11.05-20.41.19
[2017.11.05-20.41.19:880][ 34]LogWorld: Bringing up level for play took: 0.001548
[2017.11.05-20.41.19:881][ 34]PIE: Info Play in editor start time for /Game/UEDPIE_0_NewMap 0.179
[2017.11.05-20.41.23:088][218]MapCheck: New page: Map Check
[2017.11.05-20.41.23:109][218]LightingResults: New page: Lighting Build - Nov 5, 2017, 8:41:23 PM
[2017.11.05-20.41.23:119][218]LogSwarmInterface: [OpenConnection] Registering TCP channel ...
[2017.11.05-20.41.23:120][218]LogSwarmInterface: [OpenConnection] Connecting to agent ...
[2017.11.05-20.41.23:120][218]LogSwarmInterface: [TryOpenConnection] Testing the Agent
[2017.11.05-20.41.23:121][218]LogSwarmInterface: [TryOpenConnection] Opening Connection to Agent
[2017.11.05-20.41.23:121][218]LogSwarmInterface: [TryOpenConnection] Local Process ID is 10368
[2017.11.05-20.41.27:643][218]LogStaticLightingSystem:Warning: No importance volume found, so the scene bounding box was used.  You can optimize your scene's quality and lighting build times by adding importance volumes.
[2017.11.05-20.41.27:644][218]LogStaticLightingSystem: Running Lightmass w/ ImmediateImport mode ENABLED
[2017.11.05-20.41.27:644][218]LogStaticLightingSystem: Running Lightmass w/ ImmediateProcess mode ENABLED
[2017.11.05-20.41.27:644][218]LogStaticLightingSystem: Running Lightmass w/ Sorting mode ENABLED
[2017.11.05-20.41.27:644][218]LogStaticLightingSystem: Running Lightmass w/ Mapping paddings ENABLED
[2017.11.05-20.41.27:644][218]LogStaticLightingSystem: Running Lightmass w/ Mapping debug paddings DISABLED
[2017.11.05-20.41.27:762][218]LogEditorBuildUtils: Build time 0:04
[2017.11.05-20.41.28:844][258]Job is a success!
[2017.11.05-20.41.28:976][259]LogTexture:Display: Building textures: SkyOcclusion1_1 (AutoDXT, 256X128)
[2017.11.05-20.41.28:976][259]LogTexture:Display: Building textures: HQ_Lightmap0_1 (AutoDXT, 256X256)
[2017.11.05-20.41.28:976][259]LogTexture:Display: Building textures: LQ_Lightmap_0_1 (DXT1, 256X256)
[2017.11.05-20.41.28:976][259]LogTexture:Display: Building textures: SkyOcclusion1_2 (AutoDXT, 64X32)
[2017.11.05-20.41.28:976][259]LogTexture:Display: Building textures: HQ_Lightmap0_2 (AutoDXT, 64X64)
[2017.11.05-20.41.28:976][259]LogTexture:Display: Building textures: LQ_Lightmap_0_2 (DXT1, 64X64)
[2017.11.05-20.41.28:976][259]LogTexture:Display: Building textures: ShadowMapTexture2D_13 (BGRA8, 32X32)
[2017.11.05-20.41.28:976][259]LogTexture:Display: Building textures: ShadowMapTexture2D_12 (BGRA8, 128X128)
[2017.11.05-20.41.28:992][259]Lightmass on LAPTOP-R2G7UD2V: 726 ms total, 76 ms importing, 9 ms setup, 273 ms photons, 350 ms processing, 0 ms extra exporting [2/2 mappings]. Threads: 2.29 sec total, 268 ms processing.
[2017.11.05-20.41.28:998][259]LogStaticLightingSystem: Illumination: 5.85 sec (16 ms encoding lightmaps, 18 ms encoding shadowmaps)
[2017.11.05-20.41.28:998][259]LogStaticLightingSystem: Lightmap texture memory:  0.2 MB (0.2 MB streaming, 0.0 MB non-streaming), 4 textures
[2017.11.05-20.41.28:998][259]LogStaticLightingSystem: Shadowmap texture memory: 0.1 MB (0.1 MB streaming, 0.0 MB non-streaming), 2 textures
[2017.11.05-20.41.29:646][259]DumpUnbuiltLightIteractions
[2017.11.05-20.41.29:646][259]Lights with unbuilt interactions: 0
[2017.11.05-20.41.29:646][259]
[2017.11.05-20.41.29:646][259]Primitives with unbuilt interactions: 0
[2017.11.05-20.41.29:708][260]Cmd: MAP CHECK NOTIFYRESULTS
[2017.11.05-20.41.29:708][260]MapCheck: New page: NewMap - Nov 5, 2017, 8:41:29 PM
[2017.11.05-20.41.29:708][260]MapCheck:Warning: Warning Table_-_UV_36 Static mesh actor has NULL StaticMesh property 
[2017.11.05-20.41.29:708][260]MapCheck:Warning: Warning Table_-_UV_36 Static mesh actor has NULL StaticMesh property 
[2017.11.05-20.41.29:767][260]MapCheck: Info Map check complete: 0 Error(s), 2 Warning(s), took 59.688ms to complete.
[2017.11.05-20.41.30:770][319]LogTemp: Repeting last play command: Selected Viewport
[2017.11.05-20.41.30:780][319]LogPlayLevel: PlayLevel: No blueprints needed recompiling
[2017.11.05-20.41.30:780][319]PIE: New page: PIE session: NewMap (Nov 5, 2017, 8:41:30 PM)
[2017.11.05-20.41.30:780][319]LogPlayLevel: Creating play world package: /Game/UEDPIE_0_NewMap
[2017.11.05-20.41.30:783][319]LogPlayLevel: PIE: StaticDuplicateObject took: (0.002470s)
[2017.11.05-20.41.30:784][319]LogAIModule: Creating AISystem for world NewMap
[2017.11.05-20.41.30:784][319]LogPlayLevel: PIE: World Init took: (0.000970s)
[2017.11.05-20.41.30:784][319]LogPlayLevel: PIE: Created PIE world by copying editor world from /Game/NewMap.NewMap to /Game/UEDPIE_0_NewMap.NewMap (0.003657s)
[2017.11.05-20.41.30:799][319]LogInit: XAudio2 using 'Speakers (Realtek High Definition Audio)' : 2 channels at 48 kHz using 32 bits per sample (channel mask 0x3)
[2017.11.05-20.41.30:808][319]LogInit: FAudioDevice initialized.
[2017.11.05-20.41.30:842][319]LogLoad: Game class is 'GameModeBase'
[2017.11.05-20.41.30:845][319]LogWorld: Bringing World /Game/UEDPIE_0_NewMap.NewMap up for play (max tick rate 60) at 2017.11.05-20.41.30
[2017.11.05-20.41.30:846][319]LogWorld: Bringing up level for play took: 0.001440
[2017.11.05-20.41.30:847][319]PIE: Info Play in editor start time for /Game/UEDPIE_0_NewMap -0.856
[2017.11.05-20.41.52:853][632]LogEditorViewport: Clicking on Actor (LMB): Actor (Lamp)
[2017.11.05-20.41.54:431][722]LogEditorViewport: Clicking on Actor (LMB): Actor (Trash)
[2017.11.05-20.41.58:079][935]LogEditorViewport: Clicking on Actor (LMB): Actor (Lamp)
[2017.11.05-20.42.00:509][ 75]LogEditorViewport: Clicking on Actor (LMB): PointLight (PointLight2)
[2017.11.05-20.42.03:202][230]LogTemp: Repeting last play command: Selected Viewport
[2017.11.05-20.42.03:213][230]LogPlayLevel: PlayLevel: No blueprints needed recompiling
[2017.11.05-20.42.03:213][230]PIE: New page: PIE session: NewMap (Nov 5, 2017, 8:42:03 PM)
[2017.11.05-20.42.03:213][230]LogPlayLevel: Creating play world package: /Game/UEDPIE_0_NewMap
[2017.11.05-20.42.03:215][230]LogPlayLevel: PIE: StaticDuplicateObject took: (0.002062s)
[2017.11.05-20.42.03:216][230]LogAIModule: Creating AISystem for world NewMap
[2017.11.05-20.42.03:216][230]LogPlayLevel: PIE: World Init took: (0.000598s)
[2017.11.05-20.42.03:216][230]LogPlayLevel: PIE: Created PIE world by copying editor world from /Game/NewMap.NewMap to /Game/UEDPIE_0_NewMap.NewMap (0.002810s)
[2017.11.05-20.42.03:228][230]LogInit: XAudio2 using 'Speakers (Realtek High Definition Audio)' : 2 channels at 48 kHz using 32 bits per sample (channel mask 0x3)
[2017.11.05-20.42.03:239][230]LogInit: FAudioDevice initialized.
[2017.11.05-20.42.03:269][230]LogLoad: Game class is 'GameModeBase'
[2017.11.05-20.42.03:272][230]LogWorld: Bringing World /Game/UEDPIE_0_NewMap.NewMap up for play (max tick rate 60) at 2017.11.05-20.42.03
[2017.11.05-20.42.03:273][230]LogWorld: Bringing up level for play took: 0.002321
[2017.11.05-20.42.03:274][230]PIE: Info Play in editor start time for /Game/UEDPIE_0_NewMap -0.429
[2017.11.05-20.42.05:813][374]MapCheck: New page: Map Check
[2017.11.05-20.42.05:830][374]LightingResults: New page: Lighting Build - Nov 5, 2017, 8:42:05 PM
[2017.11.05-20.42.05:838][374]LogSwarmInterface: [OpenConnection] Registering TCP channel ...
[2017.11.05-20.42.05:840][374]LogSwarmInterface: [OpenConnection] Connecting to agent ...
[2017.11.05-20.42.05:840][374]LogSwarmInterface: [TryOpenConnection] Testing the Agent
[2017.11.05-20.42.05:841][374]LogSwarmInterface: [TryOpenConnection] Opening Connection to Agent
[2017.11.05-20.42.05:841][374]LogSwarmInterface: [TryOpenConnection] Local Process ID is 10368
[2017.11.05-20.42.11:363][374]LogStaticLightingSystem:Warning: No importance volume found, so the scene bounding box was used.  You can optimize your scene's quality and lighting build times by adding importance volumes.
[2017.11.05-20.42.11:363][374]LogStaticLightingSystem: Running Lightmass w/ ImmediateImport mode ENABLED
[2017.11.05-20.42.11:363][374]LogStaticLightingSystem: Running Lightmass w/ ImmediateProcess mode ENABLED
[2017.11.05-20.42.11:363][374]LogStaticLightingSystem: Running Lightmass w/ Sorting mode ENABLED
[2017.11.05-20.42.11:363][374]LogStaticLightingSystem: Running Lightmass w/ Mapping paddings ENABLED
[2017.11.05-20.42.11:363][374]LogStaticLightingSystem: Running Lightmass w/ Mapping debug paddings DISABLED
[2017.11.05-20.42.11:489][374]LogEditorBuildUtils: Build time 0:05
[2017.11.05-20.42.12:464][407]Job is a success!
[2017.11.05-20.42.12:595][409]LogTexture:Display: Building textures: SkyOcclusion0_1 (AutoDXT, 256X128)
[2017.11.05-20.42.12:595][409]LogTexture:Display: Building textures: HQ_Lightmap1_1 (AutoDXT, 256X256)
[2017.11.05-20.42.12:595][409]LogTexture:Display: Building textures: LQ_Lightmap_1_1 (DXT1, 256X256)
[2017.11.05-20.42.12:595][409]LogTexture:Display: Building textures: SkyOcclusion0_2 (AutoDXT, 64X32)
[2017.11.05-20.42.12:595][409]LogTexture:Display: Building textures: HQ_Lightmap1_2 (AutoDXT, 64X64)
[2017.11.05-20.42.12:595][409]LogTexture:Display: Building textures: LQ_Lightmap_1_2 (DXT1, 64X64)
[2017.11.05-20.42.12:595][409]LogTexture:Display: Building textures: ShadowMapTexture2D_15 (BGRA8, 32X32)
[2017.11.05-20.42.12:595][409]LogTexture:Display: Building textures: ShadowMapTexture2D_14 (BGRA8, 128X128)
[2017.11.05-20.42.12:613][409]Lightmass on LAPTOP-R2G7UD2V: 672 ms total, 79 ms importing, 8 ms setup, 278 ms photons, 290 ms processing, 0 ms extra exporting [2/2 mappings]. Threads: 1.87 sec total, 233 ms processing.
[2017.11.05-20.42.12:620][409]LogStaticLightingSystem: Illumination: 6.76 sec (12 ms encoding lightmaps, 15 ms encoding shadowmaps)
[2017.11.05-20.42.12:620][409]LogStaticLightingSystem: Lightmap texture memory:  0.2 MB (0.2 MB streaming, 0.0 MB non-streaming), 4 textures
[2017.11.05-20.42.12:620][409]LogStaticLightingSystem: Shadowmap texture memory: 0.1 MB (0.1 MB streaming, 0.0 MB non-streaming), 2 textures
[2017.11.05-20.42.13:365][409]DumpUnbuiltLightIteractions
[2017.11.05-20.42.13:365][409]Lights with unbuilt interactions: 0
[2017.11.05-20.42.13:365][409]
[2017.11.05-20.42.13:365][409]Primitives with unbuilt interactions: 0
[2017.11.05-20.42.13:426][410]Cmd: MAP CHECK NOTIFYRESULTS
[2017.11.05-20.42.13:427][410]MapCheck: New page: NewMap - Nov 5, 2017, 8:42:13 PM
[2017.11.05-20.42.13:427][410]MapCheck:Warning: Warning Table_-_UV_36 Static mesh actor has NULL StaticMesh property 
[2017.11.05-20.42.13:427][410]MapCheck:Warning: Warning Table_-_UV_36 Static mesh actor has NULL StaticMesh property 
[2017.11.05-20.42.13:485][410]MapCheck: Info Map check complete: 0 Error(s), 2 Warning(s), took 58.657ms to complete.
[2017.11.05-20.42.14:260][455]LogTemp: Repeting last play command: Selected Viewport
[2017.11.05-20.42.14:271][455]LogPlayLevel: PlayLevel: No blueprints needed recompiling
[2017.11.05-20.42.14:271][455]PIE: New page: PIE session: NewMap (Nov 5, 2017, 8:42:14 PM)
[2017.11.05-20.42.14:271][455]LogPlayLevel: Creating play world package: /Game/UEDPIE_0_NewMap
[2017.11.05-20.42.14:273][455]LogPlayLevel: PIE: StaticDuplicateObject took: (0.002180s)
[2017.11.05-20.42.14:274][455]LogAIModule: Creating AISystem for world NewMap
[2017.11.05-20.42.14:274][455]LogPlayLevel: PIE: World Init took: (0.001017s)
[2017.11.05-20.42.14:274][455]LogPlayLevel: PIE: Created PIE world by copying editor world from /Game/NewMap.NewMap to /Game/UEDPIE_0_NewMap.NewMap (0.003549s)
[2017.11.05-20.42.14:286][455]LogInit: XAudio2 using 'Speakers (Realtek High Definition Audio)' : 2 channels at 48 kHz using 32 bits per sample (channel mask 0x3)
[2017.11.05-20.42.14:296][455]LogInit: FAudioDevice initialized.
[2017.11.05-20.42.14:327][455]LogLoad: Game class is 'GameModeBase'
[2017.11.05-20.42.14:331][455]LogWorld: Bringing World /Game/UEDPIE_0_NewMap.NewMap up for play (max tick rate 60) at 2017.11.05-20.42.14
[2017.11.05-20.42.14:332][455]LogWorld: Bringing up level for play took: 0.001954
[2017.11.05-20.42.14:333][455]PIE: Info Play in editor start time for /Game/UEDPIE_0_NewMap 0.63
[2017.11.05-20.44.04:684][230]LogSavePackage: Save=40.69ms
[2017.11.05-20.44.04:684][230]LogSavePackage: Moving 'E:/Samuel/Goldsmiths/Intro to modeling and animation/Modeling project/Unreal scene/MyProject2/Saved/NewMap243577FF404D6C3A3B44A9A686DA3423.tmp' to 'E:/Samuel/Goldsmiths/Intro to modeling and animation/Modeling project/Unreal scene/MyProject2/Content/NewMap.umap'
[2017.11.05-20.44.04:688][230]LogSavePackage:Display: Finished SavePackage E:/Samuel/Goldsmiths/Intro to modeling and animation/Modeling project/Unreal scene/MyProject2/Content/NewMap.umap
[2017.11.05-20.44.04:706][230]Cmd: OBJ SAVEPACKAGE PACKAGE="/Game/NewMap_BuiltData" FILE="E:/Samuel/Goldsmiths/Intro to modeling and animation/Modeling project/Unreal scene/MyProject2/Content/NewMap_BuiltData.uasset" SILENT=true
[2017.11.05-20.44.04:720][230]LogSavePackage: Save=10.16ms
[2017.11.05-20.44.04:720][230]LogSavePackage: Moving 'E:/Samuel/Goldsmiths/Intro to modeling and animation/Modeling project/Unreal scene/MyProject2/Saved/NewMap_BuiltDataAD81C28946A525B0D534959AAFC433C7.tmp' to 'E:/Samuel/Goldsmiths/Intro to modeling and animation/Modeling project/Unreal scene/MyProject2/Content/NewMap_BuiltData.uasset'
[2017.11.05-20.44.04:724][230]LogSavePackage:Display: Finished SavePackage E:/Samuel/Goldsmiths/Intro to modeling and animation/Modeling project/Unreal scene/MyProject2/Content/NewMap_BuiltData.uasset
[2017.11.05-20.57.04:258][198]LogTemp: Repeting last play command: Selected Viewport
[2017.11.05-20.57.04:270][198]LogPlayLevel: PlayLevel: No blueprints needed recompiling
[2017.11.05-20.57.04:270][198]PIE: New page: PIE session: NewMap (Nov 5, 2017, 8:57:04 PM)
[2017.11.05-20.57.04:271][198]LogPlayLevel: Creating play world package: /Game/UEDPIE_0_NewMap
[2017.11.05-20.57.04:273][198]LogPlayLevel: PIE: StaticDuplicateObject took: (0.002928s)
[2017.11.05-20.57.04:274][198]LogAIModule: Creating AISystem for world NewMap
[2017.11.05-20.57.04:274][198]LogPlayLevel: PIE: World Init took: (0.000930s)
[2017.11.05-20.57.04:275][198]LogPlayLevel: PIE: Created PIE world by copying editor world from /Game/NewMap.NewMap to /Game/UEDPIE_0_NewMap.NewMap (0.004069s)
[2017.11.05-20.57.04:290][198]LogInit: XAudio2 using 'Speakers (Realtek High Definition Audio)' : 2 channels at 48 kHz using 32 bits per sample (channel mask 0x3)
[2017.11.05-20.57.04:300][198]LogInit: FAudioDevice initialized.
[2017.11.05-20.57.04:335][198]LogLoad: Game class is 'GameModeBase'
[2017.11.05-20.57.04:338][198]LogWorld: Bringing World /Game/UEDPIE_0_NewMap.NewMap up for play (max tick rate 60) at 2017.11.05-20.57.04
[2017.11.05-20.57.04:339][198]LogWorld: Bringing up level for play took: 0.002014
[2017.11.05-20.57.04:340][198]PIE: Info Play in editor start time for /Game/UEDPIE_0_NewMap 0.637
[2017.11.05-20.57.24:563][396]LogSavePackage: Save=42.48ms
[2017.11.05-20.57.24:563][396]LogSavePackage: Moving 'E:/Samuel/Goldsmiths/Intro to modeling and animation/Modeling project/Unreal scene/MyProject2/Saved/NewMap7DB690984C349847D46EE895D64E5365.tmp' to 'E:/Samuel/Goldsmiths/Intro to modeling and animation/Modeling project/Unreal scene/MyProject2/Content/NewMap.umap'
[2017.11.05-20.57.24:566][396]LogSavePackage:Display: Finished SavePackage E:/Samuel/Goldsmiths/Intro to modeling and animation/Modeling project/Unreal scene/MyProject2/Content/NewMap.umap
[2017.11.05-20.57.24:583][396]Cmd: OBJ SAVEPACKAGE PACKAGE="/Game/NewMap_BuiltData" FILE="E:/Samuel/Goldsmiths/Intro to modeling and animation/Modeling project/Unreal scene/MyProject2/Content/NewMap_BuiltData.uasset" SILENT=true
[2017.11.05-20.57.24:599][396]LogSavePackage: Save=11.53ms
[2017.11.05-20.57.24:599][396]LogSavePackage: Moving 'E:/Samuel/Goldsmiths/Intro to modeling and animation/Modeling project/Unreal scene/MyProject2/Saved/NewMap_BuiltData2AFE56A94C708B4A48115CB18B246930.tmp' to 'E:/Samuel/Goldsmiths/Intro to modeling and animation/Modeling project/Unreal scene/MyProject2/Content/NewMap_BuiltData.uasset'
[2017.11.05-20.57.24:601][396]LogSavePackage:Display: Finished SavePackage E:/Samuel/Goldsmiths/Intro to modeling and animation/Modeling project/Unreal scene/MyProject2/Content/NewMap_BuiltData.uasset
[2017.11.05-20.57.27:852][572]Cmd: QUIT_EDITOR
[2017.11.05-20.57.28:520][572]LogWindowsTextInputMethodSystem:Display: IME system now deactivated.
[2017.11.05-20.57.28:532][572]LogExit: Preparing to exit.
[2017.11.05-20.57.29:133][572]LogExit: Editor shut down
[2017.11.05-20.57.29:138][572]LogExit: Transaction tracking system shut down
[2017.11.05-20.57.29:195][572]LogObj: Freed 0b from 0 cluster array pools.
[2017.11.05-20.57.29:195][572]LogExit: Object subsystem successfully closed.
[2017.11.05-20.57.29:222][572]LogD3D11RHI: Shutdown
[2017.11.05-20.57.29:222][572]LogD3D11RHI: CleanupD3DDevice
[2017.11.05-20.57.29:380][572]LogD3D11RHI: ~FD3D11DynamicRHI
[2017.11.05-20.57.29:400][572]LogModuleManager: Shutting down and abandoning module MovieSceneCapture (526)
[2017.11.05-20.57.29:400][572]LogModuleManager: Shutting down and abandoning module HierarchicalLODOutliner (524)
[2017.11.05-20.57.29:400][572]LogModuleManager: Shutting down and abandoning module CrashTracker (522)
[2017.11.05-20.57.29:400][572]LogModuleManager: Shutting down and abandoning module SceneOutliner (520)
[2017.11.05-20.57.29:400][572]LogModuleManager: Shutting down and abandoning module AddContentDialog (518)
[2017.11.05-20.57.29:400][572]LogDirectoryWatcher: A directory notification for 'C:/Program Files (x86)/Epic Games/UE_4.16/FeaturePacks/' was aborted.
[2017.11.05-20.57.29:401][572]LogModuleManager: Shutting down and abandoning module WidgetCarousel (517)
[2017.11.05-20.57.29:401][572]LogModuleManager: Shutting down and abandoning module EditorWidgets (514)
[2017.11.05-20.57.29:401][572]LogModuleManager: Shutting down and abandoning module CollectionManager (512)
[2017.11.05-20.57.29:401][572]LogDirectoryWatcher: A directory notification for 'E:/Samuel/Goldsmiths/Intro to modeling and animation/Modeling project/Unreal scene/MyProject2/Content/Collections/' was aborted.
[2017.11.05-20.57.29:401][572]LogDirectoryWatcher: A directory notification for 'E:/Samuel/Goldsmiths/Intro to modeling and animation/Modeling project/Unreal scene/MyProject2/Content/Developers/samue/Collections/' was aborted.
[2017.11.05-20.57.29:401][572]LogDirectoryWatcher: A directory notification for 'E:/Samuel/Goldsmiths/Intro to modeling and animation/Modeling project/Unreal scene/MyProject2/Saved/Collections/' was aborted.
[2017.11.05-20.57.29:401][572]LogModuleManager: Shutting down and abandoning module StatsViewer (510)
[2017.11.05-20.57.29:401][572]LogModuleManager: Shutting down and abandoning module FoliageEdit (508)
[2017.11.05-20.57.29:401][572]LogModuleManager: Shutting down and abandoning module LandscapeEditor (506)
[2017.11.05-20.57.29:401][572]LogModuleManager: Shutting down and abandoning module MeshPaintMode (504)
[2017.11.05-20.57.29:401][572]LogModuleManager: Shutting down and abandoning module SceneDepthPickerMode (502)
[2017.11.05-20.57.29:401][572]LogModuleManager: Shutting down and abandoning module ActorPickerMode (500)
[2017.11.05-20.57.29:401][572]LogModuleManager: Shutting down and abandoning module GeometryMode (498)
[2017.11.05-20.57.29:401][572]LogModuleManager: Shutting down and abandoning module TextureAlignMode (496)
[2017.11.05-20.57.29:401][572]LogModuleManager: Shutting down and abandoning module BspMode (494)
[2017.11.05-20.57.29:401][572]LogModuleManager: Shutting down and abandoning module HardwareSurvey (492)
[2017.11.05-20.57.29:401][572]LogModuleManager: Shutting down and abandoning module SequenceRecorderSections (490)
[2017.11.05-20.57.29:401][572]LogModuleManager: Shutting down and abandoning module AutomationWorker (488)
[2017.11.05-20.57.29:401][572]LogModuleManager: Shutting down and abandoning module MatineeToLevelSequence (486)
[2017.11.05-20.57.29:401][572]LogModuleManager: Shutting down and abandoning module LevelSequenceEditor (484)
[2017.11.05-20.57.29:401][572]LogModuleManager: Shutting down and abandoning module PlacementMode (483)
[2017.11.05-20.57.29:401][572]LogModuleManager: Shutting down and abandoning module WmfMediaFactory (480)
[2017.11.05-20.57.29:401][572]LogModuleManager: Shutting down and abandoning module WmfMediaEditor (478)
[2017.11.05-20.57.29:401][572]LogModuleManager: Shutting down and abandoning module AvfMediaFactory (476)
[2017.11.05-20.57.29:401][572]LogModuleManager: Shutting down and abandoning module AvfMediaEditor (474)
[2017.11.05-20.57.29:401][572]LogModuleManager: Shutting down and abandoning module AndroidMediaFactory (472)
[2017.11.05-20.57.29:401][572]LogModuleManager: Shutting down and abandoning module Media (471)
[2017.11.05-20.57.29:401][572]LogModuleManager: Shutting down and abandoning module AndroidMediaEditor (468)
[2017.11.05-20.57.29:401][572]LogModuleManager: Shutting down and abandoning module CharacterAI (466)
[2017.11.05-20.57.29:401][572]LogModuleManager: Shutting down and abandoning module AudioCapture (464)
[2017.11.05-20.57.29:401][572]LogModuleManager: Shutting down and abandoning module SequenceRecorder (463)
[2017.11.05-20.57.29:401][572]LogModuleManager: Shutting down and abandoning module SmartSnapping (460)
[2017.11.05-20.57.29:401][572]LogModuleManager: Shutting down and abandoning module SessionServices (458)
[2017.11.05-20.57.29:401][572]LogModuleManager: Shutting down and abandoning module ViewportSnapping (456)
[2017.11.05-20.57.29:401][572]LogModuleManager: Shutting down and abandoning module ViewportInteraction (454)
[2017.11.05-20.57.29:401][572]LogModuleManager: Shutting down and abandoning module ClothPainter (452)
[2017.11.05-20.57.29:401][572]LogModuleManager: Shutting down and abandoning module LogVisualizer (450)
[2017.11.05-20.57.29:402][572]LogModuleManager: Shutting down and abandoning module IntroTutorials (448)
[2017.11.05-20.57.29:402][572]LogModuleManager: Shutting down and abandoning module GameProjectGeneration (447)
[2017.11.05-20.57.29:402][572]LogModuleManager: Shutting down and abandoning module EditorLiveStreaming (444)
[2017.11.05-20.57.29:402][572]LogModuleManager: Shutting down and abandoning module IOSPlatformEditor (442)
[2017.11.05-20.57.29:402][572]LogModuleManager: Shutting down and abandoning module HTML5PlatformEditor (440)
[2017.11.05-20.57.29:402][572]LogModuleManager: Shutting down and abandoning module AndroidPlatformEditor (438)
[2017.11.05-20.57.29:402][572]LogModuleManager: Shutting down and abandoning module AndroidDeviceDetection (437)
[2017.11.05-20.57.30:208][572]LogModuleManager: Shutting down and abandoning module IOSRuntimeSettings (434)
[2017.11.05-20.57.30:208][572]LogModuleManager: Shutting down and abandoning module AndroidRuntimeSettings (432)
[2017.11.05-20.57.30:208][572]LogModuleManager: Shutting down and abandoning module InputBindingEditor (430)
[2017.11.05-20.57.30:208][572]LogModuleManager: Shutting down and abandoning module MergeActors (428)
[2017.11.05-20.57.30:208][572]LogModuleManager: Shutting down and abandoning module SizeMap (426)
[2017.11.05-20.57.30:208][572]LogModuleManager: Shutting down and abandoning module TreeMap (424)
[2017.11.05-20.57.30:208][572]LogModuleManager: Shutting down and abandoning module ReferenceViewer (422)
[2017.11.05-20.57.30:208][572]LogModuleManager: Shutting down and abandoning module LocalizationDashboard (420)
[2017.11.05-20.57.30:208][572]LogModuleManager: Shutting down and abandoning module LocalizationService (419)
[2017.11.05-20.57.30:208][572]LogModuleManager: Shutting down and abandoning module HardwareTargeting (416)
[2017.11.05-20.57.30:208][572]LogModuleManager: Shutting down and abandoning module DeviceProfileEditor (414)
[2017.11.05-20.57.30:208][572]LogModuleManager: Shutting down and abandoning module UndoHistory (412)
[2017.11.05-20.57.30:208][572]LogModuleManager: Shutting down and abandoning module UserFeedback (410)
[2017.11.05-20.57.30:208][572]LogModuleManager: Shutting down and abandoning module XmlParser (408)
[2017.11.05-20.57.30:208][572]LogModuleManager: Shutting down and abandoning module Blutility (406)
[2017.11.05-20.57.30:208][572]LogModuleManager: Shutting down and abandoning module ProjectSettingsViewer (404)
[2017.11.05-20.57.30:208][572]LogModuleManager: Shutting down and abandoning module ProjectTargetPlatformEditor (403)
[2017.11.05-20.57.30:208][572]LogModuleManager: Shutting down and abandoning module EditorSettingsViewer (400)
[2017.11.05-20.57.30:208][572]LogModuleManager: Shutting down and abandoning module SettingsEditor (398)
[2017.11.05-20.57.30:208][572]LogModuleManager: Shutting down and abandoning module ProjectLauncher (396)
[2017.11.05-20.57.30:208][572]LogModuleManager: Shutting down and abandoning module SessionFrontend (394)
[2017.11.05-20.57.30:208][572]LogModuleManager: Shutting down and abandoning module ProfilerClient (392)
[2017.11.05-20.57.30:208][572]LogModuleManager: Shutting down and abandoning module DeviceManager (390)
[2017.11.05-20.57.30:208][572]LogModuleManager: Shutting down and abandoning module TargetDeviceServices (389)
[2017.11.05-20.57.30:272][572]LogModuleManager: Shutting down and abandoning module AutomationController (386)
[2017.11.05-20.57.30:272][572]LogModuleManager: Shutting down and abandoning module AutomationWindow (384)
[2017.11.05-20.57.30:272][572]LogModuleManager: Shutting down and abandoning module Layers (382)
[2017.11.05-20.57.30:272][572]LogModuleManager: Shutting down and abandoning module ComponentVisualizers (380)
[2017.11.05-20.57.30:272][572]LogModuleManager: Shutting down and abandoning module DetailCustomizations (378)
[2017.11.05-20.57.30:272][572]LogModuleManager: Shutting down and abandoning module PackagesDialog (376)
[2017.11.05-20.57.30:272][572]LogModuleManager: Shutting down and abandoning module Persona (374)
[2017.11.05-20.57.30:272][572]LogModuleManager: Shutting down and abandoning module AdvancedPreviewScene (373)
[2017.11.05-20.57.30:272][572]LogModuleManager: Shutting down and abandoning module AnimGraph (371)
[2017.11.05-20.57.30:272][572]LogModuleManager: Shutting down and abandoning module Kismet (368)
[2017.11.05-20.57.30:273][572]LogModuleManager: Shutting down and abandoning module ClassViewer (366)
[2017.11.05-20.57.30:273][572]LogModuleManager: Shutting down and abandoning module Toolbox (364)
[2017.11.05-20.57.30:273][572]LogModuleManager: Shutting down and abandoning module ModuleUI (362)
[2017.11.05-20.57.30:273][572]LogModuleManager: Shutting down and abandoning module MovieSceneTools (360)
[2017.11.05-20.57.30:273][572]LogModuleManager: Shutting down and abandoning module OutputLog (358)
[2017.11.05-20.57.30:273][572]LogModuleManager: Shutting down and abandoning module GammaUI (356)
[2017.11.05-20.57.30:273][572]LogModuleManager: Shutting down and abandoning module Documentation (354)
[2017.11.05-20.57.30:273][572]LogModuleManager: Shutting down and abandoning module MovieSceneTracks (352)
[2017.11.05-20.57.30:273][572]LogModuleManager: Shutting down and abandoning module MovieScene (350)
[2017.11.05-20.57.30:273][572]LogModuleManager: Shutting down and abandoning module Niagara (348)
[2017.11.05-20.57.30:273][572]LogModuleManager: Shutting down and abandoning module NiagaraEditor (347)
[2017.11.05-20.57.30:273][572]LogModuleManager: Shutting down and abandoning module StreamingPauseRendering (344)
[2017.11.05-20.57.30:273][572]LogModuleManager: Shutting down and abandoning module AnalyticsET (342)
[2017.11.05-20.57.30:273][572]LogModuleManager: Shutting down and abandoning module PortalServices (340)
[2017.11.05-20.57.30:273][572]LogModuleManager: Shutting down and abandoning module PortalRpc (338)
[2017.11.05-20.57.30:273][572]LogModuleManager: Shutting down and abandoning module MessagingRpc (336)
[2017.11.05-20.57.30:273][572]LogModuleManager: Shutting down and abandoning module AIModule (334)
[2017.11.05-20.57.30:273][572]LogModuleManager: Shutting down and abandoning module GameplayDebugger (333)
[2017.11.05-20.57.30:273][572]LogModuleManager: Shutting down and abandoning module AITestSuite (331)
[2017.11.05-20.57.30:273][572]LogModuleManager: Shutting down and abandoning module ProfilerService (328)
[2017.11.05-20.57.30:436][572]LogModuleManager: Shutting down and abandoning module TaskGraph (326)
[2017.11.05-20.57.30:436][572]LogModuleManager: Shutting down and abandoning module SteamVRController (324)
[2017.11.05-20.57.30:436][572]LogModuleManager: Shutting down and abandoning module SteamVR (322)
[2017.11.05-20.57.30:436][572]LogModuleManager: Shutting down and abandoning module ProceduralMeshComponentEditor (320)
[2017.11.05-20.57.30:436][572]LogModuleManager: Shutting down and abandoning module ProceduralMeshComponent (318)
[2017.11.05-20.57.30:436][572]LogModuleManager: Shutting down and abandoning module OculusLibrary (316)
[2017.11.05-20.57.30:436][572]LogModuleManager: Shutting down and abandoning module OculusInput (314)
[2017.11.05-20.57.30:436][572]LogModuleManager: Shutting down and abandoning module MobilePatchingUtils (312)
[2017.11.05-20.57.30:436][572]LogModuleManager: Shutting down and abandoning module CustomMeshComponent (310)
[2017.11.05-20.57.30:436][572]LogModuleManager: Shutting down and abandoning module CableComponent (308)
[2017.11.05-20.57.30:436][572]LogModuleManager: Shutting down and abandoning module ArchVisCharacter (306)
[2017.11.05-20.57.30:436][572]LogModuleManager: Shutting down and abandoning module AndroidPermission (304)
[2017.11.05-20.57.30:436][572]LogModuleManager: Shutting down and abandoning module MediaPlayerEditor (300)
[2017.11.05-20.57.30:436][572]LogModuleManager: Shutting down and abandoning module HTML5Networking (298)
[2017.11.05-20.57.30:436][572]LogModuleManager: Shutting down and abandoning module AlembicImporter (296)
[2017.11.05-20.57.30:436][572]LogModuleManager: Shutting down and abandoning module AlembicLibrary (295)
[2017.11.05-20.57.30:436][572]LogModuleManager: Shutting down and abandoning module GeometryCache (294)
[2017.11.05-20.57.30:436][572]LogModuleManager: Shutting down and abandoning module GeometryCacheEd (293)
[2017.11.05-20.57.30:436][572]LogModuleManager: Shutting down and abandoning module SuperSearchEditor (288)
[2017.11.05-20.57.30:436][572]LogModuleManager: Shutting down and abandoning module SuperSearch (287)
[2017.11.05-20.57.30:436][572]LogModuleManager: Shutting down and abandoning module SpeedTreeImporter (284)
[2017.11.05-20.57.30:436][572]LogModuleManager: Shutting down and abandoning module PluginBrowser (282)
[2017.11.05-20.57.30:436][572]LogModuleManager: Shutting down and abandoning module MobileLauncherProfileWizard (280)
[2017.11.05-20.57.30:436][572]LogModuleManager: Shutting down and abandoning module VisualStudioSourceCodeAccess (278)
[2017.11.05-20.57.30:436][572]LogModuleManager: Shutting down and abandoning module DesktopPlatform (277)
[2017.11.05-20.57.30:436][572]LogModuleManager: Shutting down and abandoning module UObjectPlugin (274)
[2017.11.05-20.57.30:436][572]LogModuleManager: Shutting down and abandoning module SubversionSourceControl (272)
[2017.11.05-20.57.30:436][572]LogModuleManager: Shutting down and abandoning module PerforceSourceControl (270)
[2017.11.05-20.57.30:436][572]LogModuleManager: Shutting down and abandoning module GitSourceControl (268)
[2017.11.05-20.57.30:436][572]LogModuleManager: Shutting down and abandoning module SourceControl (267)
[2017.11.05-20.57.30:436][572]LogModuleManager: Shutting down and abandoning module LightPropagationVolumeEditor (264)
[2017.11.05-20.57.30:436][572]LogModuleManager: Shutting down and abandoning module PaperTiledImporter (262)
[2017.11.05-20.57.30:436][572]LogModuleManager: Shutting down and abandoning module PaperSpriteSheetImporter (260)
[2017.11.05-20.57.30:436][572]LogModuleManager: Shutting down and abandoning module Paper2DEditor (258)
[2017.11.05-20.57.30:437][572]LogModuleManager: Shutting down and abandoning module MeshPaint (257)
[2017.11.05-20.57.30:437][572]LogModuleManager: Shutting down and abandoning module LevelEditor (255)
[2017.11.05-20.57.30:437][572]LogModuleManager: Shutting down and abandoning module PixelInspectorModule (254)
[2017.11.05-20.57.30:437][572]LogModuleManager: Shutting down and abandoning module MainFrame (252)
[2017.11.05-20.57.30:437][572]LogModuleManager: Shutting down and abandoning module HotReload (251)
[2017.11.05-20.57.30:438][572]LogModuleManager: Shutting down and abandoning module PhysXVehiclesEditor (246)
[2017.11.05-20.57.30:438][572]LogModuleManager: Shutting down and abandoning module PhysXVehicles (244)
[2017.11.05-20.57.30:438][572]LogModuleManager: Shutting down and abandoning module LocationServicesBPLibrary (242)
[2017.11.05-20.57.30:438][572]LogModuleManager: Shutting down and abandoning module ImmediatePhysicsEditor (240)
[2017.11.05-20.57.30:438][572]LogModuleManager: Shutting down and abandoning module ImmediatePhysics (238)
[2017.11.05-20.57.30:438][572]LogModuleManager: Shutting down and abandoning module UdpMessaging (236)
[2017.11.05-20.57.30:539][572]LogModuleManager: Shutting down and abandoning module TcpMessaging (234)
[2017.11.05-20.57.30:640][572]LogModuleManager: Shutting down and abandoning module GameplayTagsEditor (232)
[2017.11.05-20.57.30:640][572]LogModuleManager: Shutting down and abandoning module FacialAnimationEditor (230)
[2017.11.05-20.57.30:640][572]LogModuleManager: Shutting down and abandoning module FacialAnimation (228)
[2017.11.05-20.57.30:640][572]LogModuleManager: Shutting down and abandoning module AssetManagerEditor (226)
[2017.11.05-20.57.30:640][572]LogModuleManager: Shutting down and abandoning module GraphEditor (225)
[2017.11.05-20.57.30:640][572]LogModuleManager: Shutting down and abandoning module ContentBrowser (223)
[2017.11.05-20.57.30:642][572]LogModuleManager: Shutting down and abandoning module LightPropagationVolumeRuntime (220)
[2017.11.05-20.57.30:642][572]LogModuleManager: Shutting down and abandoning module Paper2D (218)
[2017.11.05-20.57.30:642][572]LogModuleManager: Shutting down and abandoning module WindowsMoviePlayer (216)
[2017.11.05-20.57.30:642][572]LogModuleManager: Shutting down and abandoning module WmfMedia (214)
[2017.11.05-20.57.30:642][572]LogModuleManager: Shutting down and abandoning module ClothingSystemEditor (212)
[2017.11.05-20.57.30:642][572]LogModuleManager: Shutting down and abandoning module ClothingSystemRuntime (210)
[2017.11.05-20.57.30:642][572]LogModuleManager: Shutting down and abandoning module MediaAssets (208)
[2017.11.05-20.57.30:642][572]LogModuleManager: Shutting down and abandoning module GameLiveStreaming (206)
[2017.11.05-20.57.30:642][572]LogModuleManager: Shutting down and abandoning module VREditor (204)
[2017.11.05-20.57.30:642][572]LogModuleManager: Shutting down and abandoning module StringTableEditor (202)
[2017.11.05-20.57.30:642][572]LogModuleManager: Shutting down and abandoning module GameplayTasksEditor (200)
[2017.11.05-20.57.30:642][572]LogModuleManager: Shutting down and abandoning module BehaviorTreeEditor (198)
[2017.11.05-20.57.30:642][572]LogModuleManager: Shutting down and abandoning module FunctionalTesting (196)
[2017.11.05-20.57.30:642][572]LogModuleManager: Shutting down and abandoning module CollisionAnalyzer (194)
[2017.11.05-20.57.30:642][572]LogModuleManager: Shutting down and abandoning module UMG (192)
[2017.11.05-20.57.30:642][572]LogModuleManager: Shutting down and abandoning module UMGEditor (191)
[2017.11.05-20.57.30:642][572]LogModuleManager: Shutting down and abandoning module Sequencer (190)
[2017.11.05-20.57.30:642][572]LogModuleManager: Shutting down and abandoning module AssetTools (188)
[2017.11.05-20.57.30:642][572]LogModuleManager: Shutting down and abandoning module MessageLog (187)
[2017.11.05-20.57.30:642][572]LogModuleManager: Shutting down and abandoning module WorkspaceMenuStructure (186)
[2017.11.05-20.57.30:642][572]LogModuleManager: Shutting down and abandoning module SlateReflector (180)
[2017.11.05-20.57.30:642][572]LogModuleManager: Shutting down and abandoning module Slate (178)
[2017.11.05-20.57.30:642][572]LogModuleManager: Shutting down and abandoning module EditorStyle (176)
[2017.11.05-20.57.30:644][572]LogModuleManager: Shutting down and abandoning module SourceCodeAccess (174)
[2017.11.05-20.57.30:644][572]LogModuleManager: Shutting down and abandoning module HeadMountedDisplay (172)
[2017.11.05-20.57.30:644][572]LogModuleManager: Shutting down and abandoning module XAudio2 (170)
[2017.11.05-20.57.30:644][572]LogModuleManager: Shutting down and abandoning module Networking (168)
[2017.11.05-20.57.30:644][572]LogModuleManager: Shutting down and abandoning module Core (164)
[2017.11.05-20.57.30:644][572]LogModuleManager: Shutting down and abandoning module AssetRegistry (162)
[2017.11.05-20.57.30:748][572]LogDirectoryWatcher: A directory notification for '../../../Engine/Content/' was aborted.
[2017.11.05-20.57.30:748][572]LogDirectoryWatcher: A directory notification for 'E:/Samuel/Goldsmiths/Intro to modeling and animation/Modeling project/Unreal scene/MyProject2/Content/' was aborted.
[2017.11.05-20.57.30:748][572]LogDirectoryWatcher: A directory notification for '../../../Engine/Plugins/2D/Paper2D/Content/' was aborted.
[2017.11.05-20.57.30:748][572]LogDirectoryWatcher: A directory notification for '../../../Engine/Plugins/Runtime/GearVR/Content/' was aborted.
[2017.11.05-20.57.30:750][572]LogModuleManager: Shutting down and abandoning module DirectoryWatcher (161)
[2017.11.05-20.57.30:750][572]LogModuleManager: Shutting down and abandoning module KismetCompiler (158)
[2017.11.05-20.57.30:750][572]LogModuleManager: Shutting down and abandoning module LevelSequence (156)
[2017.11.05-20.57.30:750][572]LogModuleManager: Shutting down and abandoning module PhysXFormats (154)
[2017.11.05-20.57.30:750][572]LogModuleManager: Shutting down and abandoning module MeshUtilities (152)
[2017.11.05-20.57.30:750][572]LogModuleManager: Shutting down and abandoning module SimplygonSwarm (151)
[2017.11.05-20.57.30:750][572]LogModuleManager: Shutting down and abandoning module SimplygonMeshReduction (149)
[2017.11.05-20.57.30:750][572]LogModuleManager: Shutting down and abandoning module QuadricMeshReduction (147)
[2017.11.05-20.57.30:750][572]LogModuleManager: Shutting down and abandoning module DerivedDataCache (144)
[2017.11.05-20.57.30:827][572]LogDerivedDataCache: Shutdown
[2017.11.05-20.57.30:827][572]LogModuleManager: Shutting down and abandoning module TargetPlatform (142)
[2017.11.05-20.57.30:827][572]LogModuleManager: Shutting down and abandoning module VulkanShaderFormat (141)
[2017.11.05-20.57.30:827][572]LogModuleManager: Shutting down and abandoning module ShaderFormatVectorVM (139)
[2017.11.05-20.57.30:827][572]LogModuleManager: Shutting down and abandoning module ShaderFormatOpenGL (137)
[2017.11.05-20.57.30:827][572]LogModuleManager: Shutting down and abandoning module ShaderFormatD3D (135)
[2017.11.05-20.57.30:827][572]LogModuleManager: Shutting down and abandoning module MetalShaderFormat (133)
[2017.11.05-20.57.30:827][572]LogModuleManager: Shutting down and abandoning module TextureFormatUncompressed (131)
[2017.11.05-20.57.30:827][572]LogModuleManager: Shutting down and abandoning module TextureFormatPVR (129)
[2017.11.05-20.57.30:827][572]LogModuleManager: Shutting down and abandoning module TextureFormatDXT (127)
[2017.11.05-20.57.30:827][572]LogModuleManager: Shutting down and abandoning module TextureFormatIntelISPCTexComp (125)
[2017.11.05-20.57.30:827][572]LogModuleManager: Shutting down and abandoning module TextureFormatASTC (123)
[2017.11.05-20.57.30:827][572]LogModuleManager: Shutting down and abandoning module ImageWrapper (122)
[2017.11.05-20.57.30:827][572]LogModuleManager: Shutting down and abandoning module TextureFormatAndroid (119)
[2017.11.05-20.57.30:827][572]LogModuleManager: Shutting down and abandoning module AudioFormatOpus (117)
[2017.11.05-20.57.30:827][572]LogModuleManager: Shutting down and abandoning module AudioFormatOgg (115)
[2017.11.05-20.57.30:827][572]LogModuleManager: Shutting down and abandoning module AudioFormatADPCM (113)
[2017.11.05-20.57.30:827][572]LogModuleManager: Shutting down and abandoning module LinuxTargetPlatform (111)
[2017.11.05-20.57.30:827][572]LogModuleManager: Shutting down and abandoning module LinuxServerTargetPlatform (109)
[2017.11.05-20.57.30:827][572]LogModuleManager: Shutting down and abandoning module LinuxNoEditorTargetPlatform (107)
[2017.11.05-20.57.30:827][572]LogModuleManager: Shutting down and abandoning module LinuxClientTargetPlatform (105)
[2017.11.05-20.57.30:827][572]LogModuleManager: Shutting down and abandoning module TVOSTargetPlatform (103)
[2017.11.05-20.57.30:827][572]LogModuleManager: Shutting down and abandoning module Messaging (101)
[2017.11.05-20.57.30:827][572]LogModuleManager: Shutting down and abandoning module IOSTargetPlatform (99)
[2017.11.05-20.57.30:827][572]LogModuleManager: Shutting down and abandoning module HTML5TargetPlatform (97)
[2017.11.05-20.57.30:827][572]LogModuleManager: Shutting down and abandoning module Android_PVRTCTargetPlatform (95)
[2017.11.05-20.57.30:827][572]LogModuleManager: Shutting down and abandoning module Android_MultiTargetPlatform (93)
[2017.11.05-20.57.30:828][572]LogModuleManager: Shutting down and abandoning module Android_ETC2TargetPlatform (91)
[2017.11.05-20.57.30:828][572]LogModuleManager: Shutting down and abandoning module Android_ETC1TargetPlatform (89)
[2017.11.05-20.57.30:828][572]LogModuleManager: Shutting down and abandoning module Android_DXTTargetPlatform (87)
[2017.11.05-20.57.30:828][572]LogModuleManager: Shutting down and abandoning module Android_ATCTargetPlatform (85)
[2017.11.05-20.57.30:828][572]LogModuleManager: Shutting down and abandoning module Android_ASTCTargetPlatform (83)
[2017.11.05-20.57.30:828][572]LogModuleManager: Shutting down and abandoning module AndroidTargetPlatform (81)
[2017.11.05-20.57.30:828][572]LogModuleManager: Shutting down and abandoning module WindowsTargetPlatform (79)
[2017.11.05-20.57.30:828][572]LogModuleManager: Shutting down and abandoning module WindowsServerTargetPlatform (77)
[2017.11.05-20.57.30:828][572]LogModuleManager: Shutting down and abandoning module WindowsNoEditorTargetPlatform (75)
[2017.11.05-20.57.30:828][572]LogModuleManager: Shutting down and abandoning module WindowsClientTargetPlatform (73)
[2017.11.05-20.57.30:828][572]LogModuleManager: Shutting down and abandoning module MacTargetPlatform (71)
[2017.11.05-20.57.30:828][572]LogModuleManager: Shutting down and abandoning module MacServerTargetPlatform (69)
[2017.11.05-20.57.30:828][572]LogModuleManager: Shutting down and abandoning module MacNoEditorTargetPlatform (67)
[2017.11.05-20.57.30:828][572]LogModuleManager: Shutting down and abandoning module MacClientTargetPlatform (65)
[2017.11.05-20.57.30:828][572]LogModuleManager: Shutting down and abandoning module AllDesktopTargetPlatform (63)
[2017.11.05-20.57.30:828][572]LogModuleManager: Shutting down and abandoning module InputCore (60)
[2017.11.05-20.57.30:828][572]LogModuleManager: Shutting down and abandoning module Settings (58)
[2017.11.05-20.57.30:828][572]LogModuleManager: Shutting down and abandoning module OculusRift (56)
[2017.11.05-20.57.30:828][572]LogModuleManager: Shutting down and abandoning module GearVRController (54)
[2017.11.05-20.57.30:828][572]LogModuleManager: Shutting down and abandoning module GearVR (52)
[2017.11.05-20.57.30:828][572]LogModuleManager: Shutting down and abandoning module ExampleDeviceProfileSelector (50)
[2017.11.05-20.57.30:828][572]LogModuleManager: Shutting down and abandoning module OnlineBlueprintSupport (48)
[2017.11.05-20.57.30:828][572]LogModuleManager: Shutting down and abandoning module OnlineSubsystem (44)
[2017.11.05-20.57.30:828][572]LogOnline:Display: Unloading online subsystem: NULL
[2017.11.05-20.57.30:828][572]LogModuleManager: Shutting down and abandoning module XMPP (43)
[2017.11.05-20.57.30:828][572]LogModuleManager: Shutting down and abandoning module HTTP (41)
[2017.11.05-20.57.30:828][572]LogHttp:Display: Http module shutting down, but needs to wait on 1 outstanding Http requests:
[2017.11.05-20.57.30:828][572]LogHttp:Display: 	verb=[POST] url=[https://datarouter.ol.epicgames.com/datarouter/api/v1/public/data?SessionID=%7BAA2917D6-49B7-8D42-056D-FB8DB3BE68E4%7D&AppID=UEEditor.Rocket.Release&AppVersion=4.16.1-3466753%2B%2B%2BUE4%2BRelease-4.16&UserID=d98441f04ad255797ce1d6926d218bea%7C6b072b2224d540a39567896391148b54%7Ca4ff8688-4674-40be-a8b4-7a95ef2476e5&AppEnvironment=datacollector-binary&UploadType=eteventstream] status=Processing
[2017.11.05-20.57.30:849][572]LogModuleManager: Shutting down and abandoning module SSL (40)
[2017.11.05-20.57.30:850][572]LogModuleManager: Shutting down and abandoning module HTTPChunkInstaller (36)
[2017.11.05-20.57.30:850][572]LogModuleManager: Shutting down and abandoning module AnimationModifiers (34)
[2017.11.05-20.57.30:850][572]LogModuleManager: Shutting down and abandoning module PropertyEditor (33)
[2017.11.05-20.57.30:850][572]LogModuleManager: Shutting down and abandoning module AudioEditor (30)
[2017.11.05-20.57.30:850][572]LogModuleManager: Shutting down and abandoning module TextureCompressor (28)
[2017.11.05-20.57.30:850][572]LogModuleManager: Shutting down and abandoning module ShaderCore (26)
[2017.11.05-20.57.30:850][572]LogModuleManager: Shutting down and abandoning module Landscape (24)
[2017.11.05-20.57.30:850][572]LogModuleManager: Shutting down and abandoning module SlateRHIRenderer (22)
[2017.11.05-20.57.30:851][572]LogModuleManager: Shutting down and abandoning module OpenGLDrv (20)
[2017.11.05-20.57.30:851][572]LogModuleManager: Shutting down and abandoning module D3D11RHI (18)
[2017.11.05-20.57.30:851][572]LogModuleManager: Shutting down and abandoning module AnimGraphRuntime (16)
[2017.11.05-20.57.30:851][572]LogModuleManager: Shutting down and abandoning module Renderer (14)
[2017.11.05-20.57.30:851][572]LogModuleManager: Shutting down and abandoning module Engine (12)
[2017.11.05-20.57.30:851][572]LogModuleManager: Shutting down and abandoning module CoreUObject (10)
[2017.11.05-20.57.30:851][572]LogModuleManager: Shutting down and abandoning module NetworkFile (8)
[2017.11.05-20.57.30:851][572]LogModuleManager: Shutting down and abandoning module StreamingFile (6)
[2017.11.05-20.57.30:851][572]LogModuleManager: Shutting down and abandoning module SandboxFile (4)
[2017.11.05-20.57.30:851][572]LogModuleManager: Shutting down and abandoning module PakFile (2)
[2017.11.05-20.57.30:854][572]LogExit: Exiting.
[2017.11.05-20.57.30:862][572]Log file closed, 11/05/17 20:57:30
