Log file open, 11/04/17 15:29:51
LogInit:Display: Running engine for game: MyProject2
LogPlatformFile: Not using cached read wrapper
LogInit:Display: RandInit(584093103) SRandInit(584093103).
LogTaskGraph: Started task graph with 5 named threads and 8 total threads with 1 sets of task threads.
LogStats: Stats thread started at 0.098881
LogInit: Using libcurl 7.47.1
LogInit:  - built for x86_64-pc-win32
LogInit:  - supports SSL with OpenSSL/1.0.2g
LogInit:  - supports HTTP deflate (compression) using libz 1.2.8
LogInit:  - other features:
LogInit:      CURL_VERSION_SSL
LogInit:      CURL_VERSION_LIBZ
LogInit:      CURL_VERSION_IPV6
LogInit:      CURL_VERSION_ASYNCHDNS
LogInit:      CURL_VERSION_LARGEFILE
LogInit:      CURL_VERSION_IDN
LogInit:  CurlRequestOptions (configurable via config and command line):
LogInit:  - bVerifyPeer = false  - Libcurl will NOT verify peer certificate
LogInit:  - bUseHttpProxy = false  - Libcurl will NOT use HTTP proxy
LogInit:  - bDontReuseConnections = false  - Libcurl will reuse connections
LogInit:  - CertBundlePath = nullptr  - Libcurl will use whatever was configured at build time.
LogInit: Build: ++UE4+Release-4.16-CL-3466753
LogInit: Engine Version: 4.16.1-3466753+++UE4+Release-4.16
LogInit: Compatible Engine Version: 4.16.0-3452394+++UE4+Release-4.16
LogInit: Net CL: 3452394
LogDevObjectVersion: Number of dev versions registered: 16
LogDevObjectVersion:   Dev-Blueprints (B0D832E4-1F89-4F0D-ACCF-7EB736FD4AA2): 9
LogDevObjectVersion:   Dev-Build (E1C64328-A22C-4D53-A36C-8E866417BD8C): 0
LogDevObjectVersion:   Dev-Core (375EC13C-06E4-48FB-B500-84F0262A717E): 2
LogDevObjectVersion:   Dev-Editor (E4B068ED-F494-42E9-A231-DA0B2E46BB41): 17
LogDevObjectVersion:   Dev-Framework (CFFC743F-43B0-4480-9391-14DF171D2073): 23
LogDevObjectVersion:   Dev-Mobile (B02B49B5-BB20-44E9-A304-32B752E40360): 0
LogDevObjectVersion:   Dev-Networking (A4E4105C-59A1-49B5-A7C5-40C4547EDFEE): 0
LogDevObjectVersion:   Dev-Online (39C831C9-5AE6-47DC-9A44-9C173E1C8E7C): 0
LogDevObjectVersion:   Dev-Physics (78F01B33-EBEA-4F98-B9B4-84EACCB95AA2): 0
LogDevObjectVersion:   Dev-Platform (6631380F-2D4D-43E0-8009-CF276956A95A): 0
LogDevObjectVersion:   Dev-Rendering (12F88B9F-8875-4AFC-A67C-D90C383ABD29): 15
LogDevObjectVersion:   Dev-Sequencer (7B5AE74C-D270-4C10-A958-57980B212A5A): 4
LogDevObjectVersion:   Dev-VR (D7296918-1DD6-4BDD-9DE2-64A83CC13884): 0
LogDevObjectVersion:   Dev-LoadTimes (C2A15278-BFE7-4AFE-6C17-90FF531DF755): 1
LogDevObjectVersion:   Private-Geometry (6EACA3D4-40EC-4CC1-B786-8BED09428FC5): 1
LogDevObjectVersion:   Dev-AnimPhys (29E575DD-E0A3-4627-9D10-D276232CDCEA): 3
LogInit: Compiled (64-bit): May 31 2017 02:03:30
LogInit: Compiled with Visual C++: 19.00.24215.01
LogInit: Build Configuration: Development
LogInit: Branch Name: ++UE4+Release-4.16
LogInit: Command line: -EpicPortal 
LogInit: Base directory: C:/Program Files (x86)/Epic Games/UE_4.16/Engine/Binaries/Win64/
LogInit: Installed Engine Build: 1
LogInit: Presizing for max 8388607 objects, including 0 objects not considered by GC, pre-allocating 0 bytes for permanent pool.
LogInit: Object subsystem initialized
[2017.11.04-15.29.52:494][  0]LogInit: Selected Device Profile: [Windows]
[2017.11.04-15.29.52:494][  0]LogInit: Applying CVar settings loaded from the selected device profile: [Windows]
[2017.11.04-15.29.52:503][  0]LogInit: Computer: LAPTOP-R2G7UD2V
[2017.11.04-15.29.52:503][  0]LogInit: User: samue
[2017.11.04-15.29.52:503][  0]LogInit: CPU Page size=4096, Cores=4
[2017.11.04-15.29.52:503][  0]LogInit: High frequency timer resolution =2.531249 MHz
[2017.11.04-15.29.52:503][  0]LogMemory: Memory total: Physical=15.8GB (16GB approx)
[2017.11.04-15.29.52:503][  0]LogMemory: Platform Memory Stats for Windows
[2017.11.04-15.29.52:503][  0]LogMemory: Process Physical Memory: 271.77 MB used, 271.77 MB peak
[2017.11.04-15.29.52:503][  0]LogMemory: Process Virtual Memory: 260.89 MB used, 260.89 MB peak
[2017.11.04-15.29.52:503][  0]LogMemory: Physical Memory: 8191.07 MB used,  8020.71 MB free, 16211.78 MB total
[2017.11.04-15.29.52:503][  0]LogMemory: Virtual Memory: 642.96 MB used,  8020.71 MB free, 134217728.00 MB total
[2017.11.04-15.29.52:584][  0]LogInit: Using OS detected language (en-US).
[2017.11.04-15.29.52:584][  0]LogInit: Using OS detected locale (en-US).
[2017.11.04-15.29.52:587][  0]LogTextLocalizationManager: No specific localization for 'en-US' exists, so the 'en' localization will be used.
[2017.11.04-15.29.53:543][  0]LogD3D11RHI: D3D11 adapters:
[2017.11.04-15.29.53:586][  0]LogD3D11RHI:    0. 'NVIDIA GeForce GTX 960M' (Feature Level 11_0)
[2017.11.04-15.29.53:586][  0]LogD3D11RHI:       4065/0/8105 MB DedicatedVideo/DedicatedSystem/SharedSystem, Outputs:2, VendorId:0x10de
[2017.11.04-15.29.53:593][  0]LogD3D11RHI:    1. 'Intel(R) HD Graphics 530' (Feature Level 11_0)
[2017.11.04-15.29.53:593][  0]LogD3D11RHI:       128/0/8105 MB DedicatedVideo/DedicatedSystem/SharedSystem, Outputs:0, VendorId:0x8086
[2017.11.04-15.29.53:594][  0]LogD3D11RHI:    2. 'Microsoft Basic Render Driver' (Feature Level 11_0)
[2017.11.04-15.29.53:594][  0]LogD3D11RHI:       0/0/8105 MB DedicatedVideo/DedicatedSystem/SharedSystem, Outputs:0, VendorId:0x1414
[2017.11.04-15.29.53:594][  0]LogD3D11RHI: Chosen D3D11 Adapter: 0
[2017.11.04-15.29.53:600][  0]LogD3D11RHI: Creating new Direct3DDevice
[2017.11.04-15.29.53:600][  0]LogD3D11RHI:     GPU DeviceId: 0x139b (for the marketing name, search the web for "GPU Device Id")
[2017.11.04-15.29.53:600][  0]LogWindows: EnumDisplayDevices:
[2017.11.04-15.29.53:600][  0]LogWindows:    0. 'Intel(R) HD Graphics 530' (P:0 D:1)
[2017.11.04-15.29.53:600][  0]LogWindows:    1. 'Intel(R) HD Graphics 530' (P:1 D:1)
[2017.11.04-15.29.53:600][  0]LogWindows:    2. 'Intel(R) HD Graphics 530' (P:0 D:0)
[2017.11.04-15.29.53:600][  0]LogWindows: DebugString: PrimaryIsNotTheChoosenAdapter PrimaryIsNotTheChoosenAdapter PrimaryIsNotTheChoosenAdapter FoundDriverCount:0 
[2017.11.04-15.29.53:600][  0]LogD3D11RHI:     Adapter Name: NVIDIA GeForce GTX 960M
[2017.11.04-15.29.53:600][  0]LogD3D11RHI:   Driver Version: Unknown (internal:Unknown, unified:Unknown)
[2017.11.04-15.29.53:600][  0]LogD3D11RHI:      Driver Date: Unknown
[2017.11.04-15.29.53:600][  0]LogRHI: Texture pool is 1361 MB (70% of 1945 MB)
[2017.11.04-15.29.53:630][  0]LogD3D11RHI: Async texture creation enabled
[2017.11.04-15.29.53:641][  0]LogD3D11RHI: GPU Timing Frequency: 1000.000000 (Debug: 2 1)
[2017.11.04-15.29.53:642][  0]LogShaderCompilers: Guid format shader working directory is -47 characters bigger than the processId version (E:/Samuel/Goldsmiths/Intro to modeling and animation/Modeling project/Unreal scene/MyProject2/Intermediate/Shaders/WorkingDirectory/9564/).
[2017.11.04-15.29.53:642][  0]LogShaderCompilers: Cleaned the shader compiler working directory 'C:/Users/samue/AppData/Local/Temp/UnrealShaderWorkingDir/9C314C6248549C59DDA9C883BB864F1C/'.
[2017.11.04-15.29.53:642][  0]LogShaderCompilers:Display: Using Local Shader Compiler.
[2017.11.04-15.29.54:691][  0]LogTemp:Display: Loaded TP AllDesktopTargetPlatform
[2017.11.04-15.29.54:749][  0]LogTemp:Display: Loaded TP MacClientTargetPlatform
[2017.11.04-15.29.54:803][  0]LogTemp:Display: Loaded TP MacNoEditorTargetPlatform
[2017.11.04-15.29.54:859][  0]LogTemp:Display: Loaded TP MacServerTargetPlatform
[2017.11.04-15.29.54:915][  0]LogTemp:Display: Loaded TP MacTargetPlatform
[2017.11.04-15.29.54:970][  0]LogTemp:Display: Loaded TP WindowsClientTargetPlatform
[2017.11.04-15.29.55:025][  0]LogTemp:Display: Loaded TP WindowsNoEditorTargetPlatform
[2017.11.04-15.29.55:081][  0]LogTemp:Display: Loaded TP WindowsServerTargetPlatform
[2017.11.04-15.29.55:129][  0]LogTemp:Display: Loaded TP WindowsTargetPlatform
[2017.11.04-15.29.55:186][  0]LogTemp:Display: Loaded TP AndroidTargetPlatform
[2017.11.04-15.29.55:240][  0]LogTemp:Display: Loaded TP Android_ASTCTargetPlatform
[2017.11.04-15.29.55:293][  0]LogTemp:Display: Loaded TP Android_ATCTargetPlatform
[2017.11.04-15.29.55:347][  0]LogTemp:Display: Loaded TP Android_DXTTargetPlatform
[2017.11.04-15.29.55:400][  0]LogTemp:Display: Loaded TP Android_ETC1TargetPlatform
[2017.11.04-15.29.55:455][  0]LogTemp:Display: Loaded TP Android_ETC2TargetPlatform
[2017.11.04-15.29.55:561][  0]LogTemp:Display: Loaded TP Android_MultiTargetPlatform
[2017.11.04-15.29.55:561][  0]LogTemp:Display: Loaded TP Android_PVRTCTargetPlatform
[2017.11.04-15.29.55:605][  0]LogTemp:Display: Loaded TP HTML5TargetPlatform
[2017.11.04-15.29.55:703][  0]LogTemp:Display: Loaded TP IOSTargetPlatform
[2017.11.04-15.29.55:737][  0]LogTemp:Display: Loaded TP TVOSTargetPlatform
[2017.11.04-15.29.55:791][  0]LogTemp:Display: Loaded TP LinuxClientTargetPlatform
[2017.11.04-15.29.55:846][  0]LogTemp:Display: Loaded TP LinuxNoEditorTargetPlatform
[2017.11.04-15.29.55:899][  0]LogTemp:Display: Loaded TP LinuxServerTargetPlatform
[2017.11.04-15.29.55:953][  0]LogTemp:Display: Loaded TP LinuxTargetPlatform
[2017.11.04-15.29.55:953][  0]LogTargetPlatformManager:Display: Building Assets For Windows
[2017.11.04-15.29.56:495][  0]LogDerivedDataCache:Display: Max Cache Size: 512 MB
[2017.11.04-15.29.56:591][  0]LogDerivedDataCache: Loaded boot cache 0.10s 90MB C:/Users/samue/AppData/Local/UnrealEngine/4.16/DerivedDataCache/Boot.ddc.
[2017.11.04-15.29.56:591][  0]LogDerivedDataCache:Display: Loaded Boot cache: C:/Users/samue/AppData/Local/UnrealEngine/4.16/DerivedDataCache/Boot.ddc
[2017.11.04-15.29.56:591][  0]LogDerivedDataCache: FDerivedDataBackendGraph:  Pak pak cache file E:/Samuel/Goldsmiths/Intro to modeling and animation/Modeling project/Unreal scene/MyProject2/DerivedDataCache/DDC.ddp not found, will not use a pak cache.
[2017.11.04-15.29.56:591][  0]LogDerivedDataCache: Unable to find inner node Pak for hierarchical cache Hierarchy.
[2017.11.04-15.29.56:591][  0]LogDerivedDataCache: FDerivedDataBackendGraph:  CompressedPak pak cache file E:/Samuel/Goldsmiths/Intro to modeling and animation/Modeling project/Unreal scene/MyProject2/DerivedDataCache/Compressed.ddp not found, will not use a pak cache.
[2017.11.04-15.29.56:591][  0]LogDerivedDataCache: Unable to find inner node CompressedPak for hierarchical cache Hierarchy.
[2017.11.04-15.29.56:609][  0]LogDerivedDataCache:Display: Pak cache opened for reading ../../../Engine/DerivedDataCache/Compressed.ddp.
[2017.11.04-15.29.56:622][  0]LogDerivedDataCache: Using Local data cache path C:/Users/samue/AppData/Local/UnrealEngine/Common/DerivedDataCache: Writable
[2017.11.04-15.29.56:631][  0]LogMaterial: Verifying Global Shaders for PCD3D_SM5
[2017.11.04-15.29.56:632][  0]LogSlate: Using Freetype 2.6.0
[2017.11.04-15.29.56:633][  0]LogSlate: SlateFontCache - WITH_FREETYPE: 1, WITH_HARFBUZZ: 1
[2017.11.04-15.29.56:633][  0]LogSlate: SlateFontCache - WITH_FREETYPE: 1, WITH_HARFBUZZ: 1
[2017.11.04-15.29.56:958][  0]LogInit: Selected Device Profile: [Windows]
[2017.11.04-15.29.57:042][  0]LogContentStreaming: Texture pool size is 0.00 MB
[2017.11.04-15.29.57:210][  0]LogMeshUtilities: Using QuadricMeshReduction for automatic static mesh reduction
[2017.11.04-15.29.57:261][  0]LogSimplygon: Simplygon DLL not present - disabling.
[2017.11.04-15.29.57:313][  0]LogMeshUtilities: Using SimplygonSwarm for distributed automatic mesh merging
[2017.11.04-15.29.57:313][  0]LogMeshUtilities: No automatic skeletal mesh reduction module available
[2017.11.04-15.29.57:313][  0]LogMeshUtilities: No automatic mesh merging module available
[2017.11.04-15.29.57:929][  0]LogNetVersion: MyProject2 , NetCL: 3452394, EngineNetVer: 2, GameNetVer: 0 (Checksum: 4119263391)
[2017.11.04-15.29.57:996][  0]LogAssetRegistry: FAssetRegistry took 0.0264 seconds to start up
[2017.11.04-15.29.58:069][  0]LogPackageLocalizationCache: Processed 4 localized package path(s) for 2 prioritized culture(s) in 0.044769 seconds
[2017.11.04-15.29.58:074][  0]LogUObjectArray: 34194 objects as part of root set at end of initial load.
[2017.11.04-15.29.58:075][  0]LogUObjectAllocator: 7260424 out of 0 bytes used by permanent object pool.
[2017.11.04-15.29.58:075][  0]LogUObjectArray: CloseDisregardForGC: 0/0 objects in disregard for GC pool
[2017.11.04-15.29.58:147][  0]LogInit: WinSock: version 1.1 (2.2), MaxSocks=32767, MaxUdp=65467
[2017.11.04-15.30.00:720][  0]LogTcpMessaging: Initializing TcpMessaging bridge
[2017.11.04-15.30.00:761][  0]LogUdpMessaging: Initializing bridge on interface 0.0.0.0:0 to multicast group 230.0.0.1:6666.
[2017.11.04-15.30.01:331][  0]LogMaterial: Uniform references updated for custom material expression Custom.
[2017.11.04-15.30.01:761][  0]SourceControl: Info Source control is disabled
[2017.11.04-15.30.01:799][  0]SourceControl: Info Source control is disabled
[2017.11.04-15.30.01:850][  0]SourceControl: Info Source control is disabled
[2017.11.04-15.30.01:900][  0]SourceControl: Info Source control is disabled
[2017.11.04-15.30.02:633][  0]LogAndroidPermission: UAndroidPermissionCallbackProxy::GetInstance
[2017.11.04-15.30.03:278][  0]LogEngine: Initializing Engine...
[2017.11.04-15.30.03:279][  0]LogHMD: Failed to initialize OpenVR with code 110
[2017.11.04-15.30.03:526][  0]LogStats: UGameplayTagsManager::ConstructGameplayTagTree: Construct from data asset -  0.000 s
[2017.11.04-15.30.03:526][  0]LogStats: UGameplayTagsManager::ConstructGameplayTagTree: GameplayTagTreeChangedEvent.Broadcast -  0.000 s
[2017.11.04-15.30.03:670][  0]LogAIModule: Creating AISystem for world Untitled
[2017.11.04-15.30.03:681][  0]LogInit: XAudio2 using 'Speakers (Realtek High Definition Audio)' : 2 channels at 48 kHz using 32 bits per sample (channel mask 0x3)
[2017.11.04-15.30.03:722][  0]LogInit: FAudioDevice initialized.
[2017.11.04-15.30.03:768][  0]LogDerivedDataCache: Saved boot cache 0.05s 90MB C:/Users/samue/AppData/Local/UnrealEngine/4.16/DerivedDataCache/Boot.ddc.
[2017.11.04-15.30.03:780][  0]LogInit: Texture streaming: Enabled
[2017.11.04-15.30.03:888][  0]LogEngineSessionManager: EngineSessionManager initialized
[2017.11.04-15.30.04:137][  0]LogInit: Transaction tracking system initialized
[2017.11.04-15.30.04:495][  0]BlueprintLog: New page: Editor Load
[2017.11.04-15.30.05:559][  0]LocalizationService: Info Localization service is disabled
[2017.11.04-15.30.06:315][  0]LogConsoleResponse:Display: 
[2017.11.04-15.30.06:471][  0]LogCook:Display: Max memory allowance for cook 16384mb min free memory 0mb
[2017.11.04-15.30.06:471][  0]LogCook:Display: Mobile HDR setting 1
[2017.11.04-15.30.06:845][  0]LogFileCache: Scanning file cache for directory 'E:/Samuel/Goldsmiths/Intro to modeling and animation/Modeling project/Unreal scene/MyProject2/Content/' took 0.01s
[2017.11.04-15.30.07:594][  0]SourceControl: Info Source control is disabled
[2017.11.04-15.30.07:594][  0]Cmd: MAP LOAD FILE="../../../Engine/Content/Maps/Templates/Template_Default.umap" TEMPLATE=1 SHOWPROGRESS=1 FEATURELEVEL=3
[2017.11.04-15.30.07:595][  0]LightingResults: New page: Lighting Build
[2017.11.04-15.30.07:642][  0]MapCheck: New page: Map Check
[2017.11.04-15.30.07:642][  0]LightingResults: New page: Lighting Build
[2017.11.04-15.30.07:847][  0]LogAIModule: Creating AISystem for world Untitled_1
[2017.11.04-15.30.07:848][  0]LogActorComponent: RegisterComponentWithWorld: (/Temp/Untitled_1.Untitled_1:PersistentLevel.WorldSettings_1.StaticMeshComponent0) Trying to register component with IsPendingKill() == true. Aborting.
[2017.11.04-15.30.07:853][  0]LogEditorServer: Finished looking for orphan Actors (0.000 secs)
[2017.11.04-15.30.07:871][  0]Cmd: MAP CHECKDEP NOCLEARLOG
[2017.11.04-15.30.07:916][  0]MapCheck: Info Map check complete: 0 Error(s), 0 Warning(s), took 44.906ms to complete.
[2017.11.04-15.30.07:916][  0]LogFileHelpers: Loading map 'Template_Default' took 0.321
[2017.11.04-15.30.07:999][  0]LogWindowsTextInputMethodSystem:Display: IME system now deactivated.
[2017.11.04-15.30.08:091][  0]LogCollectionManager: Loaded 0 collections in 0.001394 seconds
[2017.11.04-15.30.08:184][  0]LogFileCache: Scanning file cache for directory 'E:/Samuel/Goldsmiths/Intro to modeling and animation/Modeling project/Unreal scene/MyProject2/Saved/Collections/' took 0.01s
[2017.11.04-15.30.08:184][  0]LogFileCache: Scanning file cache for directory 'E:/Samuel/Goldsmiths/Intro to modeling and animation/Modeling project/Unreal scene/MyProject2/Content/Developers/samue/Collections/' took 0.01s
[2017.11.04-15.30.08:184][  0]LogFileCache: Scanning file cache for directory 'E:/Samuel/Goldsmiths/Intro to modeling and animation/Modeling project/Unreal scene/MyProject2/Content/Collections/' took 0.01s
[2017.11.04-15.30.08:184][  0]LogCollectionManager: Rebuilt the GUID cache for 0 collections in 0.000001 seconds
[2017.11.04-15.30.08:194][  0]LogContentBrowser: Native class hierarchy populated in 0.0093 seconds. Added 2329 classes and 491 folders.
[2017.11.04-15.30.08:269][  0]LogContentBrowser: Native class hierarchy updated for 'WidgetCarousel' in 0.0010 seconds. Added 0 classes and 0 folders.
[2017.11.04-15.30.08:304][  0]LogContentBrowser: Native class hierarchy updated for 'AddContentDialog' in 0.0006 seconds. Added 0 classes and 0 folders.
[2017.11.04-15.30.08:355][  0]LogContentBrowser: Native class hierarchy updated for 'SceneOutliner' in 0.0008 seconds. Added 1 classes and 2 folders.
[2017.11.04-15.30.08:397][  0]LogCrashTracker: Crashtracker disabled due to settings.
[2017.11.04-15.30.08:403][  0]LogSlate: Took 0.000254 seconds to synchronously load lazily loaded font '../../../Engine/Content/Slate/Fonts/Roboto-Regular.ttf' (155K)
[2017.11.04-15.30.08:406][  0]LogSlate: Took 0.000314 seconds to synchronously load lazily loaded font '../../../Engine/Content/Slate/Fonts/Roboto-Bold.ttf' (160K)
[2017.11.04-15.30.08:414][  0]LogSlate: Took 0.000205 seconds to synchronously load lazily loaded font '../../../Engine/Content/Editor/Slate/Fonts/FontAwesome.ttf' (139K)
[2017.11.04-15.30.08:515][  0]LogRenderer: Reallocating scene render targets to support 1132x536 NumSamples 1 (Frame:1).
[2017.11.04-15.30.08:642][  0]LogUObjectGlobals:Warning: Failed to find object 'Class None.'
[2017.11.04-15.30.08:716][  0]LogContentBrowser: Native class hierarchy updated for 'HierarchicalLODOutliner' in 0.0006 seconds. Added 1 classes and 2 folders.
[2017.11.04-15.30.08:716][  0]LogLoad: (Engine Initialization) Total time: 17.86 seconds
[2017.11.04-15.30.08:716][  0]LogLoad: (Engine Initialization) Total Blueprint compile time: 0.09 seconds
[2017.11.04-15.30.08:716][  0]LogExternalProfiler: No external profilers were discovered.  External profiling features will not be available.
[2017.11.04-15.30.08:739][  0]LogOcInput: OculusInput pre-init called
[2017.11.04-15.30.08:739][  0]LogHMD: Starting GearVRController plugin
[2017.11.04-15.30.08:753][  0]LogAssetRegistry: Asset discovery search completed in 10.7791 seconds
[2017.11.04-15.30.08:755][  0]LogCollectionManager: Rebuilt the object cache for 0 collections in 0.000000 seconds (found 0 objects)
[2017.11.04-15.30.08:755][  0]LogCollectionManager: Fixed up redirectors for 0 collections in 0.000023 seconds (updated 0 objects)
[2017.11.04-15.30.08:758][  0]LogContentStreaming: Texture pool size now 1000 MB
[2017.11.04-15.30.08:833][  0]LogRenderer: Reallocating scene render targets to support 1132x556 NumSamples 1 (Frame:2).
[2017.11.04-15.30.08:833][  0]LogSlate: Took 0.000249 seconds to synchronously load lazily loaded font '../../../Engine/Content/Slate/Fonts/Roboto-Light.ttf' (159K)
[2017.11.04-15.30.27:693][893]LogSlate: Took 0.000168 seconds to synchronously load lazily loaded font '../../../Engine/Content/Slate/Fonts/Roboto-Light.ttf' (159K)
[2017.11.04-15.30.28:071][893]LogObjectTools:Warning: ForceReplaceReferences replaced references for a transient object 'UserConstructionScript' or package '/Engine/Transient'.
[2017.11.04-15.30.28:071][893]LogObjectTools:Warning: ForceReplaceReferences replaced references for a transient object 'Camera' or package '/Engine/Transient'.
[2017.11.04-15.30.28:071][893]LogObjectTools:Warning: ForceReplaceReferences replaced references for a transient object 'Lamp' or package '/Engine/Transient'.
[2017.11.04-15.30.28:071][893]LogObjectTools:Warning: ForceReplaceReferences replaced references for a transient object 'Chair' or package '/Engine/Transient'.
[2017.11.04-15.30.28:071][893]LogObjectTools:Warning: ForceReplaceReferences replaced references for a transient object 'DefaultSceneRoot1' or package '/Engine/Transient'.
[2017.11.04-15.30.28:071][893]LogObjectTools:Warning: ForceReplaceReferences replaced references for a transient object 'REINST_SKEL_FbxScene_Chair_C_16' or package '/Engine/Transient'.
[2017.11.04-15.30.28:118][893]LogObjectTools:Warning: ForceReplaceReferences replaced references for a transient object 'Chair_GEN_VARIABLE' or package '/Engine/Transient'.
[2017.11.04-15.30.28:118][893]LogObjectTools:Warning: ForceReplaceReferences replaced references for a transient object 'DEADCLASS_FbxScene_Chair_C_1' or package '/Engine/Transient'.
[2017.11.04-15.30.28:118][893]LogObjectTools:Warning: ForceReplaceReferences replaced references for a transient object 'Camera_GEN_VARIABLE' or package '/Engine/Transient'.
[2017.11.04-15.30.28:118][893]LogObjectTools:Warning: ForceReplaceReferences replaced references for a transient object 'Lamp_GEN_VARIABLE' or package '/Engine/Transient'.
[2017.11.04-15.30.28:118][893]LogObjectTools:Warning: ForceReplaceReferences replaced references for a transient object 'Chair_GEN_VARIABLE' or package '/Engine/Transient'.
[2017.11.04-15.30.28:119][893]LogObjectTools:Warning: ForceReplaceReferences replaced references for a transient object 'DefaultSceneRoot1_GEN_VARIABLE' or package '/Engine/Transient'.
[2017.11.04-15.30.28:119][893]LogObjectTools:Warning: ForceReplaceReferences replaced references for a transient object 'DefaultSceneRoot_GEN_VARIABLE' or package '/Engine/Transient'.
[2017.11.04-15.30.28:119][893]LogObjectTools:Warning: ForceReplaceReferences replaced references for a transient object 'SimpleConstructionScript_0' or package '/Engine/Transient'.
[2017.11.04-15.30.28:119][893]LogObjectTools:Warning: ForceReplaceReferences replaced references for a transient object 'DEADCLASS_FbxScene_Chair_C_0' or package '/Engine/Transient'.
[2017.11.04-15.30.28:119][893]LogObjectTools:Warning: ForceReplaceReferences replaced references for a transient object 'REINST_FbxScene_Chair_C_15' or package '/Engine/Transient'.
[2017.11.04-15.30.44:679][227]LogFactory: FactoryCreateFile: StaticMesh with FbxFactory (0 0 E:/Samuel/Goldsmiths/Intro to modeling and animation/Modeling project/Models/Chair/Chair - UV.fbx)
[2017.11.04-15.30.44:687][227]LogFbx: ItemName: GlobalSettings, ItemCount : 1
[2017.11.04-15.30.44:687][227]LogFbx: ItemName: Geometry, ItemCount : 1
[2017.11.04-15.30.44:687][227]LogFbx: ItemName: Model, ItemCount : 1
[2017.11.04-15.30.44:687][227]LogFbx: ItemName: Material, ItemCount : 2
[2017.11.04-15.30.44:693][227]LogFbx: Loading FBX Scene from E:/Samuel/Goldsmiths/Intro to modeling and animation/Modeling project/Models/Chair/Chair - UV.fbx
[2017.11.04-15.30.44:699][227]LogFbx: FBX Scene Loaded Succesfully
[2017.11.04-15.30.47:024][227]LogFbx: Loading FBX Scene from E:/Samuel/Goldsmiths/Intro to modeling and animation/Modeling project/Models/Chair/Chair - UV.fbx
[2017.11.04-15.30.47:029][227]LogFbx: FBX Scene Loaded Succesfully
[2017.11.04-15.30.47:032][227]LogLinker: Can't find file '/Game/Chair'
[2017.11.04-15.30.47:032][227]LogLinker: Can't find file '/Game/Chair'
[2017.11.04-15.30.47:036][227]LogMaterial: Missing cached shader map for material Chair, compiling. 
[2017.11.04-15.30.47:064][227]LogFbx:Warning: Triangulating static mesh Chair
[2017.11.04-15.30.47:078][227]LogStaticMesh: Building static mesh Chair_-_UV...
[2017.11.04-15.30.47:086][227]LogStaticMesh: Built static mesh [0.01s] /Game/Chair_-_UV.Chair_-_UV
[2017.11.04-15.30.47:092][227]FBXImport:Warning: Warning No smoothing group information was found in this FBX scene.  Please make sure to enable the 'Export Smoothing Groups' option in the FBX Exporter plug-in before exporting the file.  Even for tools that don't support smoothing groups, the FBX Exporter will generate appropriate smoothing data at export-time so that correct vertex normals can be inferred while importing. 
[2017.11.04-15.31.03:562][114]LogActorFactory: Actor Factory created Chair_-_UV
[2017.11.04-15.31.03:998][140]LogActorFactory: Actor Factory created Chair_-_UV
[2017.11.04-15.31.33:876][919]MapCheck: New page: Map Check
[2017.11.04-15.31.33:895][919]LightingResults: New page: Lighting Build - Nov 4, 2017, 3:31:33 PM
[2017.11.04-15.31.33:933][919]LogSwarmInterface: [OpenConnection] Registering TCP channel ...
[2017.11.04-15.31.34:001][919]LogSwarmInterface: [OpenConnection] Connecting to agent ...
[2017.11.04-15.31.34:011][919]LogSwarmInterface: [TryOpenConnection] Testing the Agent
[2017.11.04-15.31.34:520][919]LogSwarmInterface: [TryOpenConnection] Opening Connection to Agent
[2017.11.04-15.31.34:520][919]LogSwarmInterface: [TryOpenConnection] Local Process ID is 9564
[2017.11.04-15.31.36:792][919]LogStaticLightingSystem:Warning: No importance volume found, so the scene bounding box was used.  You can optimize your scene's quality and lighting build times by adding importance volumes.
[2017.11.04-15.31.36:792][919]LogStaticLightingSystem: Running Lightmass w/ ImmediateImport mode ENABLED
[2017.11.04-15.31.36:792][919]LogStaticLightingSystem: Running Lightmass w/ ImmediateProcess mode ENABLED
[2017.11.04-15.31.36:792][919]LogStaticLightingSystem: Running Lightmass w/ Sorting mode ENABLED
[2017.11.04-15.31.36:792][919]LogStaticLightingSystem: Running Lightmass w/ Mapping paddings ENABLED
[2017.11.04-15.31.36:792][919]LogStaticLightingSystem: Running Lightmass w/ Mapping debug paddings DISABLED
[2017.11.04-15.31.36:953][919]LogEditorBuildUtils: Build time 0:03
[2017.11.04-15.31.38:050][949]Job is a success!
[2017.11.04-15.31.38:183][951]LogTexture:Display: Building textures: HQ_Lightmap0_1 (AutoDXT, 256X256)
[2017.11.04-15.31.38:183][951]LogTexture:Display: Building textures: LQ_Lightmap_0_1 (DXT1, 256X256)
[2017.11.04-15.31.38:183][951]LogTexture:Display: Building textures: LQ_Lightmap_0_2 (DXT1, 64X64)
[2017.11.04-15.31.38:183][951]LogTexture:Display: Building textures: HQ_Lightmap0_2 (AutoDXT, 64X64)
[2017.11.04-15.31.38:183][951]LogTexture:Display: Building textures: ShadowMapTexture2D_1 (G8, 32X32)
[2017.11.04-15.31.38:183][951]LogTexture:Display: Building textures: ShadowMapTexture2D_0 (G8, 256X128)
[2017.11.04-15.31.38:202][951]Lightmass on LAPTOP-R2G7UD2V: 687 ms total, 80 ms importing, 8 ms setup, 282 ms photons, 304 ms processing, 0 ms extra exporting [3/3 mappings]. Threads: 1.97 sec total, 300 ms processing.
[2017.11.04-15.31.38:222][951]LogStaticLightingSystem: Illumination: 4.30 sec (16 ms encoding lightmaps, 19 ms encoding shadowmaps)
[2017.11.04-15.31.38:222][951]LogStaticLightingSystem: Lightmap texture memory:  0.1 MB (0.1 MB streaming, 0.0 MB non-streaming), 4 textures
[2017.11.04-15.31.38:222][951]LogStaticLightingSystem: Shadowmap texture memory: 0.0 MB (0.0 MB streaming, 0.0 MB non-streaming), 2 textures
[2017.11.04-15.31.38:796][951]DumpUnbuiltLightIteractions
[2017.11.04-15.31.38:796][951]Lights with unbuilt interactions: 0
[2017.11.04-15.31.38:796][951]
[2017.11.04-15.31.38:796][951]Primitives with unbuilt interactions: 0
[2017.11.04-15.31.38:808][952]Cmd: MAP CHECK NOTIFYRESULTS
[2017.11.04-15.31.38:808][952]MapCheck: New page: Untitled_1 - Nov 4, 2017, 3:31:38 PM
[2017.11.04-15.31.38:865][952]MapCheck: Info Map check complete: 0 Error(s), 0 Warning(s), took 56.611ms to complete.
[2017.11.04-15.31.43:196][211]LogTemp: Repeting last play command: Selected Viewport
[2017.11.04-15.31.43:216][211]LogPlayLevel: PlayLevel: No blueprints needed recompiling
[2017.11.04-15.31.43:216][211]PIE: New page: PIE session: Untitled_1 (Nov 4, 2017, 3:31:43 PM)
[2017.11.04-15.31.43:216][211]LogPlayLevel: Creating play world package: /Temp/UEDPIE_0_Untitled_1
[2017.11.04-15.31.43:218][211]LogPlayLevel: PIE: StaticDuplicateObject took: (0.001470s)
[2017.11.04-15.31.43:218][211]LogAIModule: Creating AISystem for world Untitled_1
[2017.11.04-15.31.43:219][211]LogPlayLevel: PIE: World Init took: (0.000995s)
[2017.11.04-15.31.43:219][211]LogPlayLevel: PIE: Created PIE world by copying editor world from /Temp/Untitled_1.Untitled_1 to /Temp/UEDPIE_0_Untitled_1.Untitled_1 (0.002728s)
[2017.11.04-15.31.43:230][211]LogInit: XAudio2 using 'Speakers (Realtek High Definition Audio)' : 2 channels at 48 kHz using 32 bits per sample (channel mask 0x3)
[2017.11.04-15.31.43:244][211]LogInit: FAudioDevice initialized.
[2017.11.04-15.31.43:286][211]LogLoad: Game class is 'GameModeBase'
[2017.11.04-15.31.43:290][211]LogWorld: Bringing World /Temp/UEDPIE_0_Untitled_1.Untitled_1 up for play (max tick rate 60) at 2017.11.04-15.31.43
[2017.11.04-15.31.43:290][211]LogWorld: Bringing up level for play took: 0.001295
[2017.11.04-15.31.43:338][211]LogContentBrowser: Native class hierarchy updated for 'MovieSceneCapture' in 0.0006 seconds. Added 11 classes and 0 folders.
[2017.11.04-15.31.43:339][211]PIE: Info Play in editor start time for /Temp/UEDPIE_0_Untitled_1 -0.37
[2017.11.04-15.31.59:424][170]LogEditorViewport: Clicking on Actor (LMB): DirectionalLight (Light Source)
[2017.11.04-15.32.08:154][685]LogSlate: Took 0.000169 seconds to synchronously load lazily loaded font '../../../Engine/Content/Editor/Slate/Fonts/Roboto-Italic.ttf' (157K)
[2017.11.04-15.32.13:531][  6]LogTemp: Repeting last play command: Selected Viewport
[2017.11.04-15.32.13:540][  6]LogPlayLevel: PlayLevel: No blueprints needed recompiling
[2017.11.04-15.32.13:540][  6]PIE: New page: PIE session: Untitled_1 (Nov 4, 2017, 3:32:13 PM)
[2017.11.04-15.32.13:540][  6]LogPlayLevel: Creating play world package: /Temp/UEDPIE_0_Untitled_1
[2017.11.04-15.32.13:542][  6]LogPlayLevel: PIE: StaticDuplicateObject took: (0.001385s)
[2017.11.04-15.32.13:543][  6]LogAIModule: Creating AISystem for world Untitled_1
[2017.11.04-15.32.13:543][  6]LogPlayLevel: PIE: World Init took: (0.001691s)
[2017.11.04-15.32.13:544][  6]LogPlayLevel: PIE: Created PIE world by copying editor world from /Temp/Untitled_1.Untitled_1 to /Temp/UEDPIE_0_Untitled_1.Untitled_1 (0.003448s)
[2017.11.04-15.32.13:555][  6]LogInit: XAudio2 using 'Speakers (Realtek High Definition Audio)' : 2 channels at 48 kHz using 32 bits per sample (channel mask 0x3)
[2017.11.04-15.32.13:566][  6]LogInit: FAudioDevice initialized.
[2017.11.04-15.32.13:596][  6]LogLoad: Game class is 'GameModeBase'
[2017.11.04-15.32.13:599][  6]LogWorld: Bringing World /Temp/UEDPIE_0_Untitled_1.Untitled_1 up for play (max tick rate 60) at 2017.11.04-15.32.13
[2017.11.04-15.32.13:599][  6]LogWorld: Bringing up level for play took: 0.001086
[2017.11.04-15.32.13:601][  6]PIE: Info Play in editor start time for /Temp/UEDPIE_0_Untitled_1 -0.109
[2017.11.04-15.32.30:080][656]LogTextFormatter:Warning: Failed to parse argument "ExistingAsset" as a number (using "0" as a fallback). Please check your format string for errors: "{ExistingAsset} already exists. Do you want to replace it?".
[2017.11.04-15.32.31:526][656]LogSavePackage: Save=22.22ms
[2017.11.04-15.32.31:526][656]LogSavePackage: Moving 'E:/Samuel/Goldsmiths/Intro to modeling and animation/Modeling project/Unreal scene/MyProject2/Saved/NewMap81FA648E4AD6E4A7124FF49716C3230B.tmp' to 'E:/Samuel/Goldsmiths/Intro to modeling and animation/Modeling project/Unreal scene/MyProject2/Content/NewMap.umap'
[2017.11.04-15.32.31:530][656]LogSavePackage:Display: Finished SavePackage E:/Samuel/Goldsmiths/Intro to modeling and animation/Modeling project/Unreal scene/MyProject2/Content/NewMap.umap
[2017.11.04-15.32.31:551][656]Cmd: OBJ SAVEPACKAGE PACKAGE="/Game/NewMap_BuiltData" FILE="E:/Samuel/Goldsmiths/Intro to modeling and animation/Modeling project/Unreal scene/MyProject2/Content/NewMap_BuiltData.uasset" SILENT=true
[2017.11.04-15.32.31:567][656]LogSavePackage: Save=12.36ms
[2017.11.04-15.32.31:568][656]LogSavePackage: Moving 'E:/Samuel/Goldsmiths/Intro to modeling and animation/Modeling project/Unreal scene/MyProject2/Saved/NewMap_BuiltDataAEAADC2D4358FD7C038F34A85C03DC23.tmp' to 'E:/Samuel/Goldsmiths/Intro to modeling and animation/Modeling project/Unreal scene/MyProject2/Content/NewMap_BuiltData.uasset'
[2017.11.04-15.32.31:572][656]LogSavePackage:Display: Finished SavePackage E:/Samuel/Goldsmiths/Intro to modeling and animation/Modeling project/Unreal scene/MyProject2/Content/NewMap_BuiltData.uasset
[2017.11.04-15.32.31:578][656]LogFileHelpers: Saving map 'NewMap' took 0.159
[2017.11.04-15.33.43:303][651]LogFactory: FactoryCreateFile: World with FbxSceneImportFactory (0 0 E:/Samuel/Goldsmiths/Intro to modeling and animation/Modeling project/Models/Table/Table.fbx)
[2017.11.04-15.33.43:316][651]LogFbx: Loading FBX Scene from E:/Samuel/Goldsmiths/Intro to modeling and animation/Modeling project/Models/Table/Table.fbx
[2017.11.04-15.33.43:323][651]LogFbx: FBX Scene Loaded Succesfully
[2017.11.04-15.33.43:325][651]LogFbx: =================================================
[2017.11.04-15.33.43:325][651]LogFbx: Dumping Node START [Table] 
[2017.11.04-15.33.43:325][651]LogFbx: 	Total Deformer Count -1304598768.
[2017.11.04-15.33.43:325][651]LogFbx: 	Attribute (Cube.003) Type (4).
[2017.11.04-15.33.43:325][651]LogFbx: 		[Node Attribute Child 1] Table (Type Mesh).
[2017.11.04-15.33.43:325][651]LogFbx: Dumping Node END [Table]
[2017.11.04-15.33.43:325][651]LogFbx: =================================================
[2017.11.04-15.33.43:325][651]LogFbx: Dumping Node START [Table] 
[2017.11.04-15.33.43:325][651]LogFbx: 	Total Deformer Count -1304598768.
[2017.11.04-15.33.43:325][651]LogFbx: 	Attribute (Cube.003) Type (4).
[2017.11.04-15.33.43:325][651]LogFbx: 		[Node Attribute Child 1] Table (Type Mesh).
[2017.11.04-15.33.43:325][651]LogFbx: Dumping Node END [Table]
[2017.11.04-15.33.44:926][651]LogFbx: =================================================
[2017.11.04-15.33.44:926][651]LogFbx: Dumping Node START [Table] 
[2017.11.04-15.33.44:926][651]LogFbx: 	Total Deformer Count -1202425120.
[2017.11.04-15.33.44:926][651]LogFbx: 	Attribute (Cube.003) Type (4).
[2017.11.04-15.33.44:926][651]LogFbx: 		[Node Attribute Child 1] Table (Type Mesh).
[2017.11.04-15.33.44:926][651]LogFbx: Dumping Node END [Table]
[2017.11.04-15.33.44:926][651]LogFbx: =================================================
[2017.11.04-15.33.44:926][651]LogFbx: Dumping Node START [Table] 
[2017.11.04-15.33.44:926][651]LogFbx: 	Total Deformer Count -1202425120.
[2017.11.04-15.33.44:926][651]LogFbx: 	Attribute (Cube.003) Type (4).
[2017.11.04-15.33.44:926][651]LogFbx: 		[Node Attribute Child 1] Table (Type Mesh).
[2017.11.04-15.33.44:926][651]LogFbx: Dumping Node END [Table]
[2017.11.04-15.33.44:927][651]LogLinker: Can't find file '/Game/Table'
[2017.11.04-15.33.44:928][651]LogLinker: Can't find file '/Game/Table1'
[2017.11.04-15.33.44:928][651]LogLinker: Can't find file '/Game/Table1'
[2017.11.04-15.33.44:933][651]LogMaterial: Missing cached shader map for material Table1, compiling. 
[2017.11.04-15.33.44:947][651]LogFbx:Warning: Triangulating static mesh Table
[2017.11.04-15.33.44:958][651]LogStaticMesh: Building static mesh Cube_003...
[2017.11.04-15.33.44:958][651]LogMeshUtilities: Invalid vertex normals found for mesh. Forcing recomputation of vertex normals for MikkTSpace. Fix mesh or disable "Use MikkTSpace Tangent Space" to avoid forced recomputation of normals.
[2017.11.04-15.33.44:962][651]LogStaticMesh: Built static mesh [0.00s] /Game/Cube_003.Cube_003
[2017.11.04-15.33.45:053][651]LogSlate: Took 0.000265 seconds to synchronously load lazily loaded font '../../../Engine/Content/Slate/Fonts/Roboto-Regular.ttf' (155K)
[2017.11.04-15.33.45:478][651]LogContentBrowser: Native class hierarchy updated for 'BlueprintGraph' in 0.0009 seconds. Added 112 classes and 0 folders.
[2017.11.04-15.33.46:197][651]FBXImport:Warning: Warning No smoothing group information was found in this FBX scene.  Please make sure to enable the 'Export Smoothing Groups' option in the FBX Exporter plug-in before exporting the file.  Even for tools that don't support smoothing groups, the FBX Exporter will generate appropriate smoothing data at export-time so that correct vertex normals can be inferred while importing. 
[2017.11.04-15.33.46:197][651]FBXImport:Warning: Warning Warning: The imported mesh is very small. This is most likely an issue with the units used when exporting to FBX. 
[2017.11.04-15.33.46:341][651]LogRenderer: Reallocating scene render targets to support 1144x900 NumSamples 1 (Frame:1).
[2017.11.04-15.34.12:047][117]Cmd: OBJ SAVEPACKAGE PACKAGE="/Game/Materials/Table1" FILE="E:/Samuel/Goldsmiths/Intro to modeling and animation/Modeling project/Unreal scene/MyProject2/Content/Materials/Table1.uasset" SILENT=true
[2017.11.04-15.34.12:059][117]LogSavePackage: Save=11.19ms
[2017.11.04-15.34.12:059][117]LogSavePackage: Moving 'E:/Samuel/Goldsmiths/Intro to modeling and animation/Modeling project/Unreal scene/MyProject2/Saved/Table1EF5C1A8F46A83C8190E157BA1F0F2928.tmp' to 'E:/Samuel/Goldsmiths/Intro to modeling and animation/Modeling project/Unreal scene/MyProject2/Content/Materials/Table1.uasset'
[2017.11.04-15.34.12:063][117]LogSavePackage:Display: Finished SavePackage E:/Samuel/Goldsmiths/Intro to modeling and animation/Modeling project/Unreal scene/MyProject2/Content/Materials/Table1.uasset
[2017.11.04-15.34.48:339][155]LogFactory: FactoryCreateFile: Texture with ReimportTextureFactory (0 0 E:/Samuel/Goldsmiths/Intro to modeling and animation/Modeling project/Textures/Table/Table _Table_BaseColor.png)
[2017.11.04-15.34.48:396][155]LogTexture:Display: Building textures: Table__Table_BaseColor (AutoDXT, 1024X1024)
[2017.11.04-15.34.48:736][155]LogFactory: FactoryCreateFile: Texture with ReimportTextureFactory (0 0 E:/Samuel/Goldsmiths/Intro to modeling and animation/Modeling project/Textures/Table/Table _Table_Normal.png)
[2017.11.04-15.34.48:791][155]LogTexture:Display: Building textures: Table__Table_Normal (BC5, 1024X1024)
[2017.11.04-15.34.48:874][155]LogSlate: Took 0.000452 seconds to synchronously load lazily loaded font '../../../Engine/Content/Slate/Fonts/Roboto-Light.ttf' (159K)
[2017.11.04-15.34.48:886][155]LogFactory: FactoryCreateFile: Texture with ReimportTextureFactory (0 0 E:/Samuel/Goldsmiths/Intro to modeling and animation/Modeling project/Textures/Table/Table _Table_OcclusionRoughnessMetallic.png)
[2017.11.04-15.34.48:933][155]LogTexture:Display: Building textures: Table__Table_OcclusionRoughnessMetallic (AutoDXT, 1024X1024)
[2017.11.04-15.34.50:968][250]LogContentBrowser: Native class hierarchy updated for 'TextureEditor' in 0.0006 seconds. Added 1 classes and 2 folders.
[2017.11.04-15.34.52:498][333]LogTexture:Display: Building textures: Table__Table_OcclusionRoughnessMetallic (AutoDXT, 1024X1024)
[2017.11.04-15.35.10:419][363]LogSavePackage: Save=10.59ms
[2017.11.04-15.35.10:419][363]LogSavePackage: Moving 'E:/Samuel/Goldsmiths/Intro to modeling and animation/Modeling project/Unreal scene/MyProject2/Saved/Table10D89A96242351156778808AC95DA63FD.tmp' to 'E:/Samuel/Goldsmiths/Intro to modeling and animation/Modeling project/Unreal scene/MyProject2/Content/Materials/Table/Table1.uasset'
[2017.11.04-15.35.10:422][363]LogSavePackage:Display: Finished SavePackage E:/Samuel/Goldsmiths/Intro to modeling and animation/Modeling project/Unreal scene/MyProject2/Content/Materials/Table/Table1.uasset
[2017.11.04-15.35.17:782][787]LogMaterial: Missing cached shader map for material Table1, compiling. 
[2017.11.04-15.35.17:859][787]LogMaterial: Missing cached shader map for material Table1, compiling. 
[2017.11.04-15.35.17:874][787]LogMaterial: Missing cached shader map for material Table1, compiling. 
[2017.11.04-15.35.17:914][787]LogMaterial: Missing cached shader map for material FMatExpressionPreview MaterialExpressionVectorParameter_0, compiling. 
[2017.11.04-15.35.17:927][787]LogSlate: Took 0.000235 seconds to synchronously load lazily loaded font '../../../Engine/Content/Editor/Slate/Fonts/Roboto-BoldCondensed.ttf' (158K)
[2017.11.04-15.35.19:118][849]MaterialEditorStats: Info Base pass shader: 80 instructions
[2017.11.04-15.35.19:118][849]MaterialEditorStats: Info Vertex shader: 29 instructions
[2017.11.04-15.35.19:118][849]MaterialEditorStats: Info Texture samplers: 1/16
[2017.11.04-15.35.36:419][817]LogMaterial: Missing cached shader map for material Table1, compiling. 
[2017.11.04-15.35.36:429][817]LogMaterial: Missing cached shader map for material FMatExpressionPreview MaterialExpressionTextureSample_0, compiling. 
[2017.11.04-15.35.36:460][817]LogMaterial: Missing cached shader map for material FMatExpressionPreview MaterialExpressionVectorParameter_0, compiling. 
[2017.11.04-15.35.36:467][817]LogMaterial: Missing cached shader map for material FMatExpressionPreview MaterialExpressionTextureSample_0, compiling. 
[2017.11.04-15.35.36:483][817]LogMaterial: Missing cached shader map for material Table1, compiling. 
[2017.11.04-15.35.36:501][817]LogMaterial: Missing cached shader map for material FMatExpressionPreview MaterialExpressionTextureSample_1, compiling. 
[2017.11.04-15.35.36:532][817]LogMaterial: Missing cached shader map for material FMatExpressionPreview MaterialExpressionVectorParameter_0, compiling. 
[2017.11.04-15.35.36:537][817]LogMaterial: Missing cached shader map for material FMatExpressionPreview MaterialExpressionTextureSample_0, compiling. 
[2017.11.04-15.35.36:544][817]LogMaterial: Missing cached shader map for material FMatExpressionPreview MaterialExpressionTextureSample_1, compiling. 
[2017.11.04-15.35.36:559][817]LogMaterial: Missing cached shader map for material Table1, compiling. 
[2017.11.04-15.35.36:577][817]LogMaterial: Missing cached shader map for material FMatExpressionPreview MaterialExpressionTextureSample_2, compiling. 
[2017.11.04-15.35.36:612][817]LogMaterial: Missing cached shader map for material FMatExpressionPreview MaterialExpressionVectorParameter_0, compiling. 
[2017.11.04-15.35.36:617][817]LogMaterial: Missing cached shader map for material FMatExpressionPreview MaterialExpressionTextureSample_0, compiling. 
[2017.11.04-15.35.36:624][817]LogMaterial: Missing cached shader map for material FMatExpressionPreview MaterialExpressionTextureSample_1, compiling. 
[2017.11.04-15.35.36:629][817]LogMaterial: Missing cached shader map for material FMatExpressionPreview MaterialExpressionTextureSample_2, compiling. 
[2017.11.04-15.35.37:508][865]MaterialEditorStats: Info Base pass shader: 80 instructions
[2017.11.04-15.35.37:508][865]MaterialEditorStats: Info Vertex shader: 29 instructions
[2017.11.04-15.35.37:508][865]MaterialEditorStats: Info Texture samplers: 1/16
[2017.11.04-15.35.47:050][430]LogMaterial: Missing cached shader map for material Table1, compiling. 
[2017.11.04-15.35.47:074][430]LogMaterial: Missing cached shader map for material FMatExpressionPreview MaterialExpressionTextureSample_2, compiling. 
[2017.11.04-15.35.47:959][474]MaterialEditorStats: Info Base pass shader: 81 instructions
[2017.11.04-15.35.47:959][474]MaterialEditorStats: Info Vertex shader: 31 instructions
[2017.11.04-15.35.47:959][474]MaterialEditorStats: Info Texture samplers: 2/16
[2017.11.04-15.35.47:959][474]MaterialEditorStats: Info User interpolators: 2/4 Scalars (1/4 Vectors) (TexCoords: 2, Custom: 0)
[2017.11.04-15.35.50:275][611]LogMaterial: Missing cached shader map for material Table1, compiling. 
[2017.11.04-15.35.51:173][657]MaterialEditorStats: Info Base pass shader: 81 instructions
[2017.11.04-15.35.51:173][657]MaterialEditorStats: Info Vertex shader: 31 instructions
[2017.11.04-15.35.51:173][657]MaterialEditorStats: Info Texture samplers: 2/16
[2017.11.04-15.35.51:173][657]MaterialEditorStats: Info User interpolators: 2/4 Scalars (1/4 Vectors) (TexCoords: 2, Custom: 0)
[2017.11.04-15.35.56:539][977]LogMaterial: Missing cached shader map for material Table1, compiling. 
[2017.11.04-15.35.56:558][977]LogMaterial: Missing cached shader map for material FMatExpressionPreview MaterialExpressionTextureSample_0, compiling. 
[2017.11.04-15.35.57:476][ 26]MaterialEditorStats: Info Base pass shader: 81 instructions
[2017.11.04-15.35.57:476][ 26]MaterialEditorStats: Info Vertex shader: 31 instructions
[2017.11.04-15.35.57:476][ 26]MaterialEditorStats: Info Texture samplers: 3/16
[2017.11.04-15.35.57:476][ 26]MaterialEditorStats: Info User interpolators: 2/4 Scalars (1/4 Vectors) (TexCoords: 2, Custom: 0)
[2017.11.04-15.36.16:884][ 26]LogMaterial: Missing cached shader map for material Table1, compiling. 
[2017.11.04-15.36.16:902][ 26]LogMaterial: Missing cached shader map for material FMatExpressionPreview MaterialExpressionTextureSample_0, compiling. 
[2017.11.04-15.36.17:807][ 72]MaterialEditorStats: Info Base pass shader: 83 instructions
[2017.11.04-15.36.17:807][ 72]MaterialEditorStats: Info Vertex shader: 31 instructions
[2017.11.04-15.36.17:807][ 72]MaterialEditorStats: Info Texture samplers: 3/16
[2017.11.04-15.36.17:807][ 72]MaterialEditorStats: Info User interpolators: 2/4 Scalars (1/4 Vectors) (TexCoords: 2, Custom: 0)
[2017.11.04-15.36.19:614][179]LogMaterial: Missing cached shader map for material Table1, compiling. 
[2017.11.04-15.36.19:630][179]LogMaterial: Missing cached shader map for material FMatExpressionPreview MaterialExpressionTextureSample_0, compiling. 
[2017.11.04-15.36.20:564][228]MaterialEditorStats: Info Base pass shader: 88 instructions
[2017.11.04-15.36.20:564][228]MaterialEditorStats: Info Vertex shader: 31 instructions
[2017.11.04-15.36.20:564][228]MaterialEditorStats: Info Texture samplers: 3/16
[2017.11.04-15.36.20:564][228]MaterialEditorStats: Info User interpolators: 2/4 Scalars (1/4 Vectors) (TexCoords: 2, Custom: 0)
[2017.11.04-15.36.22:704][355]LogMaterial: Missing cached shader map for material Table1, compiling. 
[2017.11.04-15.36.22:719][355]LogMaterial: Missing cached shader map for material FMatExpressionPreview MaterialExpressionTextureSample_1, compiling. 
[2017.11.04-15.36.23:623][401]MaterialEditorStats: Info Base pass shader: 94 instructions
[2017.11.04-15.36.23:623][401]MaterialEditorStats: Info Vertex shader: 31 instructions
[2017.11.04-15.36.23:623][401]MaterialEditorStats: Info Texture samplers: 4/16
[2017.11.04-15.36.23:623][401]MaterialEditorStats: Info User interpolators: 2/4 Scalars (1/4 Vectors) (TexCoords: 2, Custom: 0)
[2017.11.04-15.36.25:444][510]LogMaterialEditor: Saving and Compiling material Table1
[2017.11.04-15.36.26:018][510]LogMaterial: Missing cached shader map for material Table1, compiling. 
[2017.11.04-15.36.26:068][510]LogMaterial: Missing cached shader map for material Table1, compiling. 
[2017.11.04-15.36.26:095][510]LogMaterial: Missing cached shader map for material Table1, compiling. 
[2017.11.04-15.36.26:142][510]LogMaterial: Missing cached shader map for material FDebugViewModeMaterialProxy Table1, compiling. 
[2017.11.04-15.36.26:846][510]TextureStreamingBuild:Display: Compiling optional shaders took 0.712 seconds.
[2017.11.04-15.36.28:284][510]LogSavePackage: Save=13.32ms
[2017.11.04-15.36.28:284][510]LogSavePackage: Moving 'E:/Samuel/Goldsmiths/Intro to modeling and animation/Modeling project/Unreal scene/MyProject2/Saved/Table1801E3F1F4AC4CD12E5BDE9B2F7BADF3D.tmp' to 'E:/Samuel/Goldsmiths/Intro to modeling and animation/Modeling project/Unreal scene/MyProject2/Content/Materials/Table/Table1.uasset'
[2017.11.04-15.36.28:288][510]LogSavePackage:Display: Finished SavePackage E:/Samuel/Goldsmiths/Intro to modeling and animation/Modeling project/Unreal scene/MyProject2/Content/Materials/Table/Table1.uasset
[2017.11.04-15.36.28:300][510]MaterialEditorStats: Info Base pass shader: 94 instructions
[2017.11.04-15.36.28:300][510]MaterialEditorStats: Info Vertex shader: 31 instructions
[2017.11.04-15.36.28:300][510]MaterialEditorStats: Info Texture samplers: 5/16
[2017.11.04-15.36.28:300][510]MaterialEditorStats: Info User interpolators: 2/4 Scalars (1/4 Vectors) (TexCoords: 2, Custom: 0)
[2017.11.04-15.36.41:696][302]LogTemp: Repeting last play command: Selected Viewport
[2017.11.04-15.36.41:707][302]BlueprintLog: New page: Pre-Play auto-recompile
[2017.11.04-15.36.41:707][302]LogPlayLevel: [PlayLevel] Compiling FbxScene_Table before play...
[2017.11.04-15.36.41:932][302]LogPlayLevel: PlayLevel: Blueprint regeneration took 225 ms (1 blueprints)
[2017.11.04-15.36.41:932][302]PIE: New page: PIE session: NewMap (Nov 4, 2017, 3:36:41 PM)
[2017.11.04-15.36.41:933][302]LogPlayLevel: Creating play world package: /Game/UEDPIE_0_NewMap
[2017.11.04-15.36.41:934][302]LogPlayLevel: PIE: StaticDuplicateObject took: (0.001484s)
[2017.11.04-15.36.41:935][302]LogAIModule: Creating AISystem for world NewMap
[2017.11.04-15.36.41:935][302]LogPlayLevel: PIE: World Init took: (0.001158s)
[2017.11.04-15.36.41:936][302]LogPlayLevel: PIE: Created PIE world by copying editor world from /Game/NewMap.NewMap to /Game/UEDPIE_0_NewMap.NewMap (0.002995s)
[2017.11.04-15.36.41:954][302]LogInit: XAudio2 using 'Speakers (Realtek High Definition Audio)' : 2 channels at 48 kHz using 32 bits per sample (channel mask 0x3)
[2017.11.04-15.36.41:965][302]LogInit: FAudioDevice initialized.
[2017.11.04-15.36.41:996][302]LogLoad: Game class is 'GameModeBase'
[2017.11.04-15.36.42:000][302]LogWorld: Bringing World /Game/UEDPIE_0_NewMap.NewMap up for play (max tick rate 60) at 2017.11.04-15.36.42
[2017.11.04-15.36.42:000][302]LogWorld: Bringing up level for play took: 0.001482
[2017.11.04-15.36.42:001][302]PIE: Info Play in editor start time for /Game/UEDPIE_0_NewMap 0.291
[2017.11.04-15.37.12:557][123]LogSavePackage: Save=21.65ms
[2017.11.04-15.37.12:557][123]LogSavePackage: Moving 'E:/Samuel/Goldsmiths/Intro to modeling and animation/Modeling project/Unreal scene/MyProject2/Saved/NewMapC93AC89A49D7AC60E9D2A38ECB209EAC.tmp' to 'E:/Samuel/Goldsmiths/Intro to modeling and animation/Modeling project/Unreal scene/MyProject2/Content/NewMap.umap'
[2017.11.04-15.37.12:561][123]LogSavePackage:Display: Finished SavePackage E:/Samuel/Goldsmiths/Intro to modeling and animation/Modeling project/Unreal scene/MyProject2/Content/NewMap.umap
[2017.11.04-15.37.12:579][123]Cmd: OBJ SAVEPACKAGE PACKAGE="/Game/NewMap_BuiltData" FILE="E:/Samuel/Goldsmiths/Intro to modeling and animation/Modeling project/Unreal scene/MyProject2/Content/NewMap_BuiltData.uasset" SILENT=true
[2017.11.04-15.37.12:591][123]LogSavePackage: Save=9.58ms
[2017.11.04-15.37.12:591][123]LogSavePackage: Moving 'E:/Samuel/Goldsmiths/Intro to modeling and animation/Modeling project/Unreal scene/MyProject2/Saved/NewMap_BuiltData059798D441608ECD24EC989AB2668379.tmp' to 'E:/Samuel/Goldsmiths/Intro to modeling and animation/Modeling project/Unreal scene/MyProject2/Content/NewMap_BuiltData.uasset'
[2017.11.04-15.37.12:594][123]LogSavePackage:Display: Finished SavePackage E:/Samuel/Goldsmiths/Intro to modeling and animation/Modeling project/Unreal scene/MyProject2/Content/NewMap_BuiltData.uasset
[2017.11.04-15.37.21:824][588]Cmd: TRANSACTION UNDO
[2017.11.04-15.37.21:824][588]LogEditorTransaction: Undo Create Actors
[2017.11.04-15.37.23:058][651]LogActorFactory: Actor Factory created Chair_-_UV
[2017.11.04-15.37.23:761][693]LogActorFactory: Actor Factory created Chair_-_UV
[2017.11.04-15.37.24:059][708]Cmd: TRANSACTION UNDO
[2017.11.04-15.37.24:059][708]LogEditorTransaction: Undo Create Actors
[2017.11.04-15.37.27:731][887]LogActorFactory: Actor Factory created Chair_-_UV
[2017.11.04-15.37.28:433][929]LogActorFactory: Actor Factory created Chair_-_UV
[2017.11.04-15.37.34:130][268]Cmd: DELETE
[2017.11.04-15.37.34:130][268]Cmd: ACTOR DELETE
[2017.11.04-15.37.34:138][268]LogEditorActor: Deleted Actor: StaticMeshActor
[2017.11.04-15.37.34:154][268]LogEditorActor: Deleted 1 Actors (0.016 secs)
[2017.11.04-15.37.44:106][820]LogEditorViewport: Clicking on Actor (LMB): StaticMeshActor (Chair_-_UV)
[2017.11.04-15.37.55:760][462]LogRenderer: Reallocating scene render targets to support 1432x924 NumSamples 1 (Frame:1).
[2017.11.04-15.38.17:752][637]LogEditorViewport: Clicking on Actor (LMB): StaticMeshActor (Chair_-_UV)
[2017.11.04-15.38.20:392][792]LogEditorViewport: Clicking on Actor (LMB): FbxScene_Table_C (FbxScene_Table)
[2017.11.04-15.38.36:587][754]LogEditorViewport: Clicking on Actor (LMB): StaticMeshActor (Chair_-_UV)
[2017.11.04-15.38.39:506][924]Cmd: TRANSACTION UNDO
[2017.11.04-15.38.39:506][924]LogEditorTransaction: Undo Move Actors
[2017.11.04-15.38.42:123][996]LogEditorViewport: Clicking on Actor (LMB): BP_Sky_Sphere_C (Sky Sphere)
[2017.11.04-15.38.42:400][  5]LogSavePackage: Save=22.99ms
[2017.11.04-15.38.42:400][  5]LogSavePackage: Moving 'E:/Samuel/Goldsmiths/Intro to modeling and animation/Modeling project/Unreal scene/MyProject2/Saved/NewMap4DF8C4DD47BAEBCA36CDCB9F129A7324.tmp' to 'E:/Samuel/Goldsmiths/Intro to modeling and animation/Modeling project/Unreal scene/MyProject2/Content/NewMap.umap'
[2017.11.04-15.38.42:404][  5]LogSavePackage:Display: Finished SavePackage E:/Samuel/Goldsmiths/Intro to modeling and animation/Modeling project/Unreal scene/MyProject2/Content/NewMap.umap
[2017.11.04-15.38.42:420][  5]Cmd: OBJ SAVEPACKAGE PACKAGE="/Game/NewMap_BuiltData" FILE="E:/Samuel/Goldsmiths/Intro to modeling and animation/Modeling project/Unreal scene/MyProject2/Content/NewMap_BuiltData.uasset" SILENT=true
[2017.11.04-15.38.42:432][  5]LogSavePackage: Save=9.48ms
[2017.11.04-15.38.42:432][  5]LogSavePackage: Moving 'E:/Samuel/Goldsmiths/Intro to modeling and animation/Modeling project/Unreal scene/MyProject2/Saved/NewMap_BuiltDataCEC10D0D430C206A1CE73C84CA21C627.tmp' to 'E:/Samuel/Goldsmiths/Intro to modeling and animation/Modeling project/Unreal scene/MyProject2/Content/NewMap_BuiltData.uasset'
[2017.11.04-15.38.42:434][  5]LogSavePackage:Display: Finished SavePackage E:/Samuel/Goldsmiths/Intro to modeling and animation/Modeling project/Unreal scene/MyProject2/Content/NewMap_BuiltData.uasset
[2017.11.04-15.38.45:434][ 70]Cmd: OBJ SAVEPACKAGE PACKAGE="/Game/Chair_-_UV" FILE="E:/Samuel/Goldsmiths/Intro to modeling and animation/Modeling project/Unreal scene/MyProject2/Content/Chair_-_UV.uasset" SILENT=true
[2017.11.04-15.38.45:450][ 70]LogSavePackage: Save=14.39ms
[2017.11.04-15.38.45:450][ 70]LogSavePackage: Moving 'E:/Samuel/Goldsmiths/Intro to modeling and animation/Modeling project/Unreal scene/MyProject2/Saved/Chair_-_UVF0ACEE1F45A9FC35DA426BA8EF751FA9.tmp' to 'E:/Samuel/Goldsmiths/Intro to modeling and animation/Modeling project/Unreal scene/MyProject2/Content/Chair_-_UV.uasset'
[2017.11.04-15.38.45:453][ 70]LogSavePackage:Display: Finished SavePackage E:/Samuel/Goldsmiths/Intro to modeling and animation/Modeling project/Unreal scene/MyProject2/Content/Chair_-_UV.uasset
[2017.11.04-15.38.45:478][ 70]Cmd: OBJ SAVEPACKAGE PACKAGE="/Game/Cube_003" FILE="E:/Samuel/Goldsmiths/Intro to modeling and animation/Modeling project/Unreal scene/MyProject2/Content/Cube_003.uasset" SILENT=true
[2017.11.04-15.38.45:491][ 70]LogSavePackage: Save=10.95ms
[2017.11.04-15.38.45:491][ 70]LogSavePackage: Moving 'E:/Samuel/Goldsmiths/Intro to modeling and animation/Modeling project/Unreal scene/MyProject2/Saved/Cube_0037B3817B64AC2234B9C365C9E8DC5549A.tmp' to 'E:/Samuel/Goldsmiths/Intro to modeling and animation/Modeling project/Unreal scene/MyProject2/Content/Cube_003.uasset'
[2017.11.04-15.38.45:494][ 70]LogSavePackage:Display: Finished SavePackage E:/Samuel/Goldsmiths/Intro to modeling and animation/Modeling project/Unreal scene/MyProject2/Content/Cube_003.uasset
[2017.11.04-15.38.45:518][ 70]Cmd: OBJ SAVEPACKAGE PACKAGE="/Game/FbxScene_Table" FILE="E:/Samuel/Goldsmiths/Intro to modeling and animation/Modeling project/Unreal scene/MyProject2/Content/FbxScene_Table.uasset" SILENT=true
[2017.11.04-15.38.45:542][ 70]LogSavePackage: Save=22.85ms
[2017.11.04-15.38.45:542][ 70]LogSavePackage: Moving 'E:/Samuel/Goldsmiths/Intro to modeling and animation/Modeling project/Unreal scene/MyProject2/Saved/FbxScene_TableA34E82424E7E3CCA9CFB11A67D1758A8.tmp' to 'E:/Samuel/Goldsmiths/Intro to modeling and animation/Modeling project/Unreal scene/MyProject2/Content/FbxScene_Table.uasset'
[2017.11.04-15.38.45:545][ 70]LogSavePackage:Display: Finished SavePackage E:/Samuel/Goldsmiths/Intro to modeling and animation/Modeling project/Unreal scene/MyProject2/Content/FbxScene_Table.uasset
[2017.11.04-15.38.45:548][ 70]Cmd: OBJ SAVEPACKAGE PACKAGE="/Game/Table" FILE="E:/Samuel/Goldsmiths/Intro to modeling and animation/Modeling project/Unreal scene/MyProject2/Content/Table.uasset" SILENT=true
[2017.11.04-15.38.45:552][ 70]LogSavePackage: Save=1.27ms
[2017.11.04-15.38.45:552][ 70]LogSavePackage: Moving 'E:/Samuel/Goldsmiths/Intro to modeling and animation/Modeling project/Unreal scene/MyProject2/Saved/Table6BBABA5F421C6712F86DFC9BB8640C3E.tmp' to 'E:/Samuel/Goldsmiths/Intro to modeling and animation/Modeling project/Unreal scene/MyProject2/Content/Table.uasset'
[2017.11.04-15.38.45:556][ 70]LogSavePackage:Display: Finished SavePackage E:/Samuel/Goldsmiths/Intro to modeling and animation/Modeling project/Unreal scene/MyProject2/Content/Table.uasset
[2017.11.04-15.38.45:716][ 70]LogSavePackage: Save=146.07ms
[2017.11.04-15.38.45:716][ 70]LogSavePackage: Moving 'E:/Samuel/Goldsmiths/Intro to modeling and animation/Modeling project/Unreal scene/MyProject2/Saved/Table__Table_BaseColor72BAEE15433C517EEAC396BF0168C705.tmp' to 'E:/Samuel/Goldsmiths/Intro to modeling and animation/Modeling project/Unreal scene/MyProject2/Content/Textures/Table/Table__Table_BaseColor.uasset'
[2017.11.04-15.38.45:719][ 70]LogSavePackage:Display: Finished SavePackage E:/Samuel/Goldsmiths/Intro to modeling and animation/Modeling project/Unreal scene/MyProject2/Content/Textures/Table/Table__Table_BaseColor.uasset
[2017.11.04-15.38.45:837][ 70]LogSavePackage: Save=103.02ms
[2017.11.04-15.38.45:837][ 70]LogSavePackage: Moving 'E:/Samuel/Goldsmiths/Intro to modeling and animation/Modeling project/Unreal scene/MyProject2/Saved/Table__Table_Normal708A57E64D65A595382C189E412D93E4.tmp' to 'E:/Samuel/Goldsmiths/Intro to modeling and animation/Modeling project/Unreal scene/MyProject2/Content/Textures/Table/Table__Table_Normal.uasset'
[2017.11.04-15.38.45:840][ 70]LogSavePackage:Display: Finished SavePackage E:/Samuel/Goldsmiths/Intro to modeling and animation/Modeling project/Unreal scene/MyProject2/Content/Textures/Table/Table__Table_Normal.uasset
[2017.11.04-15.38.45:970][ 70]LogSavePackage: Save=112.18ms
[2017.11.04-15.38.45:970][ 70]LogSavePackage: Moving 'E:/Samuel/Goldsmiths/Intro to modeling and animation/Modeling project/Unreal scene/MyProject2/Saved/Table__Table_OcclusionRoughnessMetallicCDFE4C2F40578C2F7C4EE99AAAD9F1D3.tmp' to 'E:/Samuel/Goldsmiths/Intro to modeling and animation/Modeling project/Unreal scene/MyProject2/Content/Textures/Table/Table__Table_OcclusionRoughnessMetallic.uasset'
[2017.11.04-15.38.45:974][ 70]LogSavePackage:Display: Finished SavePackage E:/Samuel/Goldsmiths/Intro to modeling and animation/Modeling project/Unreal scene/MyProject2/Content/Textures/Table/Table__Table_OcclusionRoughnessMetallic.uasset
[2017.11.04-15.38.46:021][ 70]LogWindowsTextInputMethodSystem:Display: IME system now deactivated.
[2017.11.04-15.38.46:196][ 71]Cmd: QUIT_EDITOR
[2017.11.04-15.38.46:661][ 71]LogExit: Preparing to exit.
[2017.11.04-15.38.47:073][ 71]LogExit: Editor shut down
[2017.11.04-15.38.47:076][ 71]LogExit: Transaction tracking system shut down
[2017.11.04-15.38.47:172][ 71]LogObj: Freed 0b from 0 cluster array pools.
[2017.11.04-15.38.47:172][ 71]LogExit: Object subsystem successfully closed.
[2017.11.04-15.38.47:197][ 71]LogD3D11RHI: Shutdown
[2017.11.04-15.38.47:197][ 71]LogD3D11RHI: CleanupD3DDevice
[2017.11.04-15.38.47:303][ 71]LogD3D11RHI: ~FD3D11DynamicRHI
[2017.11.04-15.38.47:319][ 71]LogModuleManager: Shutting down and abandoning module StaticMeshEditor (538)
[2017.11.04-15.38.47:319][ 71]LogModuleManager: Shutting down and abandoning module MaterialEditor (536)
[2017.11.04-15.38.47:319][ 71]LogModuleManager: Shutting down and abandoning module TextureEditor (534)
[2017.11.04-15.38.47:319][ 71]LogModuleManager: Shutting down and abandoning module BlueprintGraph (532)
[2017.11.04-15.38.47:319][ 71]LogModuleManager: Shutting down and abandoning module BlueprintProfiler (530)
[2017.11.04-15.38.47:319][ 71]LogModuleManager: Shutting down and abandoning module MovieSceneCapture (528)
[2017.11.04-15.38.47:319][ 71]LogModuleManager: Shutting down and abandoning module HierarchicalLODUtilities (526)
[2017.11.04-15.38.47:319][ 71]LogModuleManager: Shutting down and abandoning module HierarchicalLODOutliner (524)
[2017.11.04-15.38.47:319][ 71]LogModuleManager: Shutting down and abandoning module CrashTracker (522)
[2017.11.04-15.38.47:319][ 71]LogModuleManager: Shutting down and abandoning module SceneOutliner (520)
[2017.11.04-15.38.47:319][ 71]LogModuleManager: Shutting down and abandoning module AddContentDialog (518)
[2017.11.04-15.38.47:319][ 71]LogDirectoryWatcher: A directory notification for 'C:/Program Files (x86)/Epic Games/UE_4.16/FeaturePacks/' was aborted.
[2017.11.04-15.38.47:320][ 71]LogModuleManager: Shutting down and abandoning module WidgetCarousel (517)
[2017.11.04-15.38.47:320][ 71]LogModuleManager: Shutting down and abandoning module EditorWidgets (514)
[2017.11.04-15.38.47:320][ 71]LogModuleManager: Shutting down and abandoning module CollectionManager (512)
[2017.11.04-15.38.47:320][ 71]LogDirectoryWatcher: A directory notification for 'E:/Samuel/Goldsmiths/Intro to modeling and animation/Modeling project/Unreal scene/MyProject2/Content/Collections/' was aborted.
[2017.11.04-15.38.47:320][ 71]LogDirectoryWatcher: A directory notification for 'E:/Samuel/Goldsmiths/Intro to modeling and animation/Modeling project/Unreal scene/MyProject2/Content/Developers/samue/Collections/' was aborted.
[2017.11.04-15.38.47:320][ 71]LogDirectoryWatcher: A directory notification for 'E:/Samuel/Goldsmiths/Intro to modeling and animation/Modeling project/Unreal scene/MyProject2/Saved/Collections/' was aborted.
[2017.11.04-15.38.47:320][ 71]LogModuleManager: Shutting down and abandoning module StatsViewer (510)
[2017.11.04-15.38.47:320][ 71]LogModuleManager: Shutting down and abandoning module FoliageEdit (508)
[2017.11.04-15.38.47:320][ 71]LogModuleManager: Shutting down and abandoning module LandscapeEditor (506)
[2017.11.04-15.38.47:320][ 71]LogModuleManager: Shutting down and abandoning module MeshPaintMode (504)
[2017.11.04-15.38.47:320][ 71]LogModuleManager: Shutting down and abandoning module SceneDepthPickerMode (502)
[2017.11.04-15.38.47:320][ 71]LogModuleManager: Shutting down and abandoning module ActorPickerMode (500)
[2017.11.04-15.38.47:321][ 71]LogModuleManager: Shutting down and abandoning module GeometryMode (498)
[2017.11.04-15.38.47:321][ 71]LogModuleManager: Shutting down and abandoning module TextureAlignMode (496)
[2017.11.04-15.38.47:321][ 71]LogModuleManager: Shutting down and abandoning module BspMode (494)
[2017.11.04-15.38.47:321][ 71]LogModuleManager: Shutting down and abandoning module HardwareSurvey (492)
[2017.11.04-15.38.47:321][ 71]LogModuleManager: Shutting down and abandoning module SequenceRecorderSections (490)
[2017.11.04-15.38.47:321][ 71]LogModuleManager: Shutting down and abandoning module AutomationWorker (488)
[2017.11.04-15.38.47:321][ 71]LogModuleManager: Shutting down and abandoning module MatineeToLevelSequence (486)
[2017.11.04-15.38.47:321][ 71]LogModuleManager: Shutting down and abandoning module LevelSequenceEditor (484)
[2017.11.04-15.38.47:321][ 71]LogModuleManager: Shutting down and abandoning module PlacementMode (483)
[2017.11.04-15.38.47:321][ 71]LogModuleManager: Shutting down and abandoning module WmfMediaFactory (480)
[2017.11.04-15.38.47:321][ 71]LogModuleManager: Shutting down and abandoning module WmfMediaEditor (478)
[2017.11.04-15.38.47:321][ 71]LogModuleManager: Shutting down and abandoning module AvfMediaFactory (476)
[2017.11.04-15.38.47:321][ 71]LogModuleManager: Shutting down and abandoning module AvfMediaEditor (474)
[2017.11.04-15.38.47:321][ 71]LogModuleManager: Shutting down and abandoning module AndroidMediaFactory (472)
[2017.11.04-15.38.47:321][ 71]LogModuleManager: Shutting down and abandoning module Media (471)
[2017.11.04-15.38.47:321][ 71]LogModuleManager: Shutting down and abandoning module AndroidMediaEditor (468)
[2017.11.04-15.38.47:321][ 71]LogModuleManager: Shutting down and abandoning module CharacterAI (466)
[2017.11.04-15.38.47:321][ 71]LogModuleManager: Shutting down and abandoning module AudioCapture (464)
[2017.11.04-15.38.47:321][ 71]LogModuleManager: Shutting down and abandoning module SequenceRecorder (463)
[2017.11.04-15.38.47:321][ 71]LogModuleManager: Shutting down and abandoning module SmartSnapping (460)
[2017.11.04-15.38.47:321][ 71]LogModuleManager: Shutting down and abandoning module SessionServices (458)
[2017.11.04-15.38.47:321][ 71]LogModuleManager: Shutting down and abandoning module ViewportSnapping (456)
[2017.11.04-15.38.47:321][ 71]LogModuleManager: Shutting down and abandoning module ViewportInteraction (454)
[2017.11.04-15.38.47:321][ 71]LogModuleManager: Shutting down and abandoning module ClothPainter (452)
[2017.11.04-15.38.47:321][ 71]LogModuleManager: Shutting down and abandoning module LogVisualizer (450)
[2017.11.04-15.38.47:321][ 71]LogModuleManager: Shutting down and abandoning module IntroTutorials (448)
[2017.11.04-15.38.47:321][ 71]LogModuleManager: Shutting down and abandoning module GameProjectGeneration (447)
[2017.11.04-15.38.47:321][ 71]LogModuleManager: Shutting down and abandoning module EditorLiveStreaming (444)
[2017.11.04-15.38.47:321][ 71]LogModuleManager: Shutting down and abandoning module IOSPlatformEditor (442)
[2017.11.04-15.38.47:321][ 71]LogModuleManager: Shutting down and abandoning module HTML5PlatformEditor (440)
[2017.11.04-15.38.47:321][ 71]LogModuleManager: Shutting down and abandoning module AndroidPlatformEditor (438)
[2017.11.04-15.38.47:321][ 71]LogModuleManager: Shutting down and abandoning module AndroidDeviceDetection (437)
[2017.11.04-15.38.48:114][ 71]LogModuleManager: Shutting down and abandoning module IOSRuntimeSettings (434)
[2017.11.04-15.38.48:114][ 71]LogModuleManager: Shutting down and abandoning module AndroidRuntimeSettings (432)
[2017.11.04-15.38.48:114][ 71]LogModuleManager: Shutting down and abandoning module InputBindingEditor (430)
[2017.11.04-15.38.48:114][ 71]LogModuleManager: Shutting down and abandoning module MergeActors (428)
[2017.11.04-15.38.48:114][ 71]LogModuleManager: Shutting down and abandoning module SizeMap (426)
[2017.11.04-15.38.48:114][ 71]LogModuleManager: Shutting down and abandoning module TreeMap (424)
[2017.11.04-15.38.48:114][ 71]LogModuleManager: Shutting down and abandoning module ReferenceViewer (422)
[2017.11.04-15.38.48:114][ 71]LogModuleManager: Shutting down and abandoning module LocalizationDashboard (420)
[2017.11.04-15.38.48:114][ 71]LogModuleManager: Shutting down and abandoning module LocalizationService (419)
[2017.11.04-15.38.48:114][ 71]LogModuleManager: Shutting down and abandoning module HardwareTargeting (416)
[2017.11.04-15.38.48:114][ 71]LogModuleManager: Shutting down and abandoning module DeviceProfileEditor (414)
[2017.11.04-15.38.48:114][ 71]LogModuleManager: Shutting down and abandoning module UndoHistory (412)
[2017.11.04-15.38.48:114][ 71]LogModuleManager: Shutting down and abandoning module UserFeedback (410)
[2017.11.04-15.38.48:114][ 71]LogModuleManager: Shutting down and abandoning module XmlParser (408)
[2017.11.04-15.38.48:114][ 71]LogModuleManager: Shutting down and abandoning module Blutility (406)
[2017.11.04-15.38.48:114][ 71]LogModuleManager: Shutting down and abandoning module ProjectSettingsViewer (404)
[2017.11.04-15.38.48:114][ 71]LogModuleManager: Shutting down and abandoning module ProjectTargetPlatformEditor (403)
[2017.11.04-15.38.48:115][ 71]LogModuleManager: Shutting down and abandoning module EditorSettingsViewer (400)
[2017.11.04-15.38.48:115][ 71]LogModuleManager: Shutting down and abandoning module SettingsEditor (398)
[2017.11.04-15.38.48:115][ 71]LogModuleManager: Shutting down and abandoning module ProjectLauncher (396)
[2017.11.04-15.38.48:115][ 71]LogModuleManager: Shutting down and abandoning module SessionFrontend (394)
[2017.11.04-15.38.48:115][ 71]LogModuleManager: Shutting down and abandoning module ProfilerClient (392)
[2017.11.04-15.38.48:115][ 71]LogModuleManager: Shutting down and abandoning module DeviceManager (390)
[2017.11.04-15.38.48:115][ 71]LogModuleManager: Shutting down and abandoning module TargetDeviceServices (389)
[2017.11.04-15.38.48:177][ 71]LogModuleManager: Shutting down and abandoning module AutomationController (386)
[2017.11.04-15.38.48:177][ 71]LogModuleManager: Shutting down and abandoning module AutomationWindow (384)
[2017.11.04-15.38.48:177][ 71]LogModuleManager: Shutting down and abandoning module Layers (382)
[2017.11.04-15.38.48:177][ 71]LogModuleManager: Shutting down and abandoning module ComponentVisualizers (380)
[2017.11.04-15.38.48:177][ 71]LogModuleManager: Shutting down and abandoning module DetailCustomizations (378)
[2017.11.04-15.38.48:177][ 71]LogModuleManager: Shutting down and abandoning module PackagesDialog (376)
[2017.11.04-15.38.48:177][ 71]LogModuleManager: Shutting down and abandoning module Persona (374)
[2017.11.04-15.38.48:177][ 71]LogModuleManager: Shutting down and abandoning module AdvancedPreviewScene (373)
[2017.11.04-15.38.48:177][ 71]LogModuleManager: Shutting down and abandoning module AnimGraph (371)
[2017.11.04-15.38.48:177][ 71]LogModuleManager: Shutting down and abandoning module Kismet (368)
[2017.11.04-15.38.48:183][ 71]LogModuleManager: Shutting down and abandoning module ClassViewer (366)
[2017.11.04-15.38.48:183][ 71]LogModuleManager: Shutting down and abandoning module Toolbox (364)
[2017.11.04-15.38.48:183][ 71]LogModuleManager: Shutting down and abandoning module ModuleUI (362)
[2017.11.04-15.38.48:183][ 71]LogModuleManager: Shutting down and abandoning module MovieSceneTools (360)
[2017.11.04-15.38.48:183][ 71]LogModuleManager: Shutting down and abandoning module OutputLog (358)
[2017.11.04-15.38.48:183][ 71]LogModuleManager: Shutting down and abandoning module GammaUI (356)
[2017.11.04-15.38.48:183][ 71]LogModuleManager: Shutting down and abandoning module Documentation (354)
[2017.11.04-15.38.48:183][ 71]LogModuleManager: Shutting down and abandoning module MovieSceneTracks (352)
[2017.11.04-15.38.48:183][ 71]LogModuleManager: Shutting down and abandoning module MovieScene (350)
[2017.11.04-15.38.48:183][ 71]LogModuleManager: Shutting down and abandoning module Niagara (348)
[2017.11.04-15.38.48:183][ 71]LogModuleManager: Shutting down and abandoning module NiagaraEditor (347)
[2017.11.04-15.38.48:183][ 71]LogModuleManager: Shutting down and abandoning module StreamingPauseRendering (344)
[2017.11.04-15.38.48:183][ 71]LogModuleManager: Shutting down and abandoning module AnalyticsET (342)
[2017.11.04-15.38.48:183][ 71]LogModuleManager: Shutting down and abandoning module PortalServices (340)
[2017.11.04-15.38.48:183][ 71]LogModuleManager: Shutting down and abandoning module PortalRpc (338)
[2017.11.04-15.38.48:183][ 71]LogModuleManager: Shutting down and abandoning module MessagingRpc (336)
[2017.11.04-15.38.48:183][ 71]LogModuleManager: Shutting down and abandoning module AIModule (334)
[2017.11.04-15.38.48:183][ 71]LogModuleManager: Shutting down and abandoning module GameplayDebugger (333)
[2017.11.04-15.38.48:183][ 71]LogModuleManager: Shutting down and abandoning module AITestSuite (331)
[2017.11.04-15.38.48:183][ 71]LogModuleManager: Shutting down and abandoning module ProfilerService (328)
[2017.11.04-15.38.48:404][ 71]LogModuleManager: Shutting down and abandoning module TaskGraph (326)
[2017.11.04-15.38.48:404][ 71]LogModuleManager: Shutting down and abandoning module SteamVRController (324)
[2017.11.04-15.38.48:404][ 71]LogModuleManager: Shutting down and abandoning module SteamVR (322)
[2017.11.04-15.38.48:404][ 71]LogModuleManager: Shutting down and abandoning module ProceduralMeshComponentEditor (320)
[2017.11.04-15.38.48:404][ 71]LogModuleManager: Shutting down and abandoning module ProceduralMeshComponent (318)
[2017.11.04-15.38.48:405][ 71]LogModuleManager: Shutting down and abandoning module OculusLibrary (316)
[2017.11.04-15.38.48:405][ 71]LogModuleManager: Shutting down and abandoning module OculusInput (314)
[2017.11.04-15.38.48:405][ 71]LogModuleManager: Shutting down and abandoning module MobilePatchingUtils (312)
[2017.11.04-15.38.48:405][ 71]LogModuleManager: Shutting down and abandoning module CustomMeshComponent (310)
[2017.11.04-15.38.48:405][ 71]LogModuleManager: Shutting down and abandoning module CableComponent (308)
[2017.11.04-15.38.48:405][ 71]LogModuleManager: Shutting down and abandoning module ArchVisCharacter (306)
[2017.11.04-15.38.48:405][ 71]LogModuleManager: Shutting down and abandoning module AndroidPermission (304)
[2017.11.04-15.38.48:405][ 71]LogModuleManager: Shutting down and abandoning module MediaPlayerEditor (300)
[2017.11.04-15.38.48:405][ 71]LogModuleManager: Shutting down and abandoning module HTML5Networking (298)
[2017.11.04-15.38.48:405][ 71]LogModuleManager: Shutting down and abandoning module AlembicImporter (296)
[2017.11.04-15.38.48:405][ 71]LogModuleManager: Shutting down and abandoning module AlembicLibrary (295)
[2017.11.04-15.38.48:405][ 71]LogModuleManager: Shutting down and abandoning module GeometryCache (294)
[2017.11.04-15.38.48:405][ 71]LogModuleManager: Shutting down and abandoning module GeometryCacheEd (293)
[2017.11.04-15.38.48:405][ 71]LogModuleManager: Shutting down and abandoning module SuperSearchEditor (288)
[2017.11.04-15.38.48:405][ 71]LogModuleManager: Shutting down and abandoning module SuperSearch (287)
[2017.11.04-15.38.48:405][ 71]LogModuleManager: Shutting down and abandoning module SpeedTreeImporter (284)
[2017.11.04-15.38.48:405][ 71]LogModuleManager: Shutting down and abandoning module PluginBrowser (282)
[2017.11.04-15.38.48:405][ 71]LogModuleManager: Shutting down and abandoning module MobileLauncherProfileWizard (280)
[2017.11.04-15.38.48:405][ 71]LogModuleManager: Shutting down and abandoning module VisualStudioSourceCodeAccess (278)
[2017.11.04-15.38.48:405][ 71]LogModuleManager: Shutting down and abandoning module DesktopPlatform (277)
[2017.11.04-15.38.48:405][ 71]LogModuleManager: Shutting down and abandoning module UObjectPlugin (274)
[2017.11.04-15.38.48:405][ 71]LogModuleManager: Shutting down and abandoning module SubversionSourceControl (272)
[2017.11.04-15.38.48:405][ 71]LogModuleManager: Shutting down and abandoning module PerforceSourceControl (270)
[2017.11.04-15.38.48:405][ 71]LogModuleManager: Shutting down and abandoning module GitSourceControl (268)
[2017.11.04-15.38.48:405][ 71]LogModuleManager: Shutting down and abandoning module SourceControl (267)
[2017.11.04-15.38.48:405][ 71]LogModuleManager: Shutting down and abandoning module LightPropagationVolumeEditor (264)
[2017.11.04-15.38.48:405][ 71]LogModuleManager: Shutting down and abandoning module PaperTiledImporter (262)
[2017.11.04-15.38.48:405][ 71]LogModuleManager: Shutting down and abandoning module PaperSpriteSheetImporter (260)
[2017.11.04-15.38.48:405][ 71]LogModuleManager: Shutting down and abandoning module Paper2DEditor (258)
[2017.11.04-15.38.48:405][ 71]LogModuleManager: Shutting down and abandoning module MeshPaint (257)
[2017.11.04-15.38.48:405][ 71]LogModuleManager: Shutting down and abandoning module LevelEditor (255)
[2017.11.04-15.38.48:406][ 71]LogModuleManager: Shutting down and abandoning module PixelInspectorModule (254)
[2017.11.04-15.38.48:406][ 71]LogModuleManager: Shutting down and abandoning module MainFrame (252)
[2017.11.04-15.38.48:406][ 71]LogModuleManager: Shutting down and abandoning module HotReload (251)
[2017.11.04-15.38.48:407][ 71]LogModuleManager: Shutting down and abandoning module PhysXVehiclesEditor (246)
[2017.11.04-15.38.48:407][ 71]LogModuleManager: Shutting down and abandoning module PhysXVehicles (244)
[2017.11.04-15.38.48:407][ 71]LogModuleManager: Shutting down and abandoning module LocationServicesBPLibrary (242)
[2017.11.04-15.38.48:407][ 71]LogModuleManager: Shutting down and abandoning module ImmediatePhysicsEditor (240)
[2017.11.04-15.38.48:407][ 71]LogModuleManager: Shutting down and abandoning module ImmediatePhysics (238)
[2017.11.04-15.38.48:407][ 71]LogModuleManager: Shutting down and abandoning module UdpMessaging (236)
[2017.11.04-15.38.48:508][ 71]LogModuleManager: Shutting down and abandoning module TcpMessaging (234)
[2017.11.04-15.38.48:609][ 71]LogModuleManager: Shutting down and abandoning module GameplayTagsEditor (232)
[2017.11.04-15.38.48:609][ 71]LogModuleManager: Shutting down and abandoning module FacialAnimationEditor (230)
[2017.11.04-15.38.48:609][ 71]LogModuleManager: Shutting down and abandoning module FacialAnimation (228)
[2017.11.04-15.38.48:609][ 71]LogModuleManager: Shutting down and abandoning module AssetManagerEditor (226)
[2017.11.04-15.38.48:609][ 71]LogModuleManager: Shutting down and abandoning module GraphEditor (225)
[2017.11.04-15.38.48:609][ 71]LogModuleManager: Shutting down and abandoning module ContentBrowser (223)
[2017.11.04-15.38.48:610][ 71]LogModuleManager: Shutting down and abandoning module LightPropagationVolumeRuntime (220)
[2017.11.04-15.38.48:610][ 71]LogModuleManager: Shutting down and abandoning module Paper2D (218)
[2017.11.04-15.38.48:610][ 71]LogModuleManager: Shutting down and abandoning module WindowsMoviePlayer (216)
[2017.11.04-15.38.48:610][ 71]LogModuleManager: Shutting down and abandoning module WmfMedia (214)
[2017.11.04-15.38.48:610][ 71]LogModuleManager: Shutting down and abandoning module ClothingSystemEditor (212)
[2017.11.04-15.38.48:610][ 71]LogModuleManager: Shutting down and abandoning module ClothingSystemRuntime (210)
[2017.11.04-15.38.48:610][ 71]LogModuleManager: Shutting down and abandoning module MediaAssets (208)
[2017.11.04-15.38.48:610][ 71]LogModuleManager: Shutting down and abandoning module GameLiveStreaming (206)
[2017.11.04-15.38.48:610][ 71]LogModuleManager: Shutting down and abandoning module VREditor (204)
[2017.11.04-15.38.48:610][ 71]LogModuleManager: Shutting down and abandoning module StringTableEditor (202)
[2017.11.04-15.38.48:610][ 71]LogModuleManager: Shutting down and abandoning module GameplayTasksEditor (200)
[2017.11.04-15.38.48:610][ 71]LogModuleManager: Shutting down and abandoning module BehaviorTreeEditor (198)
[2017.11.04-15.38.48:610][ 71]LogModuleManager: Shutting down and abandoning module FunctionalTesting (196)
[2017.11.04-15.38.48:610][ 71]LogModuleManager: Shutting down and abandoning module CollisionAnalyzer (194)
[2017.11.04-15.38.48:611][ 71]LogModuleManager: Shutting down and abandoning module UMG (192)
[2017.11.04-15.38.48:611][ 71]LogModuleManager: Shutting down and abandoning module UMGEditor (191)
[2017.11.04-15.38.48:611][ 71]LogModuleManager: Shutting down and abandoning module Sequencer (190)
[2017.11.04-15.38.48:611][ 71]LogModuleManager: Shutting down and abandoning module AssetTools (188)
[2017.11.04-15.38.48:611][ 71]LogModuleManager: Shutting down and abandoning module MessageLog (187)
[2017.11.04-15.38.48:611][ 71]LogModuleManager: Shutting down and abandoning module WorkspaceMenuStructure (186)
[2017.11.04-15.38.48:611][ 71]LogModuleManager: Shutting down and abandoning module SlateReflector (180)
[2017.11.04-15.38.48:611][ 71]LogModuleManager: Shutting down and abandoning module Slate (178)
[2017.11.04-15.38.48:611][ 71]LogModuleManager: Shutting down and abandoning module EditorStyle (176)
[2017.11.04-15.38.48:613][ 71]LogModuleManager: Shutting down and abandoning module SourceCodeAccess (174)
[2017.11.04-15.38.48:613][ 71]LogModuleManager: Shutting down and abandoning module HeadMountedDisplay (172)
[2017.11.04-15.38.48:613][ 71]LogModuleManager: Shutting down and abandoning module XAudio2 (170)
[2017.11.04-15.38.48:614][ 71]LogModuleManager: Shutting down and abandoning module Networking (168)
[2017.11.04-15.38.48:614][ 71]LogModuleManager: Shutting down and abandoning module Core (164)
[2017.11.04-15.38.48:614][ 71]LogModuleManager: Shutting down and abandoning module AssetRegistry (162)
[2017.11.04-15.38.48:681][ 71]LogDirectoryWatcher: A directory notification for '../../../Engine/Content/' was aborted.
[2017.11.04-15.38.48:681][ 71]LogDirectoryWatcher: A directory notification for 'E:/Samuel/Goldsmiths/Intro to modeling and animation/Modeling project/Unreal scene/MyProject2/Content/' was aborted.
[2017.11.04-15.38.48:681][ 71]LogDirectoryWatcher: A directory notification for '../../../Engine/Plugins/2D/Paper2D/Content/' was aborted.
[2017.11.04-15.38.48:681][ 71]LogDirectoryWatcher: A directory notification for '../../../Engine/Plugins/Runtime/GearVR/Content/' was aborted.
[2017.11.04-15.38.48:683][ 71]LogModuleManager: Shutting down and abandoning module DirectoryWatcher (161)
[2017.11.04-15.38.48:683][ 71]LogModuleManager: Shutting down and abandoning module KismetCompiler (158)
[2017.11.04-15.38.48:683][ 71]LogModuleManager: Shutting down and abandoning module LevelSequence (156)
[2017.11.04-15.38.48:683][ 71]LogModuleManager: Shutting down and abandoning module PhysXFormats (154)
[2017.11.04-15.38.48:684][ 71]LogModuleManager: Shutting down and abandoning module MeshUtilities (152)
[2017.11.04-15.38.48:684][ 71]LogModuleManager: Shutting down and abandoning module SimplygonSwarm (151)
[2017.11.04-15.38.48:684][ 71]LogModuleManager: Shutting down and abandoning module SimplygonMeshReduction (149)
[2017.11.04-15.38.48:684][ 71]LogModuleManager: Shutting down and abandoning module QuadricMeshReduction (147)
[2017.11.04-15.38.48:684][ 71]LogModuleManager: Shutting down and abandoning module DerivedDataCache (144)
[2017.11.04-15.38.48:710][ 71]LogDerivedDataCache: Shutdown
[2017.11.04-15.38.48:710][ 71]LogModuleManager: Shutting down and abandoning module TargetPlatform (142)
[2017.11.04-15.38.48:710][ 71]LogModuleManager: Shutting down and abandoning module VulkanShaderFormat (141)
[2017.11.04-15.38.48:710][ 71]LogModuleManager: Shutting down and abandoning module ShaderFormatVectorVM (139)
[2017.11.04-15.38.48:710][ 71]LogModuleManager: Shutting down and abandoning module ShaderFormatOpenGL (137)
[2017.11.04-15.38.48:710][ 71]LogModuleManager: Shutting down and abandoning module ShaderFormatD3D (135)
[2017.11.04-15.38.48:710][ 71]LogModuleManager: Shutting down and abandoning module MetalShaderFormat (133)
[2017.11.04-15.38.48:710][ 71]LogModuleManager: Shutting down and abandoning module TextureFormatUncompressed (131)
[2017.11.04-15.38.48:710][ 71]LogModuleManager: Shutting down and abandoning module TextureFormatPVR (129)
[2017.11.04-15.38.48:710][ 71]LogModuleManager: Shutting down and abandoning module TextureFormatDXT (127)
[2017.11.04-15.38.48:710][ 71]LogModuleManager: Shutting down and abandoning module TextureFormatIntelISPCTexComp (125)
[2017.11.04-15.38.48:710][ 71]LogModuleManager: Shutting down and abandoning module TextureFormatASTC (123)
[2017.11.04-15.38.48:710][ 71]LogModuleManager: Shutting down and abandoning module ImageWrapper (122)
[2017.11.04-15.38.48:710][ 71]LogModuleManager: Shutting down and abandoning module TextureFormatAndroid (119)
[2017.11.04-15.38.48:710][ 71]LogModuleManager: Shutting down and abandoning module AudioFormatOpus (117)
[2017.11.04-15.38.48:710][ 71]LogModuleManager: Shutting down and abandoning module AudioFormatOgg (115)
[2017.11.04-15.38.48:710][ 71]LogModuleManager: Shutting down and abandoning module AudioFormatADPCM (113)
[2017.11.04-15.38.48:710][ 71]LogModuleManager: Shutting down and abandoning module LinuxTargetPlatform (111)
[2017.11.04-15.38.48:710][ 71]LogModuleManager: Shutting down and abandoning module LinuxServerTargetPlatform (109)
[2017.11.04-15.38.48:710][ 71]LogModuleManager: Shutting down and abandoning module LinuxNoEditorTargetPlatform (107)
[2017.11.04-15.38.48:710][ 71]LogModuleManager: Shutting down and abandoning module LinuxClientTargetPlatform (105)
[2017.11.04-15.38.48:710][ 71]LogModuleManager: Shutting down and abandoning module TVOSTargetPlatform (103)
[2017.11.04-15.38.48:710][ 71]LogModuleManager: Shutting down and abandoning module Messaging (101)
[2017.11.04-15.38.48:710][ 71]LogModuleManager: Shutting down and abandoning module IOSTargetPlatform (99)
[2017.11.04-15.38.48:710][ 71]LogModuleManager: Shutting down and abandoning module HTML5TargetPlatform (97)
[2017.11.04-15.38.48:710][ 71]LogModuleManager: Shutting down and abandoning module Android_PVRTCTargetPlatform (95)
[2017.11.04-15.38.48:710][ 71]LogModuleManager: Shutting down and abandoning module Android_MultiTargetPlatform (93)
[2017.11.04-15.38.48:711][ 71]LogModuleManager: Shutting down and abandoning module Android_ETC2TargetPlatform (91)
[2017.11.04-15.38.48:711][ 71]LogModuleManager: Shutting down and abandoning module Android_ETC1TargetPlatform (89)
[2017.11.04-15.38.48:711][ 71]LogModuleManager: Shutting down and abandoning module Android_DXTTargetPlatform (87)
[2017.11.04-15.38.48:711][ 71]LogModuleManager: Shutting down and abandoning module Android_ATCTargetPlatform (85)
[2017.11.04-15.38.48:711][ 71]LogModuleManager: Shutting down and abandoning module Android_ASTCTargetPlatform (83)
[2017.11.04-15.38.48:711][ 71]LogModuleManager: Shutting down and abandoning module AndroidTargetPlatform (81)
[2017.11.04-15.38.48:711][ 71]LogModuleManager: Shutting down and abandoning module WindowsTargetPlatform (79)
[2017.11.04-15.38.48:711][ 71]LogModuleManager: Shutting down and abandoning module WindowsServerTargetPlatform (77)
[2017.11.04-15.38.48:711][ 71]LogModuleManager: Shutting down and abandoning module WindowsNoEditorTargetPlatform (75)
[2017.11.04-15.38.48:711][ 71]LogModuleManager: Shutting down and abandoning module WindowsClientTargetPlatform (73)
[2017.11.04-15.38.48:711][ 71]LogModuleManager: Shutting down and abandoning module MacTargetPlatform (71)
[2017.11.04-15.38.48:711][ 71]LogModuleManager: Shutting down and abandoning module MacServerTargetPlatform (69)
[2017.11.04-15.38.48:711][ 71]LogModuleManager: Shutting down and abandoning module MacNoEditorTargetPlatform (67)
[2017.11.04-15.38.48:711][ 71]LogModuleManager: Shutting down and abandoning module MacClientTargetPlatform (65)
[2017.11.04-15.38.48:711][ 71]LogModuleManager: Shutting down and abandoning module AllDesktopTargetPlatform (63)
[2017.11.04-15.38.48:711][ 71]LogModuleManager: Shutting down and abandoning module InputCore (60)
[2017.11.04-15.38.48:711][ 71]LogModuleManager: Shutting down and abandoning module Settings (58)
[2017.11.04-15.38.48:711][ 71]LogModuleManager: Shutting down and abandoning module OculusRift (56)
[2017.11.04-15.38.48:711][ 71]LogModuleManager: Shutting down and abandoning module GearVRController (54)
[2017.11.04-15.38.48:711][ 71]LogModuleManager: Shutting down and abandoning module GearVR (52)
[2017.11.04-15.38.48:711][ 71]LogModuleManager: Shutting down and abandoning module ExampleDeviceProfileSelector (50)
[2017.11.04-15.38.48:711][ 71]LogModuleManager: Shutting down and abandoning module OnlineBlueprintSupport (48)
[2017.11.04-15.38.48:711][ 71]LogModuleManager: Shutting down and abandoning module OnlineSubsystem (44)
[2017.11.04-15.38.48:711][ 71]LogOnline:Display: Unloading online subsystem: NULL
[2017.11.04-15.38.48:711][ 71]LogModuleManager: Shutting down and abandoning module XMPP (43)
[2017.11.04-15.38.48:711][ 71]LogModuleManager: Shutting down and abandoning module HTTP (41)
[2017.11.04-15.38.48:711][ 71]LogHttp:Display: Http module shutting down, but needs to wait on 1 outstanding Http requests:
[2017.11.04-15.38.48:711][ 71]LogHttp:Display: 	verb=[POST] url=[https://datarouter.ol.epicgames.com/datarouter/api/v1/public/data?SessionID=%7B89DF51D9-4D91-3F2E-B3BF-B7A1C6BF4B0C%7D&AppID=UEEditor.Rocket.Release&AppVersion=4.16.1-3466753%2B%2B%2BUE4%2BRelease-4.16&UserID=d98441f04ad255797ce1d6926d218bea%7C6b072b2224d540a39567896391148b54%7Ca4ff8688-4674-40be-a8b4-7a95ef2476e5&AppEnvironment=datacollector-binary&UploadType=eteventstream] status=Processing
[2017.11.04-15.38.48:720][ 71]LogModuleManager: Shutting down and abandoning module SSL (40)
[2017.11.04-15.38.48:722][ 71]LogModuleManager: Shutting down and abandoning module HTTPChunkInstaller (36)
[2017.11.04-15.38.48:722][ 71]LogModuleManager: Shutting down and abandoning module AnimationModifiers (34)
[2017.11.04-15.38.48:722][ 71]LogModuleManager: Shutting down and abandoning module PropertyEditor (33)
[2017.11.04-15.38.48:722][ 71]LogModuleManager: Shutting down and abandoning module AudioEditor (30)
[2017.11.04-15.38.48:722][ 71]LogModuleManager: Shutting down and abandoning module TextureCompressor (28)
[2017.11.04-15.38.48:722][ 71]LogModuleManager: Shutting down and abandoning module ShaderCore (26)
[2017.11.04-15.38.48:722][ 71]LogModuleManager: Shutting down and abandoning module Landscape (24)
[2017.11.04-15.38.48:722][ 71]LogModuleManager: Shutting down and abandoning module SlateRHIRenderer (22)
[2017.11.04-15.38.48:723][ 71]LogModuleManager: Shutting down and abandoning module OpenGLDrv (20)
[2017.11.04-15.38.48:723][ 71]LogModuleManager: Shutting down and abandoning module D3D11RHI (18)
[2017.11.04-15.38.48:723][ 71]LogModuleManager: Shutting down and abandoning module AnimGraphRuntime (16)
[2017.11.04-15.38.48:723][ 71]LogModuleManager: Shutting down and abandoning module Renderer (14)
[2017.11.04-15.38.48:723][ 71]LogModuleManager: Shutting down and abandoning module Engine (12)
[2017.11.04-15.38.48:723][ 71]LogModuleManager: Shutting down and abandoning module CoreUObject (10)
[2017.11.04-15.38.48:723][ 71]LogModuleManager: Shutting down and abandoning module NetworkFile (8)
[2017.11.04-15.38.48:723][ 71]LogModuleManager: Shutting down and abandoning module StreamingFile (6)
[2017.11.04-15.38.48:723][ 71]LogModuleManager: Shutting down and abandoning module SandboxFile (4)
[2017.11.04-15.38.48:723][ 71]LogModuleManager: Shutting down and abandoning module PakFile (2)
[2017.11.04-15.38.48:725][ 71]LogExit: Exiting.
[2017.11.04-15.38.48:734][ 71]Log file closed, 11/04/17 15:38:48
