Log file open, 11/04/17 15:26:30
LogInit:Display: Running engine for game: MyProject2
LogPlatformFile: Not using cached read wrapper
LogInit:Display: RandInit(73932582) SRandInit(73932582).
LogTaskGraph: Started task graph with 5 named threads and 8 total threads with 1 sets of task threads.
LogStats: Stats thread started at 0.092856
LogInit: Using libcurl 7.47.1
LogInit:  - built for x86_64-pc-win32
LogInit:  - supports SSL with OpenSSL/1.0.2g
LogInit:  - supports HTTP deflate (compression) using libz 1.2.8
LogInit:  - other features:
LogInit:      CURL_VERSION_SSL
LogInit:      CURL_VERSION_LIBZ
LogInit:      CURL_VERSION_IPV6
LogInit:      CURL_VERSION_ASYNCHDNS
LogInit:      CURL_VERSION_LARGEFILE
LogInit:      CURL_VERSION_IDN
LogInit:  CurlRequestOptions (configurable via config and command line):
LogInit:  - bVerifyPeer = false  - Libcurl will NOT verify peer certificate
LogInit:  - bUseHttpProxy = false  - Libcurl will NOT use HTTP proxy
LogInit:  - bDontReuseConnections = false  - Libcurl will reuse connections
LogInit:  - CertBundlePath = nullptr  - Libcurl will use whatever was configured at build time.
LogInit: Build: ++UE4+Release-4.16-CL-3466753
LogInit: Engine Version: 4.16.1-3466753+++UE4+Release-4.16
LogInit: Compatible Engine Version: 4.16.0-3452394+++UE4+Release-4.16
LogInit: Net CL: 3452394
LogDevObjectVersion: Number of dev versions registered: 16
LogDevObjectVersion:   Dev-Blueprints (B0D832E4-1F89-4F0D-ACCF-7EB736FD4AA2): 9
LogDevObjectVersion:   Dev-Build (E1C64328-A22C-4D53-A36C-8E866417BD8C): 0
LogDevObjectVersion:   Dev-Core (375EC13C-06E4-48FB-B500-84F0262A717E): 2
LogDevObjectVersion:   Dev-Editor (E4B068ED-F494-42E9-A231-DA0B2E46BB41): 17
LogDevObjectVersion:   Dev-Framework (CFFC743F-43B0-4480-9391-14DF171D2073): 23
LogDevObjectVersion:   Dev-Mobile (B02B49B5-BB20-44E9-A304-32B752E40360): 0
LogDevObjectVersion:   Dev-Networking (A4E4105C-59A1-49B5-A7C5-40C4547EDFEE): 0
LogDevObjectVersion:   Dev-Online (39C831C9-5AE6-47DC-9A44-9C173E1C8E7C): 0
LogDevObjectVersion:   Dev-Physics (78F01B33-EBEA-4F98-B9B4-84EACCB95AA2): 0
LogDevObjectVersion:   Dev-Platform (6631380F-2D4D-43E0-8009-CF276956A95A): 0
LogDevObjectVersion:   Dev-Rendering (12F88B9F-8875-4AFC-A67C-D90C383ABD29): 15
LogDevObjectVersion:   Dev-Sequencer (7B5AE74C-D270-4C10-A958-57980B212A5A): 4
LogDevObjectVersion:   Dev-VR (D7296918-1DD6-4BDD-9DE2-64A83CC13884): 0
LogDevObjectVersion:   Dev-LoadTimes (C2A15278-BFE7-4AFE-6C17-90FF531DF755): 1
LogDevObjectVersion:   Private-Geometry (6EACA3D4-40EC-4CC1-B786-8BED09428FC5): 1
LogDevObjectVersion:   Dev-AnimPhys (29E575DD-E0A3-4627-9D10-D276232CDCEA): 3
LogInit: Compiled (64-bit): May 31 2017 02:03:30
LogInit: Compiled with Visual C++: 19.00.24215.01
LogInit: Build Configuration: Development
LogInit: Branch Name: ++UE4+Release-4.16
LogInit: Command line: -EpicPortal 
LogInit: Base directory: C:/Program Files (x86)/Epic Games/UE_4.16/Engine/Binaries/Win64/
LogInit: Installed Engine Build: 1
LogInit: Presizing for max 8388607 objects, including 0 objects not considered by GC, pre-allocating 0 bytes for permanent pool.
LogInit: Object subsystem initialized
[2017.11.04-15.26.30:850][  0]LogInit: Selected Device Profile: [Windows]
[2017.11.04-15.26.30:850][  0]LogInit: Applying CVar settings loaded from the selected device profile: [Windows]
[2017.11.04-15.26.30:858][  0]LogInit: Computer: LAPTOP-R2G7UD2V
[2017.11.04-15.26.30:858][  0]LogInit: User: samue
[2017.11.04-15.26.30:858][  0]LogInit: CPU Page size=4096, Cores=4
[2017.11.04-15.26.30:858][  0]LogInit: High frequency timer resolution =2.531249 MHz
[2017.11.04-15.26.30:858][  0]LogMemory: Memory total: Physical=15.8GB (16GB approx)
[2017.11.04-15.26.30:858][  0]LogMemory: Platform Memory Stats for Windows
[2017.11.04-15.26.30:858][  0]LogMemory: Process Physical Memory: 271.85 MB used, 271.85 MB peak
[2017.11.04-15.26.30:858][  0]LogMemory: Process Virtual Memory: 260.81 MB used, 260.81 MB peak
[2017.11.04-15.26.30:858][  0]LogMemory: Physical Memory: 8114.88 MB used,  8096.91 MB free, 16211.78 MB total
[2017.11.04-15.26.30:858][  0]LogMemory: Virtual Memory: 642.96 MB used,  8096.91 MB free, 134217728.00 MB total
[2017.11.04-15.26.30:931][  0]LogInit: Using OS detected language (en-US).
[2017.11.04-15.26.30:931][  0]LogInit: Using OS detected locale (en-US).
[2017.11.04-15.26.30:934][  0]LogTextLocalizationManager: No specific localization for 'en-US' exists, so the 'en' localization will be used.
[2017.11.04-15.26.31:869][  0]LogD3D11RHI: D3D11 adapters:
[2017.11.04-15.26.31:908][  0]LogD3D11RHI:    0. 'NVIDIA GeForce GTX 960M' (Feature Level 11_0)
[2017.11.04-15.26.31:908][  0]LogD3D11RHI:       4065/0/8105 MB DedicatedVideo/DedicatedSystem/SharedSystem, Outputs:2, VendorId:0x10de
[2017.11.04-15.26.31:915][  0]LogD3D11RHI:    1. 'Intel(R) HD Graphics 530' (Feature Level 11_0)
[2017.11.04-15.26.31:915][  0]LogD3D11RHI:       128/0/8105 MB DedicatedVideo/DedicatedSystem/SharedSystem, Outputs:0, VendorId:0x8086
[2017.11.04-15.26.31:916][  0]LogD3D11RHI:    2. 'Microsoft Basic Render Driver' (Feature Level 11_0)
[2017.11.04-15.26.31:916][  0]LogD3D11RHI:       0/0/8105 MB DedicatedVideo/DedicatedSystem/SharedSystem, Outputs:0, VendorId:0x1414
[2017.11.04-15.26.31:916][  0]LogD3D11RHI: Chosen D3D11 Adapter: 0
[2017.11.04-15.26.31:923][  0]LogD3D11RHI: Creating new Direct3DDevice
[2017.11.04-15.26.31:924][  0]LogD3D11RHI:     GPU DeviceId: 0x139b (for the marketing name, search the web for "GPU Device Id")
[2017.11.04-15.26.31:924][  0]LogWindows: EnumDisplayDevices:
[2017.11.04-15.26.31:924][  0]LogWindows:    0. 'Intel(R) HD Graphics 530' (P:0 D:1)
[2017.11.04-15.26.31:924][  0]LogWindows:    1. 'Intel(R) HD Graphics 530' (P:1 D:1)
[2017.11.04-15.26.31:924][  0]LogWindows:    2. 'Intel(R) HD Graphics 530' (P:0 D:0)
[2017.11.04-15.26.31:924][  0]LogWindows: DebugString: PrimaryIsNotTheChoosenAdapter PrimaryIsNotTheChoosenAdapter PrimaryIsNotTheChoosenAdapter FoundDriverCount:0 
[2017.11.04-15.26.31:924][  0]LogD3D11RHI:     Adapter Name: NVIDIA GeForce GTX 960M
[2017.11.04-15.26.31:924][  0]LogD3D11RHI:   Driver Version: Unknown (internal:Unknown, unified:Unknown)
[2017.11.04-15.26.31:924][  0]LogD3D11RHI:      Driver Date: Unknown
[2017.11.04-15.26.31:924][  0]LogRHI: Texture pool is 1361 MB (70% of 1945 MB)
[2017.11.04-15.26.31:952][  0]LogD3D11RHI: Async texture creation enabled
[2017.11.04-15.26.31:962][  0]LogD3D11RHI: GPU Timing Frequency: 1000.000000 (Debug: 2 1)
[2017.11.04-15.26.31:964][  0]LogShaderCompilers: Guid format shader working directory is -47 characters bigger than the processId version (E:/Samuel/Goldsmiths/Intro to modeling and animation/Modeling project/Unreal scene/MyProject2/Intermediate/Shaders/WorkingDirectory/1616/).
[2017.11.04-15.26.31:964][  0]LogShaderCompilers: Cleaned the shader compiler working directory 'C:/Users/samue/AppData/Local/Temp/UnrealShaderWorkingDir/37FE3FEF466B1CD0D11A5E9AE46096F5/'.
[2017.11.04-15.26.31:964][  0]LogShaderCompilers:Display: Using Local Shader Compiler.
[2017.11.04-15.26.33:017][  0]LogTemp:Display: Loaded TP AllDesktopTargetPlatform
[2017.11.04-15.26.33:070][  0]LogTemp:Display: Loaded TP MacClientTargetPlatform
[2017.11.04-15.26.33:122][  0]LogTemp:Display: Loaded TP MacNoEditorTargetPlatform
[2017.11.04-15.26.33:176][  0]LogTemp:Display: Loaded TP MacServerTargetPlatform
[2017.11.04-15.26.33:229][  0]LogTemp:Display: Loaded TP MacTargetPlatform
[2017.11.04-15.26.33:281][  0]LogTemp:Display: Loaded TP WindowsClientTargetPlatform
[2017.11.04-15.26.33:334][  0]LogTemp:Display: Loaded TP WindowsNoEditorTargetPlatform
[2017.11.04-15.26.33:387][  0]LogTemp:Display: Loaded TP WindowsServerTargetPlatform
[2017.11.04-15.26.33:434][  0]LogTemp:Display: Loaded TP WindowsTargetPlatform
[2017.11.04-15.26.33:487][  0]LogTemp:Display: Loaded TP AndroidTargetPlatform
[2017.11.04-15.26.33:537][  0]LogTemp:Display: Loaded TP Android_ASTCTargetPlatform
[2017.11.04-15.26.33:590][  0]LogTemp:Display: Loaded TP Android_ATCTargetPlatform
[2017.11.04-15.26.33:642][  0]LogTemp:Display: Loaded TP Android_DXTTargetPlatform
[2017.11.04-15.26.33:693][  0]LogTemp:Display: Loaded TP Android_ETC1TargetPlatform
[2017.11.04-15.26.33:744][  0]LogTemp:Display: Loaded TP Android_ETC2TargetPlatform
[2017.11.04-15.26.33:847][  0]LogTemp:Display: Loaded TP Android_MultiTargetPlatform
[2017.11.04-15.26.33:847][  0]LogTemp:Display: Loaded TP Android_PVRTCTargetPlatform
[2017.11.04-15.26.33:890][  0]LogTemp:Display: Loaded TP HTML5TargetPlatform
[2017.11.04-15.26.33:986][  0]LogTemp:Display: Loaded TP IOSTargetPlatform
[2017.11.04-15.26.34:017][  0]LogTemp:Display: Loaded TP TVOSTargetPlatform
[2017.11.04-15.26.34:068][  0]LogTemp:Display: Loaded TP LinuxClientTargetPlatform
[2017.11.04-15.26.34:121][  0]LogTemp:Display: Loaded TP LinuxNoEditorTargetPlatform
[2017.11.04-15.26.34:172][  0]LogTemp:Display: Loaded TP LinuxServerTargetPlatform
[2017.11.04-15.26.34:225][  0]LogTemp:Display: Loaded TP LinuxTargetPlatform
[2017.11.04-15.26.34:225][  0]LogTargetPlatformManager:Display: Building Assets For Windows
[2017.11.04-15.26.34:743][  0]LogDerivedDataCache:Display: Max Cache Size: 512 MB
[2017.11.04-15.26.34:832][  0]LogDerivedDataCache: Loaded boot cache 0.09s 90MB C:/Users/samue/AppData/Local/UnrealEngine/4.16/DerivedDataCache/Boot.ddc.
[2017.11.04-15.26.34:832][  0]LogDerivedDataCache:Display: Loaded Boot cache: C:/Users/samue/AppData/Local/UnrealEngine/4.16/DerivedDataCache/Boot.ddc
[2017.11.04-15.26.34:832][  0]LogDerivedDataCache: FDerivedDataBackendGraph:  Pak pak cache file E:/Samuel/Goldsmiths/Intro to modeling and animation/Modeling project/Unreal scene/MyProject2/DerivedDataCache/DDC.ddp not found, will not use a pak cache.
[2017.11.04-15.26.34:832][  0]LogDerivedDataCache: Unable to find inner node Pak for hierarchical cache Hierarchy.
[2017.11.04-15.26.34:832][  0]LogDerivedDataCache: FDerivedDataBackendGraph:  CompressedPak pak cache file E:/Samuel/Goldsmiths/Intro to modeling and animation/Modeling project/Unreal scene/MyProject2/DerivedDataCache/Compressed.ddp not found, will not use a pak cache.
[2017.11.04-15.26.34:832][  0]LogDerivedDataCache: Unable to find inner node CompressedPak for hierarchical cache Hierarchy.
[2017.11.04-15.26.34:848][  0]LogDerivedDataCache:Display: Pak cache opened for reading ../../../Engine/DerivedDataCache/Compressed.ddp.
[2017.11.04-15.26.34:868][  0]LogDerivedDataCache: Using Local data cache path C:/Users/samue/AppData/Local/UnrealEngine/Common/DerivedDataCache: Writable
[2017.11.04-15.26.34:878][  0]LogMaterial: Verifying Global Shaders for PCD3D_SM5
[2017.11.04-15.26.34:878][  0]LogSlate: Using Freetype 2.6.0
[2017.11.04-15.26.34:879][  0]LogSlate: SlateFontCache - WITH_FREETYPE: 1, WITH_HARFBUZZ: 1
[2017.11.04-15.26.34:879][  0]LogSlate: SlateFontCache - WITH_FREETYPE: 1, WITH_HARFBUZZ: 1
[2017.11.04-15.26.35:191][  0]LogInit: Selected Device Profile: [Windows]
[2017.11.04-15.26.35:276][  0]LogContentStreaming: Texture pool size is 0.00 MB
[2017.11.04-15.26.35:442][  0]LogMeshUtilities: Using QuadricMeshReduction for automatic static mesh reduction
[2017.11.04-15.26.35:489][  0]LogSimplygon: Simplygon DLL not present - disabling.
[2017.11.04-15.26.35:539][  0]LogMeshUtilities: Using SimplygonSwarm for distributed automatic mesh merging
[2017.11.04-15.26.35:539][  0]LogMeshUtilities: No automatic skeletal mesh reduction module available
[2017.11.04-15.26.35:539][  0]LogMeshUtilities: No automatic mesh merging module available
[2017.11.04-15.26.36:127][  0]LogNetVersion: MyProject2 , NetCL: 3452394, EngineNetVer: 2, GameNetVer: 0 (Checksum: 4119263391)
[2017.11.04-15.26.36:191][  0]LogAssetRegistry: FAssetRegistry took 0.0260 seconds to start up
[2017.11.04-15.26.36:282][  0]LogPackageLocalizationCache: Processed 4 localized package path(s) for 2 prioritized culture(s) in 0.066459 seconds
[2017.11.04-15.26.36:287][  0]LogUObjectArray: 34194 objects as part of root set at end of initial load.
[2017.11.04-15.26.36:287][  0]LogUObjectAllocator: 7260424 out of 0 bytes used by permanent object pool.
[2017.11.04-15.26.36:287][  0]LogUObjectArray: CloseDisregardForGC: 0/0 objects in disregard for GC pool
[2017.11.04-15.26.36:356][  0]LogInit: WinSock: version 1.1 (2.2), MaxSocks=32767, MaxUdp=65467
[2017.11.04-15.26.38:802][  0]LogTcpMessaging: Initializing TcpMessaging bridge
[2017.11.04-15.26.38:843][  0]LogUdpMessaging: Initializing bridge on interface 0.0.0.0:0 to multicast group 230.0.0.1:6666.
[2017.11.04-15.26.39:398][  0]LogMaterial: Uniform references updated for custom material expression Custom.
[2017.11.04-15.26.39:824][  0]SourceControl: Info Source control is disabled
[2017.11.04-15.26.39:859][  0]SourceControl: Info Source control is disabled
[2017.11.04-15.26.39:910][  0]SourceControl: Info Source control is disabled
[2017.11.04-15.26.39:960][  0]SourceControl: Info Source control is disabled
[2017.11.04-15.26.40:659][  0]LogAndroidPermission: UAndroidPermissionCallbackProxy::GetInstance
[2017.11.04-15.26.41:269][  0]LogEngine: Initializing Engine...
[2017.11.04-15.26.41:270][  0]LogHMD: Failed to initialize OpenVR with code 110
[2017.11.04-15.26.41:473][  0]LogStats: UGameplayTagsManager::ConstructGameplayTagTree: Construct from data asset -  0.000 s
[2017.11.04-15.26.41:473][  0]LogStats: UGameplayTagsManager::ConstructGameplayTagTree: GameplayTagTreeChangedEvent.Broadcast -  0.000 s
[2017.11.04-15.26.41:611][  0]LogAIModule: Creating AISystem for world Untitled
[2017.11.04-15.26.41:622][  0]LogInit: XAudio2 using 'Speakers (Realtek High Definition Audio)' : 2 channels at 48 kHz using 32 bits per sample (channel mask 0x3)
[2017.11.04-15.26.41:661][  0]LogInit: FAudioDevice initialized.
[2017.11.04-15.26.41:702][  0]LogDerivedDataCache: Saved boot cache 0.04s 90MB C:/Users/samue/AppData/Local/UnrealEngine/4.16/DerivedDataCache/Boot.ddc.
[2017.11.04-15.26.41:712][  0]LogInit: Texture streaming: Enabled
[2017.11.04-15.26.41:824][  0]LogEngineSessionManager: EngineSessionManager initialized
[2017.11.04-15.26.42:072][  0]LogInit: Transaction tracking system initialized
[2017.11.04-15.26.42:420][  0]BlueprintLog: New page: Editor Load
[2017.11.04-15.26.43:464][  0]LocalizationService: Info Localization service is disabled
[2017.11.04-15.26.44:215][  0]LogConsoleResponse:Display: 
[2017.11.04-15.26.44:379][  0]LogCook:Display: Max memory allowance for cook 16384mb min free memory 0mb
[2017.11.04-15.26.44:379][  0]LogCook:Display: Mobile HDR setting 1
[2017.11.04-15.26.45:432][  0]LogFileCache: Scanning file cache for directory 'E:/Samuel/Goldsmiths/Intro to modeling and animation/Modeling project/Unreal scene/MyProject2/Content/' took 0.01s
[2017.11.04-15.26.45:481][  0]SourceControl: Info Source control is disabled
[2017.11.04-15.26.45:481][  0]Cmd: MAP LOAD FILE="../../../Engine/Content/Maps/Templates/Template_Default.umap" TEMPLATE=1 SHOWPROGRESS=1 FEATURELEVEL=3
[2017.11.04-15.26.45:481][  0]LightingResults: New page: Lighting Build
[2017.11.04-15.26.45:527][  0]MapCheck: New page: Map Check
[2017.11.04-15.26.45:527][  0]LightingResults: New page: Lighting Build
[2017.11.04-15.26.45:727][  0]LogAIModule: Creating AISystem for world Untitled_1
[2017.11.04-15.26.45:728][  0]LogActorComponent: RegisterComponentWithWorld: (/Temp/Untitled_1.Untitled_1:PersistentLevel.WorldSettings_1.StaticMeshComponent0) Trying to register component with IsPendingKill() == true. Aborting.
[2017.11.04-15.26.45:733][  0]LogEditorServer: Finished looking for orphan Actors (0.000 secs)
[2017.11.04-15.26.45:746][  0]Cmd: MAP CHECKDEP NOCLEARLOG
[2017.11.04-15.26.45:788][  0]MapCheck: Info Map check complete: 0 Error(s), 0 Warning(s), took 41.53ms to complete.
[2017.11.04-15.26.45:788][  0]LogFileHelpers: Loading map 'Template_Default' took 0.307
[2017.11.04-15.26.45:871][  0]LogWindowsTextInputMethodSystem:Display: IME system now deactivated.
[2017.11.04-15.26.45:963][  0]LogCollectionManager: Loaded 0 collections in 0.001380 seconds
[2017.11.04-15.26.46:057][  0]LogFileCache: Scanning file cache for directory 'E:/Samuel/Goldsmiths/Intro to modeling and animation/Modeling project/Unreal scene/MyProject2/Saved/Collections/' took 0.01s
[2017.11.04-15.26.46:057][  0]LogFileCache: Scanning file cache for directory 'E:/Samuel/Goldsmiths/Intro to modeling and animation/Modeling project/Unreal scene/MyProject2/Content/Developers/samue/Collections/' took 0.01s
[2017.11.04-15.26.46:057][  0]LogFileCache: Scanning file cache for directory 'E:/Samuel/Goldsmiths/Intro to modeling and animation/Modeling project/Unreal scene/MyProject2/Content/Collections/' took 0.01s
[2017.11.04-15.26.46:057][  0]LogCollectionManager: Rebuilt the GUID cache for 0 collections in 0.000002 seconds
[2017.11.04-15.26.46:067][  0]LogContentBrowser: Native class hierarchy populated in 0.0101 seconds. Added 2329 classes and 491 folders.
[2017.11.04-15.26.46:145][  0]LogContentBrowser: Native class hierarchy updated for 'WidgetCarousel' in 0.0005 seconds. Added 0 classes and 0 folders.
[2017.11.04-15.26.46:177][  0]LogContentBrowser: Native class hierarchy updated for 'AddContentDialog' in 0.0005 seconds. Added 0 classes and 0 folders.
[2017.11.04-15.26.46:226][  0]LogContentBrowser: Native class hierarchy updated for 'SceneOutliner' in 0.0006 seconds. Added 1 classes and 2 folders.
[2017.11.04-15.26.46:268][  0]LogCrashTracker: Crashtracker disabled due to settings.
[2017.11.04-15.26.46:274][  0]LogSlate: Took 0.000378 seconds to synchronously load lazily loaded font '../../../Engine/Content/Slate/Fonts/Roboto-Regular.ttf' (155K)
[2017.11.04-15.26.46:278][  0]LogSlate: Took 0.000486 seconds to synchronously load lazily loaded font '../../../Engine/Content/Slate/Fonts/Roboto-Bold.ttf' (160K)
[2017.11.04-15.26.46:287][  0]LogSlate: Took 0.000801 seconds to synchronously load lazily loaded font '../../../Engine/Content/Editor/Slate/Fonts/FontAwesome.ttf' (139K)
[2017.11.04-15.26.46:400][  0]LogRenderer: Reallocating scene render targets to support 1132x536 NumSamples 1 (Frame:1).
[2017.11.04-15.26.46:544][  0]LogUObjectGlobals:Warning: Failed to find object 'Class None.'
[2017.11.04-15.26.46:616][  0]LogContentBrowser: Native class hierarchy updated for 'HierarchicalLODOutliner' in 0.0005 seconds. Added 1 classes and 2 folders.
[2017.11.04-15.26.46:617][  0]LogLoad: (Engine Initialization) Total time: 17.30 seconds
[2017.11.04-15.26.46:617][  0]LogLoad: (Engine Initialization) Total Blueprint compile time: 0.09 seconds
[2017.11.04-15.26.46:617][  0]LogExternalProfiler: No external profilers were discovered.  External profiling features will not be available.
[2017.11.04-15.26.46:640][  0]LogOcInput: OculusInput pre-init called
[2017.11.04-15.26.46:640][  0]LogHMD: Starting GearVRController plugin
[2017.11.04-15.26.46:653][  0]LogAssetRegistry: Asset discovery search completed in 10.4843 seconds
[2017.11.04-15.26.46:654][  0]LogCollectionManager: Rebuilt the object cache for 0 collections in 0.000000 seconds (found 0 objects)
[2017.11.04-15.26.46:654][  0]LogCollectionManager: Fixed up redirectors for 0 collections in 0.000022 seconds (updated 0 objects)
[2017.11.04-15.26.46:658][  0]LogContentStreaming: Texture pool size now 1000 MB
[2017.11.04-15.26.46:727][  0]LogRenderer: Reallocating scene render targets to support 1132x556 NumSamples 1 (Frame:2).
[2017.11.04-15.26.46:727][  0]LogSlate: Took 0.000412 seconds to synchronously load lazily loaded font '../../../Engine/Content/Slate/Fonts/Roboto-Light.ttf' (159K)
[2017.11.04-15.27.02:009][898]LogSlate: Took 0.000207 seconds to synchronously load lazily loaded font '../../../Engine/Content/Editor/Slate/Fonts/Roboto-Italic.ttf' (157K)
[2017.11.04-15.27.59:076][158]MapCheck: New page: Map Check
[2017.11.04-15.27.59:102][158]LightingResults: New page: Lighting Build - Nov 4, 2017, 3:27:59 PM
[2017.11.04-15.27.59:139][158]LogSwarmInterface: [OpenConnection] Registering TCP channel ...
[2017.11.04-15.27.59:222][158]LogSwarmInterface: [OpenConnection] Connecting to agent ...
[2017.11.04-15.27.59:231][158]LogSwarmInterface: [TryOpenConnection] Testing the Agent
[2017.11.04-15.27.59:741][158]LogSwarmInterface: [TryOpenConnection] Opening Connection to Agent
[2017.11.04-15.27.59:741][158]LogSwarmInterface: [TryOpenConnection] Local Process ID is 1616
[2017.11.04-15.28.02:056][158]LogStaticLightingSystem:Warning: No importance volume found, so the scene bounding box was used.  You can optimize your scene's quality and lighting build times by adding importance volumes.
[2017.11.04-15.28.02:056][158]LogStaticLightingSystem: Running Lightmass w/ ImmediateImport mode ENABLED
[2017.11.04-15.28.02:056][158]LogStaticLightingSystem: Running Lightmass w/ ImmediateProcess mode ENABLED
[2017.11.04-15.28.02:056][158]LogStaticLightingSystem: Running Lightmass w/ Sorting mode ENABLED
[2017.11.04-15.28.02:056][158]LogStaticLightingSystem: Running Lightmass w/ Mapping paddings ENABLED
[2017.11.04-15.28.02:056][158]LogStaticLightingSystem: Running Lightmass w/ Mapping debug paddings DISABLED
[2017.11.04-15.28.02:208][158]LogEditorBuildUtils: Build time 0:03
[2017.11.04-15.28.02:226][158]LogMaterial: Missing cached shader map for material FLightmassMaterialRenderer Chair, compiling. 
[2017.11.04-15.28.02:243][158]LogMaterial: Missing cached shader map for material FLightmassMaterialRenderer Chair, compiling. 
[2017.11.04-15.28.04:049][206]Job is a success!
[2017.11.04-15.28.04:089][207]LogSlate: Took 0.000156 seconds to synchronously load lazily loaded font '../../../Engine/Content/Slate/Fonts/Roboto-Light.ttf' (159K)
[2017.11.04-15.28.04:192][207]LogTexture:Display: Building textures: LQ_Lightmap_0_1 (DXT1, 256X256)
[2017.11.04-15.28.04:192][207]LogTexture:Display: Building textures: HQ_Lightmap0_2 (AutoDXT, 64X64)
[2017.11.04-15.28.04:192][207]LogTexture:Display: Building textures: LQ_Lightmap_0_2 (DXT1, 64X64)
[2017.11.04-15.28.04:192][207]LogTexture:Display: Building textures: HQ_Lightmap0_1 (AutoDXT, 256X256)
[2017.11.04-15.28.04:192][207]LogTexture:Display: Building textures: ShadowMapTexture2D_1 (G8, 32X32)
[2017.11.04-15.28.04:192][207]LogTexture:Display: Building textures: ShadowMapTexture2D_0 (G8, 256X128)
[2017.11.04-15.28.04:222][207]Lightmass on LAPTOP-R2G7UD2V: 776 ms total, 86 ms importing, 9 ms setup, 346 ms photons, 318 ms processing, 0 ms extra exporting [3/3 mappings]. Threads: 2.07 sec total, 309 ms processing.
[2017.11.04-15.28.04:233][207]LogStaticLightingSystem: Illumination: 5.10 sec (31 ms encoding lightmaps, 17 ms encoding shadowmaps)
[2017.11.04-15.28.04:233][207]LogStaticLightingSystem: Lightmap texture memory:  0.1 MB (0.1 MB streaming, 0.0 MB non-streaming), 4 textures
[2017.11.04-15.28.04:233][207]LogStaticLightingSystem: Shadowmap texture memory: 0.0 MB (0.0 MB streaming, 0.0 MB non-streaming), 2 textures
[2017.11.04-15.28.05:061][207]DumpUnbuiltLightIteractions
[2017.11.04-15.28.05:061][207]Lights with unbuilt interactions: 0
[2017.11.04-15.28.05:061][207]
[2017.11.04-15.28.05:061][207]Primitives with unbuilt interactions: 0
[2017.11.04-15.28.05:073][208]Cmd: MAP CHECK NOTIFYRESULTS
[2017.11.04-15.28.05:073][208]MapCheck: New page: Untitled_1 - Nov 4, 2017, 3:28:05 PM
[2017.11.04-15.28.05:121][208]MapCheck: Info Map check complete: 0 Error(s), 0 Warning(s), took 47.379ms to complete.
[2017.11.04-15.28.28:283][591]LogEditorViewport: Clicking on Actor (context menu): BP_Sky_Sphere_C (Sky Sphere)
[2017.11.04-15.28.35:529][ 19]LogEditorViewport: Clicking on Actor (LMB): FbxScene_Chair_C (FbxScene_Chair)
[2017.11.04-15.28.47:069][706]LogEditorViewport: Clicking on Actor (context menu): BP_Sky_Sphere_C (Sky Sphere)
[2017.11.04-15.28.47:932][751]LogEditorViewport: Clicking on Actor (LMB): BP_Sky_Sphere_C (Sky Sphere)
[2017.11.04-15.28.57:489][192]Cmd: QUIT_EDITOR
[2017.11.04-15.28.57:512][192]LogWindowsTextInputMethodSystem:Display: IME system now deactivated.
[2017.11.04-15.28.57:524][192]LogExit: Preparing to exit.
[2017.11.04-15.28.58:017][192]LogExit: Editor shut down
[2017.11.04-15.28.58:019][192]LogExit: Transaction tracking system shut down
[2017.11.04-15.28.58:066][192]LogObj: Freed 0b from 0 cluster array pools.
[2017.11.04-15.28.58:066][192]LogExit: Object subsystem successfully closed.
[2017.11.04-15.28.58:081][192]LogD3D11RHI: Shutdown
[2017.11.04-15.28.58:081][192]LogD3D11RHI: CleanupD3DDevice
[2017.11.04-15.28.58:148][192]LogD3D11RHI: ~FD3D11DynamicRHI
[2017.11.04-15.28.58:162][192]LogModuleManager: Shutting down and abandoning module HierarchicalLODUtilities (526)
[2017.11.04-15.28.58:162][192]LogModuleManager: Shutting down and abandoning module HierarchicalLODOutliner (524)
[2017.11.04-15.28.58:162][192]LogModuleManager: Shutting down and abandoning module CrashTracker (522)
[2017.11.04-15.28.58:162][192]LogModuleManager: Shutting down and abandoning module SceneOutliner (520)
[2017.11.04-15.28.58:162][192]LogModuleManager: Shutting down and abandoning module AddContentDialog (518)
[2017.11.04-15.28.58:162][192]LogDirectoryWatcher: A directory notification for 'C:/Program Files (x86)/Epic Games/UE_4.16/FeaturePacks/' was aborted.
[2017.11.04-15.28.58:163][192]LogModuleManager: Shutting down and abandoning module WidgetCarousel (517)
[2017.11.04-15.28.58:163][192]LogModuleManager: Shutting down and abandoning module EditorWidgets (514)
[2017.11.04-15.28.58:163][192]LogModuleManager: Shutting down and abandoning module CollectionManager (512)
[2017.11.04-15.28.58:163][192]LogDirectoryWatcher: A directory notification for 'E:/Samuel/Goldsmiths/Intro to modeling and animation/Modeling project/Unreal scene/MyProject2/Content/Collections/' was aborted.
[2017.11.04-15.28.58:163][192]LogDirectoryWatcher: A directory notification for 'E:/Samuel/Goldsmiths/Intro to modeling and animation/Modeling project/Unreal scene/MyProject2/Content/Developers/samue/Collections/' was aborted.
[2017.11.04-15.28.58:163][192]LogDirectoryWatcher: A directory notification for 'E:/Samuel/Goldsmiths/Intro to modeling and animation/Modeling project/Unreal scene/MyProject2/Saved/Collections/' was aborted.
[2017.11.04-15.28.58:163][192]LogModuleManager: Shutting down and abandoning module StatsViewer (510)
[2017.11.04-15.28.58:163][192]LogModuleManager: Shutting down and abandoning module FoliageEdit (508)
[2017.11.04-15.28.58:163][192]LogModuleManager: Shutting down and abandoning module LandscapeEditor (506)
[2017.11.04-15.28.58:163][192]LogModuleManager: Shutting down and abandoning module MeshPaintMode (504)
[2017.11.04-15.28.58:163][192]LogModuleManager: Shutting down and abandoning module SceneDepthPickerMode (502)
[2017.11.04-15.28.58:163][192]LogModuleManager: Shutting down and abandoning module ActorPickerMode (500)
[2017.11.04-15.28.58:163][192]LogModuleManager: Shutting down and abandoning module GeometryMode (498)
[2017.11.04-15.28.58:163][192]LogModuleManager: Shutting down and abandoning module TextureAlignMode (496)
[2017.11.04-15.28.58:163][192]LogModuleManager: Shutting down and abandoning module BspMode (494)
[2017.11.04-15.28.58:163][192]LogModuleManager: Shutting down and abandoning module HardwareSurvey (492)
[2017.11.04-15.28.58:163][192]LogModuleManager: Shutting down and abandoning module SequenceRecorderSections (490)
[2017.11.04-15.28.58:163][192]LogModuleManager: Shutting down and abandoning module AutomationWorker (488)
[2017.11.04-15.28.58:163][192]LogModuleManager: Shutting down and abandoning module MatineeToLevelSequence (486)
[2017.11.04-15.28.58:163][192]LogModuleManager: Shutting down and abandoning module LevelSequenceEditor (484)
[2017.11.04-15.28.58:163][192]LogModuleManager: Shutting down and abandoning module PlacementMode (483)
[2017.11.04-15.28.58:163][192]LogModuleManager: Shutting down and abandoning module WmfMediaFactory (480)
[2017.11.04-15.28.58:163][192]LogModuleManager: Shutting down and abandoning module WmfMediaEditor (478)
[2017.11.04-15.28.58:163][192]LogModuleManager: Shutting down and abandoning module AvfMediaFactory (476)
[2017.11.04-15.28.58:163][192]LogModuleManager: Shutting down and abandoning module AvfMediaEditor (474)
[2017.11.04-15.28.58:163][192]LogModuleManager: Shutting down and abandoning module AndroidMediaFactory (472)
[2017.11.04-15.28.58:163][192]LogModuleManager: Shutting down and abandoning module Media (471)
[2017.11.04-15.28.58:163][192]LogModuleManager: Shutting down and abandoning module AndroidMediaEditor (468)
[2017.11.04-15.28.58:163][192]LogModuleManager: Shutting down and abandoning module CharacterAI (466)
[2017.11.04-15.28.58:163][192]LogModuleManager: Shutting down and abandoning module AudioCapture (464)
[2017.11.04-15.28.58:163][192]LogModuleManager: Shutting down and abandoning module SequenceRecorder (463)
[2017.11.04-15.28.58:163][192]LogModuleManager: Shutting down and abandoning module SmartSnapping (460)
[2017.11.04-15.28.58:163][192]LogModuleManager: Shutting down and abandoning module SessionServices (458)
[2017.11.04-15.28.58:163][192]LogModuleManager: Shutting down and abandoning module ViewportSnapping (456)
[2017.11.04-15.28.58:163][192]LogModuleManager: Shutting down and abandoning module ViewportInteraction (454)
[2017.11.04-15.28.58:163][192]LogModuleManager: Shutting down and abandoning module ClothPainter (452)
[2017.11.04-15.28.58:163][192]LogModuleManager: Shutting down and abandoning module LogVisualizer (450)
[2017.11.04-15.28.58:163][192]LogModuleManager: Shutting down and abandoning module IntroTutorials (448)
[2017.11.04-15.28.58:163][192]LogModuleManager: Shutting down and abandoning module GameProjectGeneration (447)
[2017.11.04-15.28.58:163][192]LogModuleManager: Shutting down and abandoning module EditorLiveStreaming (444)
[2017.11.04-15.28.58:163][192]LogModuleManager: Shutting down and abandoning module IOSPlatformEditor (442)
[2017.11.04-15.28.58:163][192]LogModuleManager: Shutting down and abandoning module HTML5PlatformEditor (440)
[2017.11.04-15.28.58:163][192]LogModuleManager: Shutting down and abandoning module AndroidPlatformEditor (438)
[2017.11.04-15.28.58:163][192]LogModuleManager: Shutting down and abandoning module AndroidDeviceDetection (437)
[2017.11.04-15.28.58:887][192]LogModuleManager: Shutting down and abandoning module IOSRuntimeSettings (434)
[2017.11.04-15.28.58:887][192]LogModuleManager: Shutting down and abandoning module AndroidRuntimeSettings (432)
[2017.11.04-15.28.58:887][192]LogModuleManager: Shutting down and abandoning module InputBindingEditor (430)
[2017.11.04-15.28.58:887][192]LogModuleManager: Shutting down and abandoning module MergeActors (428)
[2017.11.04-15.28.58:887][192]LogModuleManager: Shutting down and abandoning module SizeMap (426)
[2017.11.04-15.28.58:887][192]LogModuleManager: Shutting down and abandoning module TreeMap (424)
[2017.11.04-15.28.58:887][192]LogModuleManager: Shutting down and abandoning module ReferenceViewer (422)
[2017.11.04-15.28.58:887][192]LogModuleManager: Shutting down and abandoning module LocalizationDashboard (420)
[2017.11.04-15.28.58:887][192]LogModuleManager: Shutting down and abandoning module LocalizationService (419)
[2017.11.04-15.28.58:887][192]LogModuleManager: Shutting down and abandoning module HardwareTargeting (416)
[2017.11.04-15.28.58:887][192]LogModuleManager: Shutting down and abandoning module DeviceProfileEditor (414)
[2017.11.04-15.28.58:887][192]LogModuleManager: Shutting down and abandoning module UndoHistory (412)
[2017.11.04-15.28.58:887][192]LogModuleManager: Shutting down and abandoning module UserFeedback (410)
[2017.11.04-15.28.58:887][192]LogModuleManager: Shutting down and abandoning module XmlParser (408)
[2017.11.04-15.28.58:887][192]LogModuleManager: Shutting down and abandoning module Blutility (406)
[2017.11.04-15.28.58:887][192]LogModuleManager: Shutting down and abandoning module ProjectSettingsViewer (404)
[2017.11.04-15.28.58:887][192]LogModuleManager: Shutting down and abandoning module ProjectTargetPlatformEditor (403)
[2017.11.04-15.28.58:888][192]LogModuleManager: Shutting down and abandoning module EditorSettingsViewer (400)
[2017.11.04-15.28.58:888][192]LogModuleManager: Shutting down and abandoning module SettingsEditor (398)
[2017.11.04-15.28.58:888][192]LogModuleManager: Shutting down and abandoning module ProjectLauncher (396)
[2017.11.04-15.28.58:888][192]LogModuleManager: Shutting down and abandoning module SessionFrontend (394)
[2017.11.04-15.28.58:888][192]LogModuleManager: Shutting down and abandoning module ProfilerClient (392)
[2017.11.04-15.28.58:888][192]LogModuleManager: Shutting down and abandoning module DeviceManager (390)
[2017.11.04-15.28.58:888][192]LogModuleManager: Shutting down and abandoning module TargetDeviceServices (389)
[2017.11.04-15.28.58:952][192]LogModuleManager: Shutting down and abandoning module AutomationController (386)
[2017.11.04-15.28.58:952][192]LogModuleManager: Shutting down and abandoning module AutomationWindow (384)
[2017.11.04-15.28.58:952][192]LogModuleManager: Shutting down and abandoning module Layers (382)
[2017.11.04-15.28.58:952][192]LogModuleManager: Shutting down and abandoning module ComponentVisualizers (380)
[2017.11.04-15.28.58:952][192]LogModuleManager: Shutting down and abandoning module DetailCustomizations (378)
[2017.11.04-15.28.58:952][192]LogModuleManager: Shutting down and abandoning module PackagesDialog (376)
[2017.11.04-15.28.58:952][192]LogModuleManager: Shutting down and abandoning module Persona (374)
[2017.11.04-15.28.58:952][192]LogModuleManager: Shutting down and abandoning module AdvancedPreviewScene (373)
[2017.11.04-15.28.58:952][192]LogModuleManager: Shutting down and abandoning module AnimGraph (371)
[2017.11.04-15.28.58:952][192]LogModuleManager: Shutting down and abandoning module Kismet (368)
[2017.11.04-15.28.58:952][192]LogModuleManager: Shutting down and abandoning module ClassViewer (366)
[2017.11.04-15.28.58:952][192]LogModuleManager: Shutting down and abandoning module Toolbox (364)
[2017.11.04-15.28.58:952][192]LogModuleManager: Shutting down and abandoning module ModuleUI (362)
[2017.11.04-15.28.58:952][192]LogModuleManager: Shutting down and abandoning module MovieSceneTools (360)
[2017.11.04-15.28.58:953][192]LogModuleManager: Shutting down and abandoning module OutputLog (358)
[2017.11.04-15.28.58:953][192]LogModuleManager: Shutting down and abandoning module GammaUI (356)
[2017.11.04-15.28.58:953][192]LogModuleManager: Shutting down and abandoning module Documentation (354)
[2017.11.04-15.28.58:953][192]LogModuleManager: Shutting down and abandoning module MovieSceneTracks (352)
[2017.11.04-15.28.58:953][192]LogModuleManager: Shutting down and abandoning module MovieScene (350)
[2017.11.04-15.28.58:953][192]LogModuleManager: Shutting down and abandoning module Niagara (348)
[2017.11.04-15.28.58:953][192]LogModuleManager: Shutting down and abandoning module NiagaraEditor (347)
[2017.11.04-15.28.58:953][192]LogModuleManager: Shutting down and abandoning module StreamingPauseRendering (344)
[2017.11.04-15.28.58:953][192]LogModuleManager: Shutting down and abandoning module AnalyticsET (342)
[2017.11.04-15.28.58:953][192]LogModuleManager: Shutting down and abandoning module PortalServices (340)
[2017.11.04-15.28.58:953][192]LogModuleManager: Shutting down and abandoning module PortalRpc (338)
[2017.11.04-15.28.58:953][192]LogModuleManager: Shutting down and abandoning module MessagingRpc (336)
[2017.11.04-15.28.58:953][192]LogModuleManager: Shutting down and abandoning module AIModule (334)
[2017.11.04-15.28.58:953][192]LogModuleManager: Shutting down and abandoning module GameplayDebugger (333)
[2017.11.04-15.28.58:953][192]LogModuleManager: Shutting down and abandoning module AITestSuite (331)
[2017.11.04-15.28.58:953][192]LogModuleManager: Shutting down and abandoning module ProfilerService (328)
[2017.11.04-15.28.59:155][192]LogModuleManager: Shutting down and abandoning module TaskGraph (326)
[2017.11.04-15.28.59:155][192]LogModuleManager: Shutting down and abandoning module SteamVRController (324)
[2017.11.04-15.28.59:155][192]LogModuleManager: Shutting down and abandoning module SteamVR (322)
[2017.11.04-15.28.59:155][192]LogModuleManager: Shutting down and abandoning module ProceduralMeshComponentEditor (320)
[2017.11.04-15.28.59:156][192]LogModuleManager: Shutting down and abandoning module ProceduralMeshComponent (318)
[2017.11.04-15.28.59:156][192]LogModuleManager: Shutting down and abandoning module OculusLibrary (316)
[2017.11.04-15.28.59:156][192]LogModuleManager: Shutting down and abandoning module OculusInput (314)
[2017.11.04-15.28.59:156][192]LogModuleManager: Shutting down and abandoning module MobilePatchingUtils (312)
[2017.11.04-15.28.59:156][192]LogModuleManager: Shutting down and abandoning module CustomMeshComponent (310)
[2017.11.04-15.28.59:156][192]LogModuleManager: Shutting down and abandoning module CableComponent (308)
[2017.11.04-15.28.59:156][192]LogModuleManager: Shutting down and abandoning module ArchVisCharacter (306)
[2017.11.04-15.28.59:156][192]LogModuleManager: Shutting down and abandoning module AndroidPermission (304)
[2017.11.04-15.28.59:156][192]LogModuleManager: Shutting down and abandoning module MediaPlayerEditor (300)
[2017.11.04-15.28.59:156][192]LogModuleManager: Shutting down and abandoning module HTML5Networking (298)
[2017.11.04-15.28.59:156][192]LogModuleManager: Shutting down and abandoning module AlembicImporter (296)
[2017.11.04-15.28.59:156][192]LogModuleManager: Shutting down and abandoning module AlembicLibrary (295)
[2017.11.04-15.28.59:156][192]LogModuleManager: Shutting down and abandoning module GeometryCache (294)
[2017.11.04-15.28.59:156][192]LogModuleManager: Shutting down and abandoning module GeometryCacheEd (293)
[2017.11.04-15.28.59:156][192]LogModuleManager: Shutting down and abandoning module SuperSearchEditor (288)
[2017.11.04-15.28.59:156][192]LogModuleManager: Shutting down and abandoning module SuperSearch (287)
[2017.11.04-15.28.59:156][192]LogModuleManager: Shutting down and abandoning module SpeedTreeImporter (284)
[2017.11.04-15.28.59:156][192]LogModuleManager: Shutting down and abandoning module PluginBrowser (282)
[2017.11.04-15.28.59:156][192]LogModuleManager: Shutting down and abandoning module MobileLauncherProfileWizard (280)
[2017.11.04-15.28.59:156][192]LogModuleManager: Shutting down and abandoning module VisualStudioSourceCodeAccess (278)
[2017.11.04-15.28.59:156][192]LogModuleManager: Shutting down and abandoning module DesktopPlatform (277)
[2017.11.04-15.28.59:156][192]LogModuleManager: Shutting down and abandoning module UObjectPlugin (274)
[2017.11.04-15.28.59:156][192]LogModuleManager: Shutting down and abandoning module SubversionSourceControl (272)
[2017.11.04-15.28.59:156][192]LogModuleManager: Shutting down and abandoning module PerforceSourceControl (270)
[2017.11.04-15.28.59:156][192]LogModuleManager: Shutting down and abandoning module GitSourceControl (268)
[2017.11.04-15.28.59:156][192]LogModuleManager: Shutting down and abandoning module SourceControl (267)
[2017.11.04-15.28.59:156][192]LogModuleManager: Shutting down and abandoning module LightPropagationVolumeEditor (264)
[2017.11.04-15.28.59:156][192]LogModuleManager: Shutting down and abandoning module PaperTiledImporter (262)
[2017.11.04-15.28.59:156][192]LogModuleManager: Shutting down and abandoning module PaperSpriteSheetImporter (260)
[2017.11.04-15.28.59:156][192]LogModuleManager: Shutting down and abandoning module Paper2DEditor (258)
[2017.11.04-15.28.59:156][192]LogModuleManager: Shutting down and abandoning module MeshPaint (257)
[2017.11.04-15.28.59:156][192]LogModuleManager: Shutting down and abandoning module LevelEditor (255)
[2017.11.04-15.28.59:157][192]LogModuleManager: Shutting down and abandoning module PixelInspectorModule (254)
[2017.11.04-15.28.59:157][192]LogModuleManager: Shutting down and abandoning module MainFrame (252)
[2017.11.04-15.28.59:157][192]LogModuleManager: Shutting down and abandoning module HotReload (251)
[2017.11.04-15.28.59:158][192]LogModuleManager: Shutting down and abandoning module PhysXVehiclesEditor (246)
[2017.11.04-15.28.59:158][192]LogModuleManager: Shutting down and abandoning module PhysXVehicles (244)
[2017.11.04-15.28.59:158][192]LogModuleManager: Shutting down and abandoning module LocationServicesBPLibrary (242)
[2017.11.04-15.28.59:158][192]LogModuleManager: Shutting down and abandoning module ImmediatePhysicsEditor (240)
[2017.11.04-15.28.59:158][192]LogModuleManager: Shutting down and abandoning module ImmediatePhysics (238)
[2017.11.04-15.28.59:158][192]LogModuleManager: Shutting down and abandoning module UdpMessaging (236)
[2017.11.04-15.28.59:259][192]LogModuleManager: Shutting down and abandoning module TcpMessaging (234)
[2017.11.04-15.28.59:360][192]LogModuleManager: Shutting down and abandoning module GameplayTagsEditor (232)
[2017.11.04-15.28.59:360][192]LogModuleManager: Shutting down and abandoning module FacialAnimationEditor (230)
[2017.11.04-15.28.59:360][192]LogModuleManager: Shutting down and abandoning module FacialAnimation (228)
[2017.11.04-15.28.59:360][192]LogModuleManager: Shutting down and abandoning module AssetManagerEditor (226)
[2017.11.04-15.28.59:360][192]LogModuleManager: Shutting down and abandoning module GraphEditor (225)
[2017.11.04-15.28.59:360][192]LogModuleManager: Shutting down and abandoning module ContentBrowser (223)
[2017.11.04-15.28.59:360][192]LogModuleManager: Shutting down and abandoning module LightPropagationVolumeRuntime (220)
[2017.11.04-15.28.59:360][192]LogModuleManager: Shutting down and abandoning module Paper2D (218)
[2017.11.04-15.28.59:361][192]LogModuleManager: Shutting down and abandoning module WindowsMoviePlayer (216)
[2017.11.04-15.28.59:361][192]LogModuleManager: Shutting down and abandoning module WmfMedia (214)
[2017.11.04-15.28.59:361][192]LogModuleManager: Shutting down and abandoning module ClothingSystemEditor (212)
[2017.11.04-15.28.59:361][192]LogModuleManager: Shutting down and abandoning module ClothingSystemRuntime (210)
[2017.11.04-15.28.59:361][192]LogModuleManager: Shutting down and abandoning module MediaAssets (208)
[2017.11.04-15.28.59:361][192]LogModuleManager: Shutting down and abandoning module GameLiveStreaming (206)
[2017.11.04-15.28.59:361][192]LogModuleManager: Shutting down and abandoning module VREditor (204)
[2017.11.04-15.28.59:361][192]LogModuleManager: Shutting down and abandoning module StringTableEditor (202)
[2017.11.04-15.28.59:361][192]LogModuleManager: Shutting down and abandoning module GameplayTasksEditor (200)
[2017.11.04-15.28.59:361][192]LogModuleManager: Shutting down and abandoning module BehaviorTreeEditor (198)
[2017.11.04-15.28.59:361][192]LogModuleManager: Shutting down and abandoning module FunctionalTesting (196)
[2017.11.04-15.28.59:361][192]LogModuleManager: Shutting down and abandoning module CollisionAnalyzer (194)
[2017.11.04-15.28.59:361][192]LogModuleManager: Shutting down and abandoning module UMG (192)
[2017.11.04-15.28.59:361][192]LogModuleManager: Shutting down and abandoning module UMGEditor (191)
[2017.11.04-15.28.59:361][192]LogModuleManager: Shutting down and abandoning module Sequencer (190)
[2017.11.04-15.28.59:361][192]LogModuleManager: Shutting down and abandoning module AssetTools (188)
[2017.11.04-15.28.59:361][192]LogModuleManager: Shutting down and abandoning module MessageLog (187)
[2017.11.04-15.28.59:361][192]LogModuleManager: Shutting down and abandoning module WorkspaceMenuStructure (186)
[2017.11.04-15.28.59:361][192]LogModuleManager: Shutting down and abandoning module SlateReflector (180)
[2017.11.04-15.28.59:361][192]LogModuleManager: Shutting down and abandoning module Slate (178)
[2017.11.04-15.28.59:361][192]LogModuleManager: Shutting down and abandoning module EditorStyle (176)
[2017.11.04-15.28.59:363][192]LogModuleManager: Shutting down and abandoning module SourceCodeAccess (174)
[2017.11.04-15.28.59:363][192]LogModuleManager: Shutting down and abandoning module HeadMountedDisplay (172)
[2017.11.04-15.28.59:363][192]LogModuleManager: Shutting down and abandoning module XAudio2 (170)
[2017.11.04-15.28.59:363][192]LogModuleManager: Shutting down and abandoning module Networking (168)
[2017.11.04-15.28.59:363][192]LogModuleManager: Shutting down and abandoning module Core (164)
[2017.11.04-15.28.59:363][192]LogModuleManager: Shutting down and abandoning module AssetRegistry (162)
[2017.11.04-15.28.59:487][192]LogDirectoryWatcher: A directory notification for '../../../Engine/Content/' was aborted.
[2017.11.04-15.28.59:488][192]LogDirectoryWatcher: A directory notification for 'E:/Samuel/Goldsmiths/Intro to modeling and animation/Modeling project/Unreal scene/MyProject2/Content/' was aborted.
[2017.11.04-15.28.59:488][192]LogDirectoryWatcher: A directory notification for '../../../Engine/Plugins/2D/Paper2D/Content/' was aborted.
[2017.11.04-15.28.59:488][192]LogDirectoryWatcher: A directory notification for '../../../Engine/Plugins/Runtime/GearVR/Content/' was aborted.
[2017.11.04-15.28.59:489][192]LogModuleManager: Shutting down and abandoning module DirectoryWatcher (161)
[2017.11.04-15.28.59:490][192]LogModuleManager: Shutting down and abandoning module KismetCompiler (158)
[2017.11.04-15.28.59:490][192]LogModuleManager: Shutting down and abandoning module LevelSequence (156)
[2017.11.04-15.28.59:490][192]LogModuleManager: Shutting down and abandoning module PhysXFormats (154)
[2017.11.04-15.28.59:490][192]LogModuleManager: Shutting down and abandoning module MeshUtilities (152)
[2017.11.04-15.28.59:490][192]LogModuleManager: Shutting down and abandoning module SimplygonSwarm (151)
[2017.11.04-15.28.59:490][192]LogModuleManager: Shutting down and abandoning module SimplygonMeshReduction (149)
[2017.11.04-15.28.59:490][192]LogModuleManager: Shutting down and abandoning module QuadricMeshReduction (147)
[2017.11.04-15.28.59:490][192]LogModuleManager: Shutting down and abandoning module DerivedDataCache (144)
[2017.11.04-15.28.59:516][192]LogDerivedDataCache: Shutdown
[2017.11.04-15.28.59:516][192]LogModuleManager: Shutting down and abandoning module TargetPlatform (142)
[2017.11.04-15.28.59:516][192]LogModuleManager: Shutting down and abandoning module VulkanShaderFormat (141)
[2017.11.04-15.28.59:516][192]LogModuleManager: Shutting down and abandoning module ShaderFormatVectorVM (139)
[2017.11.04-15.28.59:516][192]LogModuleManager: Shutting down and abandoning module ShaderFormatOpenGL (137)
[2017.11.04-15.28.59:516][192]LogModuleManager: Shutting down and abandoning module ShaderFormatD3D (135)
[2017.11.04-15.28.59:516][192]LogModuleManager: Shutting down and abandoning module MetalShaderFormat (133)
[2017.11.04-15.28.59:516][192]LogModuleManager: Shutting down and abandoning module TextureFormatUncompressed (131)
[2017.11.04-15.28.59:516][192]LogModuleManager: Shutting down and abandoning module TextureFormatPVR (129)
[2017.11.04-15.28.59:516][192]LogModuleManager: Shutting down and abandoning module TextureFormatDXT (127)
[2017.11.04-15.28.59:516][192]LogModuleManager: Shutting down and abandoning module TextureFormatIntelISPCTexComp (125)
[2017.11.04-15.28.59:516][192]LogModuleManager: Shutting down and abandoning module TextureFormatASTC (123)
[2017.11.04-15.28.59:516][192]LogModuleManager: Shutting down and abandoning module ImageWrapper (122)
[2017.11.04-15.28.59:516][192]LogModuleManager: Shutting down and abandoning module TextureFormatAndroid (119)
[2017.11.04-15.28.59:516][192]LogModuleManager: Shutting down and abandoning module AudioFormatOpus (117)
[2017.11.04-15.28.59:516][192]LogModuleManager: Shutting down and abandoning module AudioFormatOgg (115)
[2017.11.04-15.28.59:516][192]LogModuleManager: Shutting down and abandoning module AudioFormatADPCM (113)
[2017.11.04-15.28.59:516][192]LogModuleManager: Shutting down and abandoning module LinuxTargetPlatform (111)
[2017.11.04-15.28.59:516][192]LogModuleManager: Shutting down and abandoning module LinuxServerTargetPlatform (109)
[2017.11.04-15.28.59:516][192]LogModuleManager: Shutting down and abandoning module LinuxNoEditorTargetPlatform (107)
[2017.11.04-15.28.59:516][192]LogModuleManager: Shutting down and abandoning module LinuxClientTargetPlatform (105)
[2017.11.04-15.28.59:516][192]LogModuleManager: Shutting down and abandoning module TVOSTargetPlatform (103)
[2017.11.04-15.28.59:516][192]LogModuleManager: Shutting down and abandoning module Messaging (101)
[2017.11.04-15.28.59:516][192]LogModuleManager: Shutting down and abandoning module IOSTargetPlatform (99)
[2017.11.04-15.28.59:516][192]LogModuleManager: Shutting down and abandoning module HTML5TargetPlatform (97)
[2017.11.04-15.28.59:516][192]LogModuleManager: Shutting down and abandoning module Android_PVRTCTargetPlatform (95)
[2017.11.04-15.28.59:516][192]LogModuleManager: Shutting down and abandoning module Android_MultiTargetPlatform (93)
[2017.11.04-15.28.59:516][192]LogModuleManager: Shutting down and abandoning module Android_ETC2TargetPlatform (91)
[2017.11.04-15.28.59:516][192]LogModuleManager: Shutting down and abandoning module Android_ETC1TargetPlatform (89)
[2017.11.04-15.28.59:516][192]LogModuleManager: Shutting down and abandoning module Android_DXTTargetPlatform (87)
[2017.11.04-15.28.59:516][192]LogModuleManager: Shutting down and abandoning module Android_ATCTargetPlatform (85)
[2017.11.04-15.28.59:516][192]LogModuleManager: Shutting down and abandoning module Android_ASTCTargetPlatform (83)
[2017.11.04-15.28.59:516][192]LogModuleManager: Shutting down and abandoning module AndroidTargetPlatform (81)
[2017.11.04-15.28.59:516][192]LogModuleManager: Shutting down and abandoning module WindowsTargetPlatform (79)
[2017.11.04-15.28.59:516][192]LogModuleManager: Shutting down and abandoning module WindowsServerTargetPlatform (77)
[2017.11.04-15.28.59:516][192]LogModuleManager: Shutting down and abandoning module WindowsNoEditorTargetPlatform (75)
[2017.11.04-15.28.59:516][192]LogModuleManager: Shutting down and abandoning module WindowsClientTargetPlatform (73)
[2017.11.04-15.28.59:516][192]LogModuleManager: Shutting down and abandoning module MacTargetPlatform (71)
[2017.11.04-15.28.59:516][192]LogModuleManager: Shutting down and abandoning module MacServerTargetPlatform (69)
[2017.11.04-15.28.59:516][192]LogModuleManager: Shutting down and abandoning module MacNoEditorTargetPlatform (67)
[2017.11.04-15.28.59:516][192]LogModuleManager: Shutting down and abandoning module MacClientTargetPlatform (65)
[2017.11.04-15.28.59:516][192]LogModuleManager: Shutting down and abandoning module AllDesktopTargetPlatform (63)
[2017.11.04-15.28.59:516][192]LogModuleManager: Shutting down and abandoning module InputCore (60)
[2017.11.04-15.28.59:516][192]LogModuleManager: Shutting down and abandoning module Settings (58)
[2017.11.04-15.28.59:516][192]LogModuleManager: Shutting down and abandoning module OculusRift (56)
[2017.11.04-15.28.59:516][192]LogModuleManager: Shutting down and abandoning module GearVRController (54)
[2017.11.04-15.28.59:516][192]LogModuleManager: Shutting down and abandoning module GearVR (52)
[2017.11.04-15.28.59:516][192]LogModuleManager: Shutting down and abandoning module ExampleDeviceProfileSelector (50)
[2017.11.04-15.28.59:516][192]LogModuleManager: Shutting down and abandoning module OnlineBlueprintSupport (48)
[2017.11.04-15.28.59:516][192]LogModuleManager: Shutting down and abandoning module OnlineSubsystem (44)
[2017.11.04-15.28.59:516][192]LogOnline:Display: Unloading online subsystem: NULL
[2017.11.04-15.28.59:516][192]LogModuleManager: Shutting down and abandoning module XMPP (43)
[2017.11.04-15.28.59:516][192]LogModuleManager: Shutting down and abandoning module HTTP (41)
[2017.11.04-15.28.59:516][192]LogHttp:Display: Http module shutting down, but needs to wait on 1 outstanding Http requests:
[2017.11.04-15.28.59:516][192]LogHttp:Display: 	verb=[POST] url=[https://datarouter.ol.epicgames.com/datarouter/api/v1/public/data?SessionID=%7BE57B128C-44FA-75BC-8518-0F8C4116DEBE%7D&AppID=UEEditor.Rocket.Release&AppVersion=4.16.1-3466753%2B%2B%2BUE4%2BRelease-4.16&UserID=d98441f04ad255797ce1d6926d218bea%7C6b072b2224d540a39567896391148b54%7Ca4ff8688-4674-40be-a8b4-7a95ef2476e5&AppEnvironment=datacollector-binary&UploadType=eteventstream] status=Processing
[2017.11.04-15.28.59:526][192]LogModuleManager: Shutting down and abandoning module SSL (40)
[2017.11.04-15.28.59:527][192]LogModuleManager: Shutting down and abandoning module HTTPChunkInstaller (36)
[2017.11.04-15.28.59:527][192]LogModuleManager: Shutting down and abandoning module AnimationModifiers (34)
[2017.11.04-15.28.59:527][192]LogModuleManager: Shutting down and abandoning module PropertyEditor (33)
[2017.11.04-15.28.59:527][192]LogModuleManager: Shutting down and abandoning module AudioEditor (30)
[2017.11.04-15.28.59:527][192]LogModuleManager: Shutting down and abandoning module TextureCompressor (28)
[2017.11.04-15.28.59:527][192]LogModuleManager: Shutting down and abandoning module ShaderCore (26)
[2017.11.04-15.28.59:527][192]LogModuleManager: Shutting down and abandoning module Landscape (24)
[2017.11.04-15.28.59:527][192]LogModuleManager: Shutting down and abandoning module SlateRHIRenderer (22)
[2017.11.04-15.28.59:528][192]LogModuleManager: Shutting down and abandoning module OpenGLDrv (20)
[2017.11.04-15.28.59:528][192]LogModuleManager: Shutting down and abandoning module D3D11RHI (18)
[2017.11.04-15.28.59:528][192]LogModuleManager: Shutting down and abandoning module AnimGraphRuntime (16)
[2017.11.04-15.28.59:528][192]LogModuleManager: Shutting down and abandoning module Renderer (14)
[2017.11.04-15.28.59:528][192]LogModuleManager: Shutting down and abandoning module Engine (12)
[2017.11.04-15.28.59:528][192]LogModuleManager: Shutting down and abandoning module CoreUObject (10)
[2017.11.04-15.28.59:528][192]LogModuleManager: Shutting down and abandoning module NetworkFile (8)
[2017.11.04-15.28.59:528][192]LogModuleManager: Shutting down and abandoning module StreamingFile (6)
[2017.11.04-15.28.59:528][192]LogModuleManager: Shutting down and abandoning module SandboxFile (4)
[2017.11.04-15.28.59:528][192]LogModuleManager: Shutting down and abandoning module PakFile (2)
[2017.11.04-15.28.59:529][192]LogExit: Exiting.
[2017.11.04-15.28.59:536][192]Log file closed, 11/04/17 15:28:59
